
     coordinates at iteration   0


ATOMIC_POSITIONS (angstrom)
H        0.000000000   0.000000000   0.000000000    0   0   0
H        1.747939860   0.000000000   0.000000000
H        3.000000000   0.000000000   0.000000000    0   0   0



     Parallelization info
     --------------------
     sticks:   dense  smooth     PW     G-vecs:    dense   smooth      PW
     Min         425     339     84                 8541     6100     764
     Max         427     340     85                 8542     6101     765
     Sum        1703    1359    337                34165    24401    3057



     bravais-lattice index     =            0
     lattice parameter (alat)  =      22.6767  a.u.
     unit-cell volume          =    2024.5037 (a.u.)^3
     number of atoms/cell      =            3
     number of atomic types    =            1
     number of electrons       =         3.00
     number of Kohn-Sham states=            6
     kinetic-energy cutoff     =      20.0000  Ry
     charge density cutoff     =     100.0000  Ry
     convergence threshold     =      1.0E-08
     mixing beta               =       0.3000
     number of iterations used =            8  plain     mixing
     Exchange-correlation      = PBE ( 1  4  3  4 0 0)
     nstep                     =           50


     celldm(1)=  22.676714  celldm(2)=   0.000000  celldm(3)=   0.000000
     celldm(4)=   0.000000  celldm(5)=   0.000000  celldm(6)=   0.000000

     crystal axes: (cart. coord. in units of alat)
               a(1) = (   1.000000   0.000000   0.000000 )  
               a(2) = (   0.000000   0.416667   0.000000 )  
               a(3) = (   0.000000   0.000000   0.416667 )  

     reciprocal axes: (cart. coord. in units 2 pi/alat)
               b(1) = (  1.000000  0.000000  0.000000 )  
               b(2) = (  0.000000  2.399998  0.000000 )  
               b(3) = (  0.000000  0.000000  2.399998 )  


     PseudoPot. # 1 for H  read from file:
     /home/xing/espresso/pseudo/H.pbe-rrkjus_psl.1.0.0.UPF
     MD5 check sum: 3f4114867bd07edc7f1424d066fc1888
     Pseudo is Ultrasoft, Zval =  1.0
     Generated using "atomic" code by A. Dal Corso v.6.3MaX
     Using radial grid of  929 points,  2 beta functions with: 
                l(1) =   0
                l(2) =   0
     Q(r) pseudized with 0 coefficients 


     atomic species   valence    mass     pseudopotential
        H              1.00     1.00800     H ( 1.00)

     Starting magnetic structure 
     atomic species   magnetization
        H            0.500

      8 Sym. Ops. (no inversion) found


                                    s                        frac. trans.

      isym =  1     identity                                     

 cryst.   s( 1) = (     1          0          0      )
                  (     0          1          0      )
                  (     0          0          1      )

 cart.    s( 1) = (  1.0000000  0.0000000  0.0000000 )
                  (  0.0000000  1.0000000  0.0000000 )
                  (  0.0000000  0.0000000  1.0000000 )


      isym =  2     180 deg rotation - cart. axis [1,0,0]        

 cryst.   s( 2) = (     1          0          0      )
                  (     0         -1          0      )
                  (     0          0         -1      )

 cart.    s( 2) = (  1.0000000  0.0000000  0.0000000 )
                  (  0.0000000 -1.0000000  0.0000000 )
                  (  0.0000000  0.0000000 -1.0000000 )


      isym =  3      90 deg rotation - cart. axis [-1,0,0]       

 cryst.   s( 3) = (     1          0          0      )
                  (     0          0         -1      )
                  (     0          1          0      )

 cart.    s( 3) = (  1.0000000  0.0000000  0.0000000 )
                  (  0.0000000  0.0000000  1.0000000 )
                  (  0.0000000 -1.0000000  0.0000000 )


      isym =  4      90 deg rotation - cart. axis [1,0,0]        

 cryst.   s( 4) = (     1          0          0      )
                  (     0          0          1      )
                  (     0         -1          0      )

 cart.    s( 4) = (  1.0000000  0.0000000  0.0000000 )
                  (  0.0000000  0.0000000 -1.0000000 )
                  (  0.0000000  1.0000000  0.0000000 )


      isym =  5     inv. 180 deg rotation - cart. axis [0,0,1]   

 cryst.   s( 5) = (     1          0          0      )
                  (     0          1          0      )
                  (     0          0         -1      )

 cart.    s( 5) = (  1.0000000  0.0000000  0.0000000 )
                  (  0.0000000  1.0000000  0.0000000 )
                  (  0.0000000  0.0000000 -1.0000000 )


      isym =  6     inv. 180 deg rotation - cart. axis [0,1,0]   

 cryst.   s( 6) = (     1          0          0      )
                  (     0         -1          0      )
                  (     0          0          1      )

 cart.    s( 6) = (  1.0000000  0.0000000  0.0000000 )
                  (  0.0000000 -1.0000000  0.0000000 )
                  (  0.0000000  0.0000000  1.0000000 )


      isym =  7     inv. 180 deg rotation - cart. axis [0,1,1]   

 cryst.   s( 7) = (     1          0          0      )
                  (     0          0         -1      )
                  (     0         -1          0      )

 cart.    s( 7) = (  1.0000000  0.0000000  0.0000000 )
                  (  0.0000000  0.0000000 -1.0000000 )
                  (  0.0000000 -1.0000000  0.0000000 )


      isym =  8     inv. 180 deg rotation - cart. axis [0,1,-1]  

 cryst.   s( 8) = (     1          0          0      )
                  (     0          0          1      )
                  (     0          1          0      )

 cart.    s( 8) = (  1.0000000  0.0000000  0.0000000 )
                  (  0.0000000  0.0000000  1.0000000 )
                  (  0.0000000  1.0000000  0.0000000 )


   Cartesian axes

     site n.     atom                  positions (alat units)
         1           H   tau(   1) = (   0.0000000   0.0000000   0.0000000  )
         2           H   tau(   2) = (   0.1456617   0.0000000   0.0000000  )
         3           H   tau(   3) = (   0.2500000   0.0000000   0.0000000  )

   Crystallographic axes

     site n.     atom                  positions (cryst. coord.)
         1           H   tau(   1) = (  0.0000000  0.0000000  0.0000000  )
         2           H   tau(   2) = (  0.1456617  0.0000000  0.0000000  )
         3           H   tau(   3) = (  0.2500000  0.0000000  0.0000000  )

     number of k points=     1  gaussian smearing, width (Ry)=  0.0300
                       cart. coord. in units 2pi/alat
        k(    1) = (   0.0000000   0.0000000   0.0000000), wk =   1.0000000

                       cryst. coord.
        k(    1) = (   0.0000000   0.0000000   0.0000000), wk =   1.0000000

     Dense  grid:    34165 G-vectors     FFT dimensions: (  80,  32,  32)

     Smooth grid:    24401 G-vectors     FFT dimensions: (  72,  27,  27)

     Dynamical RAM for                 wfc:       0.07 MB

     Dynamical RAM for     wfc (w. buffer):       0.21 MB

     Dynamical RAM for           str. fact:       0.13 MB

     Dynamical RAM for           local pot:       0.02 MB

     Dynamical RAM for          nlocal pot:       0.07 MB

     Dynamical RAM for                qrad:       0.08 MB

     Dynamical RAM for          rho,v,vnew:       1.72 MB

     Dynamical RAM for               rhoin:       0.57 MB

     Dynamical RAM for            rho*nmix:       4.17 MB

     Dynamical RAM for           G-vectors:       0.54 MB

     Dynamical RAM for          h,s,v(r/c):       0.03 MB

     Dynamical RAM for          <psi|beta>:       0.00 MB

     Dynamical RAM for                 psi:       0.28 MB

     Dynamical RAM for                hpsi:       0.28 MB

     Dynamical RAM for                spsi:       0.28 MB

     Dynamical RAM for      wfcinit/wfcrot:       0.14 MB

     Dynamical RAM for           addusdens:       1.30 MB

     Dynamical RAM for          addusforce:       1.83 MB

     Estimated static dynamical RAM per process >       8.71 MB

     Estimated max dynamical RAM per process >      10.53 MB

     Estimated total dynamical RAM >      42.12 MB
     Generating pointlists ...

     Initial potential from superposition of free atoms

     starting charge    2.99997, renormalised to    3.00000

     negative rho (up, down):  4.102E-03 0.000E+00
     Starting wfcs are    3 randomized atomic wfcs +    3 random wfcs

     total cpu time spent up to now is        3.4 secs

     Self-consistent Calculation

     iteration #  1     ecut=    20.00 Ry     beta= 0.30
     Davidson diagonalization with overlap
     ethr =  1.00E-02,  avg # of iterations =  5.0

     Threshold (ethr) on eigenvalues was too large:
     Diagonalizing with lowered threshold

     Davidson diagonalization with overlap
     ethr =  8.07E-04,  avg # of iterations =  1.0

     negative rho (up, down):  4.316E-03 4.141E-02

     total cpu time spent up to now is        3.5 secs

     total energy              =      -3.17700135 Ry
     Harris-Foulkes estimate   =      -3.16444154 Ry
     estimated scf accuracy    <       0.02443886 Ry

     total magnetization       =     1.00 Bohr mag/cell
     absolute magnetization    =     1.02 Bohr mag/cell

     iteration #  2     ecut=    20.00 Ry     beta= 0.30
     Davidson diagonalization with overlap
     ethr =  8.15E-04,  avg # of iterations =  1.0

     negative rho (up, down):  4.547E-03 1.038E-01

     total cpu time spent up to now is        3.5 secs

     total energy              =      -3.19220933 Ry
     Harris-Foulkes estimate   =      -3.17809111 Ry
     estimated scf accuracy    <       0.01000396 Ry

     total magnetization       =     1.00 Bohr mag/cell
     absolute magnetization    =     1.03 Bohr mag/cell

     iteration #  3     ecut=    20.00 Ry     beta= 0.30
     Davidson diagonalization with overlap
     ethr =  3.33E-04,  avg # of iterations =  1.0

     negative rho (up, down):  4.615E-03 1.325E-01

     total cpu time spent up to now is        3.5 secs

     total energy              =      -3.19775324 Ry
     Harris-Foulkes estimate   =      -3.19446909 Ry
     estimated scf accuracy    <       0.00111537 Ry

     total magnetization       =     1.00 Bohr mag/cell
     absolute magnetization    =     1.08 Bohr mag/cell

     iteration #  4     ecut=    20.00 Ry     beta= 0.30
     Davidson diagonalization with overlap
     ethr =  3.72E-05,  avg # of iterations =  3.0

     negative rho (up, down):  4.633E-03 1.550E-01

     total cpu time spent up to now is        3.6 secs

     total energy              =      -3.19931722 Ry
     Harris-Foulkes estimate   =      -3.19810513 Ry
     estimated scf accuracy    <       0.00027473 Ry

     total magnetization       =     1.00 Bohr mag/cell
     absolute magnetization    =     1.11 Bohr mag/cell

     iteration #  5     ecut=    20.00 Ry     beta= 0.30
     Davidson diagonalization with overlap
     ethr =  9.16E-06,  avg # of iterations =  2.0

     negative rho (up, down):  4.639E-03 1.679E-01

     total cpu time spent up to now is        3.6 secs

     total energy              =      -3.19979118 Ry
     Harris-Foulkes estimate   =      -3.19958511 Ry
     estimated scf accuracy    <       0.00004518 Ry

     total magnetization       =     1.00 Bohr mag/cell
     absolute magnetization    =     1.13 Bohr mag/cell

     iteration #  6     ecut=    20.00 Ry     beta= 0.30
     Davidson diagonalization with overlap
     ethr =  1.51E-06,  avg # of iterations =  2.5

     negative rho (up, down):  4.673E-03 1.678E-01

     total cpu time spent up to now is        3.7 secs

     total energy              =      -3.19989866 Ry
     Harris-Foulkes estimate   =      -3.19992105 Ry
     estimated scf accuracy    <       0.00000540 Ry

     total magnetization       =     1.00 Bohr mag/cell
     absolute magnetization    =     1.16 Bohr mag/cell

     iteration #  7     ecut=    20.00 Ry     beta= 0.30
     Davidson diagonalization with overlap
     ethr =  1.80E-07,  avg # of iterations =  2.0

     negative rho (up, down):  4.703E-03 1.675E-01

     total cpu time spent up to now is        3.7 secs

     total energy              =      -3.19988921 Ry
     Harris-Foulkes estimate   =      -3.19990217 Ry
     estimated scf accuracy    <       0.00000124 Ry

     total magnetization       =     1.00 Bohr mag/cell
     absolute magnetization    =     1.16 Bohr mag/cell

     iteration #  8     ecut=    20.00 Ry     beta= 0.30
     Davidson diagonalization with overlap
     ethr =  4.13E-08,  avg # of iterations =  1.5

     negative rho (up, down):  4.723E-03 1.695E-01

     total cpu time spent up to now is        3.8 secs

     total energy              =      -3.19988522 Ry
     Harris-Foulkes estimate   =      -3.19989044 Ry
     estimated scf accuracy    <       0.00000101 Ry

     total magnetization       =     1.00 Bohr mag/cell
     absolute magnetization    =     1.16 Bohr mag/cell

     iteration #  9     ecut=    20.00 Ry     beta= 0.30
     Davidson diagonalization with overlap
     ethr =  3.38E-08,  avg # of iterations =  2.0

     negative rho (up, down):  4.730E-03 1.711E-01

     total cpu time spent up to now is        3.8 secs

     total energy              =      -3.19988774 Ry
     Harris-Foulkes estimate   =      -3.19988657 Ry
     estimated scf accuracy    <       0.00000015 Ry

     total magnetization       =     1.00 Bohr mag/cell
     absolute magnetization    =     1.16 Bohr mag/cell

     iteration # 10     ecut=    20.00 Ry     beta= 0.30
     Davidson diagonalization with overlap
     ethr =  4.88E-09,  avg # of iterations =  2.0

     negative rho (up, down):  4.737E-03 1.719E-01

     total cpu time spent up to now is        3.9 secs

     total energy              =      -3.19988638 Ry
     Harris-Foulkes estimate   =      -3.19988861 Ry
     estimated scf accuracy    <       0.00000009 Ry

     total magnetization       =     1.00 Bohr mag/cell
     absolute magnetization    =     1.17 Bohr mag/cell

     iteration # 11     ecut=    20.00 Ry     beta= 0.30
     Davidson diagonalization with overlap
     ethr =  3.00E-09,  avg # of iterations =  1.5

     negative rho (up, down):  4.742E-03 1.732E-01

     total cpu time spent up to now is        3.9 secs

     total energy              =      -3.19988641 Ry
     Harris-Foulkes estimate   =      -3.19988640 Ry
     estimated scf accuracy    <       0.00000002 Ry

     total magnetization       =     1.00 Bohr mag/cell
     absolute magnetization    =     1.17 Bohr mag/cell

     iteration # 12     ecut=    20.00 Ry     beta= 0.30
     Davidson diagonalization with overlap
     ethr =  5.31E-10,  avg # of iterations =  2.0

     negative rho (up, down):  4.753E-03 1.763E-01

     Magnetic moment per site:
     atom:    1    charge:    0.1247    magn:    0.1166    constr:    0.0000
     atom:    2    charge:    0.1314    magn:   -0.0169    constr:    0.0000
     atom:    3    charge:    0.1298    magn:    0.0324    constr:    0.0000

     total cpu time spent up to now is        4.0 secs

     End of self-consistent calculation

 ------ SPIN UP ------------


          k = 0.0000 0.0000 0.0000 (  3057 PWs)   bands (ev):

    -9.2422  -7.1683  -1.5971  -0.4016   0.2913   0.5432

     occupation numbers 
     1.0000   1.0000   0.0000   0.0000   0.0000   0.0000

 ------ SPIN DOWN ----------


          k = 0.0000 0.0000 0.0000 (  3057 PWs)   bands (ev):

    -8.5751  -3.8130  -1.0322   0.3902   0.7725   1.2407

     occupation numbers 
     1.0000   0.0000   0.0000   0.0000   0.0000   0.0000

     the Fermi energy is    -5.4901 ev

!    total energy              =      -3.19988955 Ry
     Harris-Foulkes estimate   =      -3.19988641 Ry
     estimated scf accuracy    <          3.9E-10 Ry

     The total energy is the sum of the following terms:

     one-electron contribution =      -3.94959925 Ry
     hartree contribution      =       2.16667884 Ry
     xc contribution           =      -1.72927995 Ry
     ewald contribution        =       0.31231081 Ry
     smearing contrib. (-TS)   =      -0.00000000 Ry

     total magnetization       =     1.00 Bohr mag/cell
     absolute magnetization    =     1.17 Bohr mag/cell

     convergence has been achieved in  12 iterations

     Writing output data file h3.save/

     Forces acting on atoms (cartesian axes, Ry/au):

     atom    1 type  1   force =     0.01805709    0.00000000    0.00000000
     atom    2 type  1   force =     0.13524756    0.00000000    0.00000000
     atom    3 type  1   force =    -0.15330465    0.00000000    0.00000000
     The non-local contrib.  to forces
     atom    1 type  1   force =     0.00257362    0.00000000    0.00000000
     atom    2 type  1   force =     0.01743648    0.00000000    0.00000000
     atom    3 type  1   force =    -0.02026677    0.00000000    0.00000000
     The ionic contribution  to forces
     atom    1 type  1   force =    -0.29324350   -0.00000000   -0.00000000
     atom    2 type  1   force =    -0.16945261    0.00000000   -0.00000000
     atom    3 type  1   force =     0.46269612    0.00000000   -0.00000000
     The local contribution  to forces
     atom    1 type  1   force =     0.30858451    0.00000000    0.00000000
     atom    2 type  1   force =     0.28719782   -0.00000000    0.00000000
     atom    3 type  1   force =    -0.59580146    0.00000000    0.00000000
     The core correction contribution to forces
     atom    1 type  1   force =     0.00000000    0.00000000    0.00000000
     atom    2 type  1   force =     0.00000000    0.00000000    0.00000000
     atom    3 type  1   force =     0.00000000    0.00000000    0.00000000
     The Hubbard contrib.    to forces
     atom    1 type  1   force =     0.00000000    0.00000000    0.00000000
     atom    2 type  1   force =     0.00000000    0.00000000    0.00000000
     atom    3 type  1   force =     0.00000000    0.00000000    0.00000000
     The SCF correction term to forces
     atom    1 type  1   force =     0.00000000    0.00000000    0.00000000
     atom    2 type  1   force =     0.00000270   -0.00000000    0.00000000
     atom    3 type  1   force =     0.00000000   -0.00000000    0.00000000

     Total force =     0.135248     Total SCF correction =     0.000003

     coordinates at iteration   1


ATOMIC_POSITIONS (angstrom)
H        0.000000000   0.000000000   0.000000000    0   0   0
H        1.728225110   0.000000000   0.000000000
H        3.000000000   0.000000000   0.000000000    0   0   0



     Parallelization info
     --------------------
     sticks:   dense  smooth     PW     G-vecs:    dense   smooth      PW
     Min         425     339     84                 8541     6100     764
     Max         427     340     85                 8542     6101     765
     Sum        1703    1359    337                34165    24401    3057



     bravais-lattice index     =            0
     lattice parameter (alat)  =      22.6767  a.u.
     unit-cell volume          =    2024.5037 (a.u.)^3
     number of atoms/cell      =            3
     number of atomic types    =            1
     number of electrons       =         3.00
     number of Kohn-Sham states=            6
     kinetic-energy cutoff     =      20.0000  Ry
     charge density cutoff     =     100.0000  Ry
     convergence threshold     =      1.0E-08
     mixing beta               =       0.3000
     number of iterations used =            8  plain     mixing
     Exchange-correlation      = PBE ( 1  4  3  4 0 0)
     nstep                     =           50


     celldm(1)=  22.676714  celldm(2)=   0.000000  celldm(3)=   0.000000
     celldm(4)=   0.000000  celldm(5)=   0.000000  celldm(6)=   0.000000

     crystal axes: (cart. coord. in units of alat)
               a(1) = (   1.000000   0.000000   0.000000 )  
               a(2) = (   0.000000   0.416667   0.000000 )  
               a(3) = (   0.000000   0.000000   0.416667 )  

     reciprocal axes: (cart. coord. in units 2 pi/alat)
               b(1) = (  1.000000  0.000000  0.000000 )  
               b(2) = (  0.000000  2.399998  0.000000 )  
               b(3) = (  0.000000  0.000000  2.399998 )  


     PseudoPot. # 1 for H  read from file:
     /home/xing/espresso/pseudo/H.pbe-rrkjus_psl.1.0.0.UPF
     MD5 check sum: 3f4114867bd07edc7f1424d066fc1888
     Pseudo is Ultrasoft, Zval =  1.0
     Generated using "atomic" code by A. Dal Corso v.6.3MaX
     Using radial grid of  929 points,  2 beta functions with: 
                l(1) =   0
                l(2) =   0
     Q(r) pseudized with 0 coefficients 


     atomic species   valence    mass     pseudopotential
        H              1.00     1.00800     H ( 1.00)

     Starting magnetic structure 
     atomic species   magnetization
        H            0.500

      8 Sym. Ops. (no inversion) found


                                    s                        frac. trans.

      isym =  1     identity                                     

 cryst.   s( 1) = (     1          0          0      )
                  (     0          1          0      )
                  (     0          0          1      )

 cart.    s( 1) = (  1.0000000  0.0000000  0.0000000 )
                  (  0.0000000  1.0000000  0.0000000 )
                  (  0.0000000  0.0000000  1.0000000 )


      isym =  2     180 deg rotation - cart. axis [1,0,0]        

 cryst.   s( 2) = (     1          0          0      )
                  (     0         -1          0      )
                  (     0          0         -1      )

 cart.    s( 2) = (  1.0000000  0.0000000  0.0000000 )
                  (  0.0000000 -1.0000000  0.0000000 )
                  (  0.0000000  0.0000000 -1.0000000 )


      isym =  3      90 deg rotation - cart. axis [-1,0,0]       

 cryst.   s( 3) = (     1          0          0      )
                  (     0          0         -1      )
                  (     0          1          0      )

 cart.    s( 3) = (  1.0000000  0.0000000  0.0000000 )
                  (  0.0000000  0.0000000  1.0000000 )
                  (  0.0000000 -1.0000000  0.0000000 )


      isym =  4      90 deg rotation - cart. axis [1,0,0]        

 cryst.   s( 4) = (     1          0          0      )
                  (     0          0          1      )
                  (     0         -1          0      )

 cart.    s( 4) = (  1.0000000  0.0000000  0.0000000 )
                  (  0.0000000  0.0000000 -1.0000000 )
                  (  0.0000000  1.0000000  0.0000000 )


      isym =  5     inv. 180 deg rotation - cart. axis [0,0,1]   

 cryst.   s( 5) = (     1          0          0      )
                  (     0          1          0      )
                  (     0          0         -1      )

 cart.    s( 5) = (  1.0000000  0.0000000  0.0000000 )
                  (  0.0000000  1.0000000  0.0000000 )
                  (  0.0000000  0.0000000 -1.0000000 )


      isym =  6     inv. 180 deg rotation - cart. axis [0,1,0]   

 cryst.   s( 6) = (     1          0          0      )
                  (     0         -1          0      )
                  (     0          0          1      )

 cart.    s( 6) = (  1.0000000  0.0000000  0.0000000 )
                  (  0.0000000 -1.0000000  0.0000000 )
                  (  0.0000000  0.0000000  1.0000000 )


      isym =  7     inv. 180 deg rotation - cart. axis [0,1,1]   

 cryst.   s( 7) = (     1          0          0      )
                  (     0          0         -1      )
                  (     0         -1          0      )

 cart.    s( 7) = (  1.0000000  0.0000000  0.0000000 )
                  (  0.0000000  0.0000000 -1.0000000 )
                  (  0.0000000 -1.0000000  0.0000000 )


      isym =  8     inv. 180 deg rotation - cart. axis [0,1,-1]  

 cryst.   s( 8) = (     1          0          0      )
                  (     0          0          1      )
                  (     0          1          0      )

 cart.    s( 8) = (  1.0000000  0.0000000  0.0000000 )
                  (  0.0000000  0.0000000  1.0000000 )
                  (  0.0000000  1.0000000  0.0000000 )


   Cartesian axes

     site n.     atom                  positions (alat units)
         1           H   tau(   1) = (   0.0000000   0.0000000   0.0000000  )
         2           H   tau(   2) = (   0.1440188   0.0000000   0.0000000  )
         3           H   tau(   3) = (   0.2500000   0.0000000   0.0000000  )

   Crystallographic axes

     site n.     atom                  positions (cryst. coord.)
         1           H   tau(   1) = (  0.0000000  0.0000000  0.0000000  )
         2           H   tau(   2) = (  0.1440188  0.0000000  0.0000000  )
         3           H   tau(   3) = (  0.2500000  0.0000000  0.0000000  )

     number of k points=     1  gaussian smearing, width (Ry)=  0.0300
                       cart. coord. in units 2pi/alat
        k(    1) = (   0.0000000   0.0000000   0.0000000), wk =   1.0000000

                       cryst. coord.
        k(    1) = (   0.0000000   0.0000000   0.0000000), wk =   1.0000000

     Dense  grid:    34165 G-vectors     FFT dimensions: (  80,  32,  32)

     Smooth grid:    24401 G-vectors     FFT dimensions: (  72,  27,  27)

     Dynamical RAM for                 wfc:       0.07 MB

     Dynamical RAM for     wfc (w. buffer):       0.21 MB

     Dynamical RAM for           str. fact:       0.13 MB

     Dynamical RAM for           local pot:       0.02 MB

     Dynamical RAM for          nlocal pot:       0.07 MB

     Dynamical RAM for                qrad:       0.08 MB

     Dynamical RAM for          rho,v,vnew:       1.72 MB

     Dynamical RAM for               rhoin:       0.57 MB

     Dynamical RAM for            rho*nmix:       4.17 MB

     Dynamical RAM for           G-vectors:       0.54 MB

     Dynamical RAM for          h,s,v(r/c):       0.03 MB

     Dynamical RAM for          <psi|beta>:       0.00 MB

     Dynamical RAM for                 psi:       0.28 MB

     Dynamical RAM for                hpsi:       0.28 MB

     Dynamical RAM for                spsi:       0.28 MB

     Dynamical RAM for      wfcinit/wfcrot:       0.14 MB

     Dynamical RAM for           addusdens:       1.30 MB

     Dynamical RAM for          addusforce:       1.83 MB

     Estimated static dynamical RAM per process >       8.71 MB

     Estimated max dynamical RAM per process >      10.53 MB

     Estimated total dynamical RAM >      42.12 MB
     Generating pointlists ...

     The initial density is read from file :
     ./h3_5/h3.save/charge-density


     negative rho (up, down):  4.753E-03 1.763E-01
     Starting wfcs from file
     NEW-OLD atomic charge density approx. for the potential

     negative rho (up, down):  4.743E-03 1.066E-01

     total cpu time spent up to now is        8.0 secs

     Self-consistent Calculation

     iteration #  1     ecut=    20.00 Ry     beta= 0.30
     Davidson diagonalization with overlap
     ethr =  1.00E-05,  avg # of iterations =  2.5

     negative rho (up, down):  4.722E-03 1.702E-01

     total cpu time spent up to now is        8.1 secs

     total energy              =      -3.19176530 Ry
     Harris-Foulkes estimate   =      -3.19185717 Ry
     estimated scf accuracy    <       0.00036364 Ry

     total magnetization       =     1.00 Bohr mag/cell
     absolute magnetization    =     1.17 Bohr mag/cell

     iteration #  2     ecut=    20.00 Ry     beta= 0.30
     Davidson diagonalization with overlap
     ethr =  1.21E-05,  avg # of iterations =  1.0

     negative rho (up, down):  4.711E-03 1.718E-01

     total cpu time spent up to now is        8.1 secs

     total energy              =      -3.19492710 Ry
     Harris-Foulkes estimate   =      -3.19494608 Ry
     estimated scf accuracy    <       0.00008942 Ry

     total magnetization       =     1.00 Bohr mag/cell
     absolute magnetization    =     1.17 Bohr mag/cell

     iteration #  3     ecut=    20.00 Ry     beta= 0.30
     Davidson diagonalization with overlap
     ethr =  2.98E-06,  avg # of iterations =  1.0

     negative rho (up, down):  4.697E-03 1.697E-01

     total cpu time spent up to now is        8.2 secs

     total energy              =      -3.19492678 Ry
     Harris-Foulkes estimate   =      -3.19493239 Ry
     estimated scf accuracy    <       0.00002178 Ry

     total magnetization       =     1.00 Bohr mag/cell
     absolute magnetization    =     1.18 Bohr mag/cell

     iteration #  4     ecut=    20.00 Ry     beta= 0.30
     Davidson diagonalization with overlap
     ethr =  7.26E-07,  avg # of iterations =  1.5

     negative rho (up, down):  4.696E-03 1.709E-01

     total cpu time spent up to now is        8.2 secs

     total energy              =      -3.19493990 Ry
     Harris-Foulkes estimate   =      -3.19494166 Ry
     estimated scf accuracy    <       0.00001515 Ry

     total magnetization       =     1.00 Bohr mag/cell
     absolute magnetization    =     1.18 Bohr mag/cell

     iteration #  5     ecut=    20.00 Ry     beta= 0.30
     Davidson diagonalization with overlap
     ethr =  5.05E-07,  avg # of iterations =  1.0

     negative rho (up, down):  4.694E-03 1.732E-01

     total cpu time spent up to now is        8.2 secs

     total energy              =      -3.19494259 Ry
     Harris-Foulkes estimate   =      -3.19494137 Ry
     estimated scf accuracy    <       0.00000236 Ry

     total magnetization       =     1.00 Bohr mag/cell
     absolute magnetization    =     1.18 Bohr mag/cell

     iteration #  6     ecut=    20.00 Ry     beta= 0.30
     Davidson diagonalization with overlap
     ethr =  7.86E-08,  avg # of iterations =  1.0

     negative rho (up, down):  4.696E-03 1.728E-01

     total cpu time spent up to now is        8.3 secs

     total energy              =      -3.19494047 Ry
     Harris-Foulkes estimate   =      -3.19494279 Ry
     estimated scf accuracy    <       0.00000121 Ry

     total magnetization       =     1.00 Bohr mag/cell
     absolute magnetization    =     1.18 Bohr mag/cell

     iteration #  7     ecut=    20.00 Ry     beta= 0.30
     Davidson diagonalization with overlap
     ethr =  4.02E-08,  avg # of iterations =  2.0

     negative rho (up, down):  4.694E-03 1.742E-01

     total cpu time spent up to now is        8.3 secs

     total energy              =      -3.19494508 Ry
     Harris-Foulkes estimate   =      -3.19494450 Ry
     estimated scf accuracy    <       0.00000050 Ry

     total magnetization       =     1.00 Bohr mag/cell
     absolute magnetization    =     1.19 Bohr mag/cell

     iteration #  8     ecut=    20.00 Ry     beta= 0.30
     Davidson diagonalization with overlap
     ethr =  1.66E-08,  avg # of iterations =  1.0

     negative rho (up, down):  4.693E-03 1.749E-01

     total cpu time spent up to now is        8.4 secs

     total energy              =      -3.19494533 Ry
     Harris-Foulkes estimate   =      -3.19494514 Ry
     estimated scf accuracy    <       0.00000042 Ry

     total magnetization       =     1.00 Bohr mag/cell
     absolute magnetization    =     1.19 Bohr mag/cell

     iteration #  9     ecut=    20.00 Ry     beta= 0.30
     Davidson diagonalization with overlap
     ethr =  1.39E-08,  avg # of iterations =  1.0

     negative rho (up, down):  4.692E-03 1.749E-01

     total cpu time spent up to now is        8.4 secs

     total energy              =      -3.19494556 Ry
     Harris-Foulkes estimate   =      -3.19494545 Ry
     estimated scf accuracy    <       0.00000003 Ry

     total magnetization       =     1.00 Bohr mag/cell
     absolute magnetization    =     1.19 Bohr mag/cell

     iteration # 10     ecut=    20.00 Ry     beta= 0.30
     Davidson diagonalization with overlap
     ethr =  8.87E-10,  avg # of iterations =  1.5

     negative rho (up, down):  4.692E-03 1.754E-01

     total cpu time spent up to now is        8.5 secs

     total energy              =      -3.19494542 Ry
     Harris-Foulkes estimate   =      -3.19494559 Ry
     estimated scf accuracy    <       0.00000002 Ry

     total magnetization       =     1.00 Bohr mag/cell
     absolute magnetization    =     1.19 Bohr mag/cell

     iteration # 11     ecut=    20.00 Ry     beta= 0.30
     Davidson diagonalization with overlap
     ethr =  5.14E-10,  avg # of iterations =  1.0

     negative rho (up, down):  4.691E-03 1.758E-01

     Magnetic moment per site:
     atom:    1    charge:    0.1245    magn:    0.1152    constr:    0.0000
     atom:    2    charge:    0.1323    magn:   -0.0189    constr:    0.0000
     atom:    3    charge:    0.1287    magn:    0.0357    constr:    0.0000

     total cpu time spent up to now is        8.5 secs

     End of self-consistent calculation

 ------ SPIN UP ------------


          k = 0.0000 0.0000 0.0000 (  3057 PWs)   bands (ev):

    -9.2381  -7.1501  -1.6504  -0.4128   0.2790   0.5436

     occupation numbers 
     1.0000   1.0000   0.0000   0.0000   0.0000   0.0000

 ------ SPIN DOWN ----------


          k = 0.0000 0.0000 0.0000 (  3057 PWs)   bands (ev):

    -8.5451  -3.8993  -1.0594   0.3632   0.7694   1.2101

     occupation numbers 
     1.0000   0.0000   0.0000   0.0000   0.0000   0.0000

     the Fermi energy is    -5.5248 ev

!    total energy              =      -3.19494335 Ry
     Harris-Foulkes estimate   =      -3.19494543 Ry
     estimated scf accuracy    <          1.2E-10 Ry

     The total energy is the sum of the following terms:

     one-electron contribution =      -3.93599677 Ry
     hartree contribution      =       2.15789404 Ry
     xc contribution           =      -1.72311599 Ry
     ewald contribution        =       0.30627537 Ry
     smearing contrib. (-TS)   =      -0.00000000 Ry

     total magnetization       =     1.00 Bohr mag/cell
     absolute magnetization    =     1.19 Bohr mag/cell

     convergence has been achieved in  11 iterations

     Writing output data file h3.save/

     Forces acting on atoms (cartesian axes, Ry/au):

     atom    1 type  1   force =     0.02102594    0.00000000    0.00000000
     atom    2 type  1   force =     0.12921619    0.00000000    0.00000000
     atom    3 type  1   force =    -0.15024213    0.00000000    0.00000000
     The non-local contrib.  to forces
     atom    1 type  1   force =     0.00287096    0.00000000    0.00000000
     atom    2 type  1   force =     0.01621862    0.00000000    0.00000000
     atom    3 type  1   force =    -0.01923130    0.00000000    0.00000000
     The ionic contribution  to forces
     atom    1 type  1   force =    -0.29731365    0.00000000   -0.00000000
     atom    2 type  1   force =    -0.15461213   -0.00000000   -0.00000000
     atom    3 type  1   force =     0.45192578   -0.00000000   -0.00000000
     The local contribution  to forces
     atom    1 type  1   force =     0.31541929   -0.00000000    0.00000000
     atom    2 type  1   force =     0.26756642   -0.00000000    0.00000000
     atom    3 type  1   force =    -0.58297831    0.00000000    0.00000000
     The core correction contribution to forces
     atom    1 type  1   force =     0.00000000    0.00000000    0.00000000
     atom    2 type  1   force =     0.00000000    0.00000000    0.00000000
     atom    3 type  1   force =     0.00000000    0.00000000    0.00000000
     The Hubbard contrib.    to forces
     atom    1 type  1   force =     0.00000000    0.00000000    0.00000000
     atom    2 type  1   force =     0.00000000    0.00000000    0.00000000
     atom    3 type  1   force =     0.00000000    0.00000000    0.00000000
     The SCF correction term to forces
     atom    1 type  1   force =     0.00000000   -0.00000000    0.00000000
     atom    2 type  1   force =     0.00000316   -0.00000000    0.00000000
     atom    3 type  1   force =     0.00000000   -0.00000000    0.00000000

     Total force =     0.129216     Total SCF correction =     0.000003

     coordinates at iteration   2


ATOMIC_POSITIONS (angstrom)
H        0.000000000   0.000000000   0.000000000    0   0   0
H        1.713181286   0.000000000   0.000000000
H        3.000000000   0.000000000   0.000000000    0   0   0



     Parallelization info
     --------------------
     sticks:   dense  smooth     PW     G-vecs:    dense   smooth      PW
     Min         425     339     84                 8541     6100     764
     Max         427     340     85                 8542     6101     765
     Sum        1703    1359    337                34165    24401    3057



     bravais-lattice index     =            0
     lattice parameter (alat)  =      22.6767  a.u.
     unit-cell volume          =    2024.5037 (a.u.)^3
     number of atoms/cell      =            3
     number of atomic types    =            1
     number of electrons       =         3.00
     number of Kohn-Sham states=            6
     kinetic-energy cutoff     =      20.0000  Ry
     charge density cutoff     =     100.0000  Ry
     convergence threshold     =      1.0E-08
     mixing beta               =       0.3000
     number of iterations used =            8  plain     mixing
     Exchange-correlation      = PBE ( 1  4  3  4 0 0)
     nstep                     =           50


     celldm(1)=  22.676714  celldm(2)=   0.000000  celldm(3)=   0.000000
     celldm(4)=   0.000000  celldm(5)=   0.000000  celldm(6)=   0.000000

     crystal axes: (cart. coord. in units of alat)
               a(1) = (   1.000000   0.000000   0.000000 )  
               a(2) = (   0.000000   0.416667   0.000000 )  
               a(3) = (   0.000000   0.000000   0.416667 )  

     reciprocal axes: (cart. coord. in units 2 pi/alat)
               b(1) = (  1.000000  0.000000  0.000000 )  
               b(2) = (  0.000000  2.399998  0.000000 )  
               b(3) = (  0.000000  0.000000  2.399998 )  


     PseudoPot. # 1 for H  read from file:
     /home/xing/espresso/pseudo/H.pbe-rrkjus_psl.1.0.0.UPF
     MD5 check sum: 3f4114867bd07edc7f1424d066fc1888
     Pseudo is Ultrasoft, Zval =  1.0
     Generated using "atomic" code by A. Dal Corso v.6.3MaX
     Using radial grid of  929 points,  2 beta functions with: 
                l(1) =   0
                l(2) =   0
     Q(r) pseudized with 0 coefficients 


     atomic species   valence    mass     pseudopotential
        H              1.00     1.00800     H ( 1.00)

     Starting magnetic structure 
     atomic species   magnetization
        H            0.500

      8 Sym. Ops. (no inversion) found


                                    s                        frac. trans.

      isym =  1     identity                                     

 cryst.   s( 1) = (     1          0          0      )
                  (     0          1          0      )
                  (     0          0          1      )

 cart.    s( 1) = (  1.0000000  0.0000000  0.0000000 )
                  (  0.0000000  1.0000000  0.0000000 )
                  (  0.0000000  0.0000000  1.0000000 )


      isym =  2     180 deg rotation - cart. axis [1,0,0]        

 cryst.   s( 2) = (     1          0          0      )
                  (     0         -1          0      )
                  (     0          0         -1      )

 cart.    s( 2) = (  1.0000000  0.0000000  0.0000000 )
                  (  0.0000000 -1.0000000  0.0000000 )
                  (  0.0000000  0.0000000 -1.0000000 )


      isym =  3      90 deg rotation - cart. axis [-1,0,0]       

 cryst.   s( 3) = (     1          0          0      )
                  (     0          0         -1      )
                  (     0          1          0      )

 cart.    s( 3) = (  1.0000000  0.0000000  0.0000000 )
                  (  0.0000000  0.0000000  1.0000000 )
                  (  0.0000000 -1.0000000  0.0000000 )


      isym =  4      90 deg rotation - cart. axis [1,0,0]        

 cryst.   s( 4) = (     1          0          0      )
                  (     0          0          1      )
                  (     0         -1          0      )

 cart.    s( 4) = (  1.0000000  0.0000000  0.0000000 )
                  (  0.0000000  0.0000000 -1.0000000 )
                  (  0.0000000  1.0000000  0.0000000 )


      isym =  5     inv. 180 deg rotation - cart. axis [0,0,1]   

 cryst.   s( 5) = (     1          0          0      )
                  (     0          1          0      )
                  (     0          0         -1      )

 cart.    s( 5) = (  1.0000000  0.0000000  0.0000000 )
                  (  0.0000000  1.0000000  0.0000000 )
                  (  0.0000000  0.0000000 -1.0000000 )


      isym =  6     inv. 180 deg rotation - cart. axis [0,1,0]   

 cryst.   s( 6) = (     1          0          0      )
                  (     0         -1          0      )
                  (     0          0          1      )

 cart.    s( 6) = (  1.0000000  0.0000000  0.0000000 )
                  (  0.0000000 -1.0000000  0.0000000 )
                  (  0.0000000  0.0000000  1.0000000 )


      isym =  7     inv. 180 deg rotation - cart. axis [0,1,1]   

 cryst.   s( 7) = (     1          0          0      )
                  (     0          0         -1      )
                  (     0         -1          0      )

 cart.    s( 7) = (  1.0000000  0.0000000  0.0000000 )
                  (  0.0000000  0.0000000 -1.0000000 )
                  (  0.0000000 -1.0000000  0.0000000 )


      isym =  8     inv. 180 deg rotation - cart. axis [0,1,-1]  

 cryst.   s( 8) = (     1          0          0      )
                  (     0          0          1      )
                  (     0          1          0      )

 cart.    s( 8) = (  1.0000000  0.0000000  0.0000000 )
                  (  0.0000000  0.0000000  1.0000000 )
                  (  0.0000000  1.0000000  0.0000000 )


   Cartesian axes

     site n.     atom                  positions (alat units)
         1           H   tau(   1) = (   0.0000000   0.0000000   0.0000000  )
         2           H   tau(   2) = (   0.1427651   0.0000000   0.0000000  )
         3           H   tau(   3) = (   0.2500000   0.0000000   0.0000000  )

   Crystallographic axes

     site n.     atom                  positions (cryst. coord.)
         1           H   tau(   1) = (  0.0000000  0.0000000  0.0000000  )
         2           H   tau(   2) = (  0.1427651  0.0000000  0.0000000  )
         3           H   tau(   3) = (  0.2500000  0.0000000  0.0000000  )

     number of k points=     1  gaussian smearing, width (Ry)=  0.0300
                       cart. coord. in units 2pi/alat
        k(    1) = (   0.0000000   0.0000000   0.0000000), wk =   1.0000000

                       cryst. coord.
        k(    1) = (   0.0000000   0.0000000   0.0000000), wk =   1.0000000

     Dense  grid:    34165 G-vectors     FFT dimensions: (  80,  32,  32)

     Smooth grid:    24401 G-vectors     FFT dimensions: (  72,  27,  27)

     Dynamical RAM for                 wfc:       0.07 MB

     Dynamical RAM for     wfc (w. buffer):       0.21 MB

     Dynamical RAM for           str. fact:       0.13 MB

     Dynamical RAM for           local pot:       0.02 MB

     Dynamical RAM for          nlocal pot:       0.07 MB

     Dynamical RAM for                qrad:       0.08 MB

     Dynamical RAM for          rho,v,vnew:       1.72 MB

     Dynamical RAM for               rhoin:       0.57 MB

     Dynamical RAM for            rho*nmix:       4.17 MB

     Dynamical RAM for           G-vectors:       0.54 MB

     Dynamical RAM for          h,s,v(r/c):       0.03 MB

     Dynamical RAM for          <psi|beta>:       0.00 MB

     Dynamical RAM for                 psi:       0.28 MB

     Dynamical RAM for                hpsi:       0.28 MB

     Dynamical RAM for                spsi:       0.28 MB

     Dynamical RAM for      wfcinit/wfcrot:       0.14 MB

     Dynamical RAM for           addusdens:       1.30 MB

     Dynamical RAM for          addusforce:       1.83 MB

     Estimated static dynamical RAM per process >       8.71 MB

     Estimated max dynamical RAM per process >      10.53 MB

     Estimated total dynamical RAM >      42.12 MB
     Generating pointlists ...

     The initial density is read from file :
     ./h3_5/h3.save/charge-density


     negative rho (up, down):  4.691E-03 1.758E-01
     Starting wfcs from file
     NEW-OLD atomic charge density approx. for the potential

     negative rho (up, down):  4.685E-03 1.075E-01

     total cpu time spent up to now is       11.4 secs

     Self-consistent Calculation

     iteration #  1     ecut=    20.00 Ry     beta= 0.30
     Davidson diagonalization with overlap
     ethr =  1.00E-05,  avg # of iterations =  2.0

     negative rho (up, down):  4.669E-03 1.675E-01

     total cpu time spent up to now is       11.4 secs

     total energy              =      -3.18904375 Ry
     Harris-Foulkes estimate   =      -3.18909580 Ry
     estimated scf accuracy    <       0.00021584 Ry

     total magnetization       =     1.00 Bohr mag/cell
     absolute magnetization    =     1.19 Bohr mag/cell

     iteration #  2     ecut=    20.00 Ry     beta= 0.30
     Davidson diagonalization with overlap
     ethr =  7.19E-06,  avg # of iterations =  1.0

     negative rho (up, down):  4.661E-03 1.687E-01

     total cpu time spent up to now is       11.5 secs

     total energy              =      -3.19132546 Ry
     Harris-Foulkes estimate   =      -3.19133636 Ry
     estimated scf accuracy    <       0.00005555 Ry

     total magnetization       =     1.00 Bohr mag/cell
     absolute magnetization    =     1.19 Bohr mag/cell

     iteration #  3     ecut=    20.00 Ry     beta= 0.30
     Davidson diagonalization with overlap
     ethr =  1.85E-06,  avg # of iterations =  1.0

     negative rho (up, down):  4.651E-03 1.679E-01

     total cpu time spent up to now is       11.5 secs

     total energy              =      -3.19132634 Ry
     Harris-Foulkes estimate   =      -3.19132880 Ry
     estimated scf accuracy    <       0.00001333 Ry

     total magnetization       =     1.00 Bohr mag/cell
     absolute magnetization    =     1.19 Bohr mag/cell

     iteration #  4     ecut=    20.00 Ry     beta= 0.30
     Davidson diagonalization with overlap
     ethr =  4.44E-07,  avg # of iterations =  1.5

     negative rho (up, down):  4.649E-03 1.710E-01

     total cpu time spent up to now is       11.6 secs

     total energy              =      -3.19133459 Ry
     Harris-Foulkes estimate   =      -3.19133583 Ry
     estimated scf accuracy    <       0.00000982 Ry

     total magnetization       =     1.00 Bohr mag/cell
     absolute magnetization    =     1.20 Bohr mag/cell

     iteration #  5     ecut=    20.00 Ry     beta= 0.30
     Davidson diagonalization with overlap
     ethr =  3.27E-07,  avg # of iterations =  1.0

     negative rho (up, down):  4.648E-03 1.722E-01

     total cpu time spent up to now is       11.6 secs

     total energy              =      -3.19133637 Ry
     Harris-Foulkes estimate   =      -3.19133551 Ry
     estimated scf accuracy    <       0.00000179 Ry

     total magnetization       =     1.00 Bohr mag/cell
     absolute magnetization    =     1.20 Bohr mag/cell

     iteration #  6     ecut=    20.00 Ry     beta= 0.30
     Davidson diagonalization with overlap
     ethr =  5.97E-08,  avg # of iterations =  1.0

     negative rho (up, down):  4.650E-03 1.716E-01

     total cpu time spent up to now is       11.6 secs

     total energy              =      -3.19133404 Ry
     Harris-Foulkes estimate   =      -3.19133651 Ry
     estimated scf accuracy    <       0.00000089 Ry

     total magnetization       =     1.00 Bohr mag/cell
     absolute magnetization    =     1.20 Bohr mag/cell

     iteration #  7     ecut=    20.00 Ry     beta= 0.30
     Davidson diagonalization with overlap
     ethr =  2.95E-08,  avg # of iterations =  2.0

     negative rho (up, down):  4.648E-03 1.713E-01

     total cpu time spent up to now is       11.7 secs

     total energy              =      -3.19133711 Ry
     Harris-Foulkes estimate   =      -3.19133702 Ry
     estimated scf accuracy    <       0.00000054 Ry

     total magnetization       =     1.00 Bohr mag/cell
     absolute magnetization    =     1.20 Bohr mag/cell

     iteration #  8     ecut=    20.00 Ry     beta= 0.30
     Davidson diagonalization with overlap
     ethr =  1.79E-08,  avg # of iterations =  1.0

     negative rho (up, down):  4.647E-03 1.719E-01

     total cpu time spent up to now is       11.7 secs

     total energy              =      -3.19133741 Ry
     Harris-Foulkes estimate   =      -3.19133713 Ry
     estimated scf accuracy    <       0.00000020 Ry

     total magnetization       =     1.00 Bohr mag/cell
     absolute magnetization    =     1.20 Bohr mag/cell

     iteration #  9     ecut=    20.00 Ry     beta= 0.30
     Davidson diagonalization with overlap
     ethr =  6.60E-09,  avg # of iterations =  1.0

     negative rho (up, down):  4.647E-03 1.724E-01

     total cpu time spent up to now is       11.8 secs

     total energy              =      -3.19133761 Ry
     Harris-Foulkes estimate   =      -3.19133747 Ry
     estimated scf accuracy    <       0.00000001 Ry

     total magnetization       =     1.00 Bohr mag/cell
     absolute magnetization    =     1.20 Bohr mag/cell

     iteration # 10     ecut=    20.00 Ry     beta= 0.30
     Davidson diagonalization with overlap
     ethr =  3.57E-10,  avg # of iterations =  2.0

     negative rho (up, down):  4.647E-03 1.726E-01

     total cpu time spent up to now is       11.8 secs

     total energy              =      -3.19133808 Ry
     Harris-Foulkes estimate   =      -3.19133762 Ry
     estimated scf accuracy    <       0.00000001 Ry

     total magnetization       =     1.00 Bohr mag/cell
     absolute magnetization    =     1.20 Bohr mag/cell

     iteration # 11     ecut=    20.00 Ry     beta= 0.30
     Davidson diagonalization with overlap
     ethr =  3.57E-10,  avg # of iterations =  1.0

     negative rho (up, down):  4.646E-03 1.730E-01

     Magnetic moment per site:
     atom:    1    charge:    0.1243    magn:    0.1140    constr:    0.0000
     atom:    2    charge:    0.1311    magn:   -0.0202    constr:    0.0000
     atom:    3    charge:    0.1279    magn:    0.0384    constr:    0.0000

     total cpu time spent up to now is       11.9 secs

     End of self-consistent calculation

 ------ SPIN UP ------------


          k = 0.0000 0.0000 0.0000 (  3057 PWs)   bands (ev):

    -9.2354  -7.1373  -1.6893  -0.4180   0.2701   0.5465

     occupation numbers 
     1.0000   1.0000   0.0000   0.0000   0.0000   0.0000

 ------ SPIN DOWN ----------


          k = 0.0000 0.0000 0.0000 (  3057 PWs)   bands (ev):

    -8.5241  -3.9620  -1.0783   0.3469   0.7713   1.1892

     occupation numbers 
     1.0000   0.0000   0.0000   0.0000   0.0000   0.0000

     the Fermi energy is    -5.5496 ev

!    total energy              =      -3.19133794 Ry
     Harris-Foulkes estimate   =      -3.19133809 Ry
     estimated scf accuracy    <          2.7E-11 Ry

     The total energy is the sum of the following terms:

     one-electron contribution =      -3.92623355 Ry
     hartree contribution      =       2.15147781 Ry
     xc contribution           =      -1.71862017 Ry
     ewald contribution        =       0.30203798 Ry
     smearing contrib. (-TS)   =      -0.00000000 Ry

     total magnetization       =     1.00 Bohr mag/cell
     absolute magnetization    =     1.20 Bohr mag/cell

     convergence has been achieved in  11 iterations

     Writing output data file h3.save/

     Forces acting on atoms (cartesian axes, Ry/au):

     atom    1 type  1   force =     0.02356750    0.00000000    0.00000000
     atom    2 type  1   force =     0.12392669    0.00000000    0.00000000
     atom    3 type  1   force =    -0.14749420    0.00000000    0.00000000
     The non-local contrib.  to forces
     atom    1 type  1   force =     0.00311619    0.00000000    0.00000000
     atom    2 type  1   force =     0.01524723    0.00000000    0.00000000
     atom    3 type  1   force =    -0.01841605    0.00000000    0.00000000
     The ionic contribution  to forces
     atom    1 type  1   force =    -0.30051515   -0.00000000   -0.00000000
     atom    2 type  1   force =    -0.14352748   -0.00000000   -0.00000000
     atom    3 type  1   force =     0.44404263    0.00000000   -0.00000000
     The local contribution  to forces
     atom    1 type  1   force =     0.32095347   -0.00000000    0.00000000
     atom    2 type  1   force =     0.25219288    0.00000000    0.00000000
     atom    3 type  1   force =    -0.57313239   -0.00000000    0.00000000
     The core correction contribution to forces
     atom    1 type  1   force =     0.00000000    0.00000000    0.00000000
     atom    2 type  1   force =     0.00000000    0.00000000    0.00000000
     atom    3 type  1   force =     0.00000000    0.00000000    0.00000000
     The Hubbard contrib.    to forces
     atom    1 type  1   force =     0.00000000    0.00000000    0.00000000
     atom    2 type  1   force =     0.00000000    0.00000000    0.00000000
     atom    3 type  1   force =     0.00000000    0.00000000    0.00000000
     The SCF correction term to forces
     atom    1 type  1   force =     0.00000000    0.00000000    0.00000000
     atom    2 type  1   force =     0.00000235    0.00000000    0.00000000
     atom    3 type  1   force =    -0.00000000   -0.00000000    0.00000000

     Total force =     0.123927     Total SCF correction =     0.000002
