
     coordinates at iteration   0


ATOMIC_POSITIONS (angstrom)
H        0.000000000   0.000000000   0.000000000    0   0   0
H        0.756180420   0.000000000   0.000000000
H        3.000000000   0.000000000   0.000000000    0   0   0



     Subspace diagonalization in iterative solution of the eigenvalue problem:
     a serial algorithm will be used


     Parallelization info
     --------------------
     sticks:   dense  smooth     PW     G-vecs:    dense   smooth      PW
     Min         425     339     84                 8541     6100     764
     Max         427     340     85                 8542     6101     765
     Sum        1703    1359    337                34165    24401    3057



     bravais-lattice index     =            0
     lattice parameter (alat)  =      22.6767  a.u.
     unit-cell volume          =    2024.5037 (a.u.)^3
     number of atoms/cell      =            3
     number of atomic types    =            1
     number of electrons       =         3.00
     number of Kohn-Sham states=            6
     kinetic-energy cutoff     =      20.0000  Ry
     charge density cutoff     =     100.0000  Ry
     convergence threshold     =      1.0E-08
     mixing beta               =       0.3000
     number of iterations used =            8  plain     mixing
     Exchange-correlation      = PBE ( 1  4  3  4 0 0)
     nstep                     =           50


     celldm(1)=  22.676714  celldm(2)=   0.000000  celldm(3)=   0.000000
     celldm(4)=   0.000000  celldm(5)=   0.000000  celldm(6)=   0.000000

     crystal axes: (cart. coord. in units of alat)
               a(1) = (   1.000000   0.000000   0.000000 )  
               a(2) = (   0.000000   0.416667   0.000000 )  
               a(3) = (   0.000000   0.000000   0.416667 )  

     reciprocal axes: (cart. coord. in units 2 pi/alat)
               b(1) = (  1.000000  0.000000  0.000000 )  
               b(2) = (  0.000000  2.399998  0.000000 )  
               b(3) = (  0.000000  0.000000  2.399998 )  


     PseudoPot. # 1 for H  read from file:
     /home/xing/espresso/pseudo/H.pbe-rrkjus_psl.1.0.0.UPF
     MD5 check sum: 3f4114867bd07edc7f1424d066fc1888
     Pseudo is Ultrasoft, Zval =  1.0
     Generated using "atomic" code by A. Dal Corso v.6.3MaX
     Using radial grid of  929 points,  2 beta functions with: 
                l(1) =   0
                l(2) =   0
     Q(r) pseudized with 0 coefficients 


     atomic species   valence    mass     pseudopotential
        H              1.00     1.00800     H ( 1.00)

     Starting magnetic structure 
     atomic species   magnetization
        H            0.500

      8 Sym. Ops. (no inversion) found


                                    s                        frac. trans.

      isym =  1     identity                                     

 cryst.   s( 1) = (     1          0          0      )
                  (     0          1          0      )
                  (     0          0          1      )

 cart.    s( 1) = (  1.0000000  0.0000000  0.0000000 )
                  (  0.0000000  1.0000000  0.0000000 )
                  (  0.0000000  0.0000000  1.0000000 )


      isym =  2     180 deg rotation - cart. axis [1,0,0]        

 cryst.   s( 2) = (     1          0          0      )
                  (     0         -1          0      )
                  (     0          0         -1      )

 cart.    s( 2) = (  1.0000000  0.0000000  0.0000000 )
                  (  0.0000000 -1.0000000  0.0000000 )
                  (  0.0000000  0.0000000 -1.0000000 )


      isym =  3      90 deg rotation - cart. axis [-1,0,0]       

 cryst.   s( 3) = (     1          0          0      )
                  (     0          0         -1      )
                  (     0          1          0      )

 cart.    s( 3) = (  1.0000000  0.0000000  0.0000000 )
                  (  0.0000000  0.0000000  1.0000000 )
                  (  0.0000000 -1.0000000  0.0000000 )


      isym =  4      90 deg rotation - cart. axis [1,0,0]        

 cryst.   s( 4) = (     1          0          0      )
                  (     0          0          1      )
                  (     0         -1          0      )

 cart.    s( 4) = (  1.0000000  0.0000000  0.0000000 )
                  (  0.0000000  0.0000000 -1.0000000 )
                  (  0.0000000  1.0000000  0.0000000 )


      isym =  5     inv. 180 deg rotation - cart. axis [0,0,1]   

 cryst.   s( 5) = (     1          0          0      )
                  (     0          1          0      )
                  (     0          0         -1      )

 cart.    s( 5) = (  1.0000000  0.0000000  0.0000000 )
                  (  0.0000000  1.0000000  0.0000000 )
                  (  0.0000000  0.0000000 -1.0000000 )


      isym =  6     inv. 180 deg rotation - cart. axis [0,1,0]   

 cryst.   s( 6) = (     1          0          0      )
                  (     0         -1          0      )
                  (     0          0          1      )

 cart.    s( 6) = (  1.0000000  0.0000000  0.0000000 )
                  (  0.0000000 -1.0000000  0.0000000 )
                  (  0.0000000  0.0000000  1.0000000 )


      isym =  7     inv. 180 deg rotation - cart. axis [0,1,1]   

 cryst.   s( 7) = (     1          0          0      )
                  (     0          0         -1      )
                  (     0         -1          0      )

 cart.    s( 7) = (  1.0000000  0.0000000  0.0000000 )
                  (  0.0000000  0.0000000 -1.0000000 )
                  (  0.0000000 -1.0000000  0.0000000 )


      isym =  8     inv. 180 deg rotation - cart. axis [0,1,-1]  

 cryst.   s( 8) = (     1          0          0      )
                  (     0          0          1      )
                  (     0          1          0      )

 cart.    s( 8) = (  1.0000000  0.0000000  0.0000000 )
                  (  0.0000000  0.0000000  1.0000000 )
                  (  0.0000000  1.0000000  0.0000000 )


   Cartesian axes

     site n.     atom                  positions (alat units)
         1           H   tau(   1) = (   0.0000000   0.0000000   0.0000000  )
         2           H   tau(   2) = (   0.0630150   0.0000000   0.0000000  )
         3           H   tau(   3) = (   0.2500000   0.0000000   0.0000000  )

   Crystallographic axes

     site n.     atom                  positions (cryst. coord.)
         1           H   tau(   1) = (  0.0000000  0.0000000  0.0000000  )
         2           H   tau(   2) = (  0.0630150  0.0000000  0.0000000  )
         3           H   tau(   3) = (  0.2500000  0.0000000  0.0000000  )

     number of k points=     1  gaussian smearing, width (Ry)=  0.0300
                       cart. coord. in units 2pi/alat
        k(    1) = (   0.0000000   0.0000000   0.0000000), wk =   1.0000000

                       cryst. coord.
        k(    1) = (   0.0000000   0.0000000   0.0000000), wk =   1.0000000

     Dense  grid:    34165 G-vectors     FFT dimensions: (  75,  32,  32)

     Smooth grid:    24401 G-vectors     FFT dimensions: (  72,  27,  27)

     Dynamical RAM for                 wfc:       0.07 MB

     Dynamical RAM for     wfc (w. buffer):       0.21 MB

     Dynamical RAM for           str. fact:       0.13 MB

     Dynamical RAM for           local pot:       0.00 MB

     Dynamical RAM for          nlocal pot:       0.07 MB

     Dynamical RAM for                qrad:       0.08 MB

     Dynamical RAM for          rho,v,vnew:       1.66 MB

     Dynamical RAM for               rhoin:       0.55 MB

     Dynamical RAM for            rho*nmix:       4.17 MB

     Dynamical RAM for           G-vectors:       0.54 MB

     Dynamical RAM for          h,s,v(r/c):       0.03 MB

     Dynamical RAM for          <psi|beta>:       0.00 MB

     Dynamical RAM for                 psi:       0.28 MB

     Dynamical RAM for                hpsi:       0.28 MB

     Dynamical RAM for                spsi:       0.28 MB

     Dynamical RAM for      wfcinit/wfcrot:       0.14 MB

     Dynamical RAM for           addusdens:       1.30 MB

     Dynamical RAM for          addusforce:       1.83 MB

     Estimated static dynamical RAM per process >       8.55 MB

     Estimated max dynamical RAM per process >      10.38 MB

     Estimated total dynamical RAM >      41.51 MB
     Generating pointlists ...
     new r_m :   0.0260 (alat units)  0.5895 (a.u.) for type    1

     Initial potential from superposition of free atoms

     starting charge    2.99997, renormalised to    3.00000

     negative rho (up, down):  4.368E-03 0.000E+00
     Starting wfcs are    3 randomized atomic wfcs +    3 random wfcs

     total cpu time spent up to now is        0.1 secs

     Self-consistent Calculation

     iteration #  1     ecut=    20.00 Ry     beta= 0.30
     Davidson diagonalization with overlap
     ethr =  1.00E-02,  avg # of iterations =  7.5

     negative rho (up, down):  5.545E-03 6.710E-02

     total cpu time spent up to now is        0.2 secs

     total energy              =      -3.29347642 Ry
     Harris-Foulkes estimate   =      -3.28954127 Ry
     estimated scf accuracy    <       0.11172889 Ry

     total magnetization       =     1.00 Bohr mag/cell
     absolute magnetization    =     1.03 Bohr mag/cell

     iteration #  2     ecut=    20.00 Ry     beta= 0.30
     Davidson diagonalization with overlap
     ethr =  3.72E-03,  avg # of iterations =  1.0

     negative rho (up, down):  7.651E-03 1.715E-01

     total cpu time spent up to now is        0.2 secs

     total energy              =      -3.30384590 Ry
     Harris-Foulkes estimate   =      -3.29519359 Ry
     estimated scf accuracy    <       0.04422928 Ry

     total magnetization       =     1.00 Bohr mag/cell
     absolute magnetization    =     1.02 Bohr mag/cell

     iteration #  3     ecut=    20.00 Ry     beta= 0.30
     Davidson diagonalization with overlap
     ethr =  1.47E-03,  avg # of iterations =  1.5

     negative rho (up, down):  7.704E-03 1.740E-01

     total cpu time spent up to now is        0.3 secs

     total energy              =      -3.31108188 Ry
     Harris-Foulkes estimate   =      -3.30960488 Ry
     estimated scf accuracy    <       0.00084036 Ry

     total magnetization       =     1.00 Bohr mag/cell
     absolute magnetization    =     1.02 Bohr mag/cell

     iteration #  4     ecut=    20.00 Ry     beta= 0.30
     Davidson diagonalization with overlap
     ethr =  2.80E-05,  avg # of iterations =  3.0

     negative rho (up, down):  8.212E-03 2.223E-01

     total cpu time spent up to now is        0.3 secs

     total energy              =      -3.32232291 Ry
     Harris-Foulkes estimate   =      -3.31126696 Ry
     estimated scf accuracy    <       0.00044718 Ry

     total magnetization       =     1.00 Bohr mag/cell
     absolute magnetization    =     1.01 Bohr mag/cell

     iteration #  5     ecut=    20.00 Ry     beta= 0.30
     Davidson diagonalization with overlap
     ethr =  1.49E-05,  avg # of iterations =  3.5

     negative rho (up, down):  8.396E-03 2.218E-01

     total cpu time spent up to now is        0.4 secs

     total energy              =      -3.32221198 Ry
     Harris-Foulkes estimate   =      -3.32255774 Ry
     estimated scf accuracy    <       0.00002296 Ry

     total magnetization       =     1.00 Bohr mag/cell
     absolute magnetization    =     1.01 Bohr mag/cell

     iteration #  6     ecut=    20.00 Ry     beta= 0.30
     Davidson diagonalization with overlap
     ethr =  7.65E-07,  avg # of iterations =  3.0

     negative rho (up, down):  8.524E-03 2.204E-01

     total cpu time spent up to now is        0.4 secs

     total energy              =      -3.32084803 Ry
     Harris-Foulkes estimate   =      -3.32221397 Ry
     estimated scf accuracy    <       0.00002510 Ry

     total magnetization       =     1.00 Bohr mag/cell
     absolute magnetization    =     1.01 Bohr mag/cell

     iteration #  7     ecut=    20.00 Ry     beta= 0.30
     Davidson diagonalization with overlap
     ethr =  7.65E-07,  avg # of iterations =  2.5

     negative rho (up, down):  8.630E-03 2.171E-01

     total cpu time spent up to now is        0.4 secs

     total energy              =      -3.31582021 Ry
     Harris-Foulkes estimate   =      -3.32085050 Ry
     estimated scf accuracy    <       0.00001546 Ry

     total magnetization       =     1.00 Bohr mag/cell
     absolute magnetization    =     1.01 Bohr mag/cell

     iteration #  8     ecut=    20.00 Ry     beta= 0.30
     Davidson diagonalization with overlap
     ethr =  5.15E-07,  avg # of iterations =  2.5

     negative rho (up, down):  8.691E-03 2.177E-01

     total cpu time spent up to now is        0.5 secs

     total energy              =      -3.31567497 Ry
     Harris-Foulkes estimate   =      -3.31584754 Ry
     estimated scf accuracy    <       0.00001708 Ry

     total magnetization       =     1.00 Bohr mag/cell
     absolute magnetization    =     1.01 Bohr mag/cell

     iteration #  9     ecut=    20.00 Ry     beta= 0.30
     Davidson diagonalization with overlap
     ethr =  5.15E-07,  avg # of iterations =  2.0

     negative rho (up, down):  8.723E-03 2.197E-01

     total cpu time spent up to now is        0.5 secs

     total energy              =      -3.31595015 Ry
     Harris-Foulkes estimate   =      -3.31567518 Ry
     estimated scf accuracy    <       0.00001664 Ry

     total magnetization       =     1.00 Bohr mag/cell
     absolute magnetization    =     1.01 Bohr mag/cell

     iteration # 10     ecut=    20.00 Ry     beta= 0.30
     Davidson diagonalization with overlap
     ethr =  5.15E-07,  avg # of iterations =  1.5

     negative rho (up, down):  8.743E-03 2.206E-01

     total cpu time spent up to now is        0.6 secs

     total energy              =      -3.31579045 Ry
     Harris-Foulkes estimate   =      -3.31595082 Ry
     estimated scf accuracy    <       0.00000685 Ry

     total magnetization       =     1.00 Bohr mag/cell
     absolute magnetization    =     1.01 Bohr mag/cell

     iteration # 11     ecut=    20.00 Ry     beta= 0.30
     Davidson diagonalization with overlap
     ethr =  2.28E-07,  avg # of iterations =  1.5

     negative rho (up, down):  8.757E-03 2.217E-01

     total cpu time spent up to now is        0.6 secs

     total energy              =      -3.31600514 Ry
     Harris-Foulkes estimate   =      -3.31579063 Ry
     estimated scf accuracy    <       0.00000240 Ry

     total magnetization       =     1.00 Bohr mag/cell
     absolute magnetization    =     1.01 Bohr mag/cell

     iteration # 12     ecut=    20.00 Ry     beta= 0.30
     Davidson diagonalization with overlap
     ethr =  8.01E-08,  avg # of iterations =  2.0

     negative rho (up, down):  8.765E-03 2.210E-01

     total cpu time spent up to now is        0.6 secs

     total energy              =      -3.31560327 Ry
     Harris-Foulkes estimate   =      -3.31600544 Ry
     estimated scf accuracy    <       0.00000018 Ry

     total magnetization       =     1.00 Bohr mag/cell
     absolute magnetization    =     1.01 Bohr mag/cell

     iteration # 13     ecut=    20.00 Ry     beta= 0.30
     Davidson diagonalization with overlap
     ethr =  6.04E-09,  avg # of iterations =  2.5

     negative rho (up, down):  8.776E-03 2.216E-01

     total cpu time spent up to now is        0.7 secs

     total energy              =      -3.31570871 Ry
     Harris-Foulkes estimate   =      -3.31560372 Ry
     estimated scf accuracy    <       0.00000003 Ry

     total magnetization       =     1.00 Bohr mag/cell
     absolute magnetization    =     1.01 Bohr mag/cell

     iteration # 14     ecut=    20.00 Ry     beta= 0.30
     Davidson diagonalization with overlap
     ethr =  1.05E-09,  avg # of iterations =  2.0

     negative rho (up, down):  8.785E-03 2.214E-01

     total cpu time spent up to now is        0.7 secs

     total energy              =      -3.31569733 Ry
     Harris-Foulkes estimate   =      -3.31570877 Ry
     estimated scf accuracy    <       0.00000001 Ry

     total magnetization       =     1.00 Bohr mag/cell
     absolute magnetization    =     1.01 Bohr mag/cell

     iteration # 15     ecut=    20.00 Ry     beta= 0.30
     Davidson diagonalization with overlap
     ethr =  4.10E-10,  avg # of iterations =  2.0

     negative rho (up, down):  8.803E-03 2.220E-01

     Magnetic moment per site:
     atom:    1    charge:    0.1925    magn:    0.0031    constr:    0.0000
     atom:    2    charge:    0.2035    magn:   -0.0001    constr:    0.0000
     atom:    3    charge:    0.1296    magn:    0.1293    constr:    0.0000

     total cpu time spent up to now is        0.8 secs

     End of self-consistent calculation

 ------ SPIN UP ------------


          k = 0.0000 0.0000 0.0000 (  3057 PWs)   bands (ev):

   -10.2595  -7.5585  -0.8711  -0.0098   0.2767   1.3808

     occupation numbers 
     1.0000   1.0000   0.0000   0.0000   0.0000   0.0000

 ------ SPIN DOWN ----------


          k = 0.0000 0.0000 0.0000 (  3057 PWs)   bands (ev):

   -10.1599  -2.0145  -0.6769   0.3816   1.7689   2.0819

     occupation numbers 
     1.0000   0.0000   0.0000   0.0000   0.0000   0.0000

     the Fermi energy is    -4.0888 ev

!    total energy              =      -3.31569714 Ry
     Harris-Foulkes estimate   =      -3.31569733 Ry
     estimated scf accuracy    <          3.9E-09 Ry

     The total energy is the sum of the following terms:

     one-electron contribution =      -4.62012277 Ry
     hartree contribution      =       2.53826529 Ry
     xc contribution           =      -1.95831763 Ry
     ewald contribution        =       0.72447797 Ry
     smearing contrib. (-TS)   =      -0.00000000 Ry

     total magnetization       =     1.00 Bohr mag/cell
     absolute magnetization    =     1.01 Bohr mag/cell

     convergence has been achieved in  15 iterations

     Writing output data file h3.save/

     Forces acting on atoms (cartesian axes, Ry/au):

     atom    1 type  1   force =    -0.00335933    0.00000000    0.00000000
     atom    2 type  1   force =    -0.00051128    0.00000000    0.00000000
     atom    3 type  1   force =     0.00387061    0.00000000    0.00000000
     The non-local contrib.  to forces
     atom    1 type  1   force =     0.06932765    0.00000000    0.00000000
     atom    2 type  1   force =    -0.06843838    0.00000000    0.00000000
     atom    3 type  1   force =    -0.00025943    0.00000000    0.00000000
     The ionic contribution  to forces
     atom    1 type  1   force =    -1.07838665    0.00000000   -0.00000000
     atom    2 type  1   force =     0.85501549    0.00000000   -0.00000000
     atom    3 type  1   force =     0.22337117    0.00000000   -0.00000000
     The local contribution  to forces
     atom    1 type  1   force =     1.00710942    0.00000000    0.00000000
     atom    2 type  1   force =    -0.78569105    0.00000000    0.00000000
     atom    3 type  1   force =    -0.21809956   -0.00000000    0.00000000
     The core correction contribution to forces
     atom    1 type  1   force =     0.00000000    0.00000000    0.00000000
     atom    2 type  1   force =     0.00000000    0.00000000    0.00000000
     atom    3 type  1   force =     0.00000000    0.00000000    0.00000000
     The Hubbard contrib.    to forces
     atom    1 type  1   force =     0.00000000    0.00000000    0.00000000
     atom    2 type  1   force =     0.00000000    0.00000000    0.00000000
     atom    3 type  1   force =     0.00000000    0.00000000    0.00000000
     The SCF correction term to forces
     atom    1 type  1   force =    -0.00000000    0.00000000    0.00000000
     atom    2 type  1   force =     0.00000528    0.00000000    0.00000000
     atom    3 type  1   force =     0.00000000   -0.00000000    0.00000000

     Total force =     0.000511     Total SCF correction =     0.000005
