
     coordinates at iteration   0


ATOMIC_POSITIONS (angstrom)
H        0.000000000   0.000000000   0.000000000    0   0   0
H        1.995879720   0.000000000   0.000000000
H        3.000000000   0.000000000   0.000000000    0   0   0



     Parallelization info
     --------------------
     sticks:   dense  smooth     PW     G-vecs:    dense   smooth      PW
     Min         425     339     84                 8541     6100     764
     Max         427     340     85                 8542     6101     765
     Sum        1703    1359    337                34165    24401    3057



     bravais-lattice index     =            0
     lattice parameter (alat)  =      22.6767  a.u.
     unit-cell volume          =    2024.5037 (a.u.)^3
     number of atoms/cell      =            3
     number of atomic types    =            1
     number of electrons       =         3.00
     number of Kohn-Sham states=            6
     kinetic-energy cutoff     =      20.0000  Ry
     charge density cutoff     =     100.0000  Ry
     convergence threshold     =      1.0E-08
     mixing beta               =       0.3000
     number of iterations used =            8  plain     mixing
     Exchange-correlation      = PBE ( 1  4  3  4 0 0)
     nstep                     =           50


     celldm(1)=  22.676714  celldm(2)=   0.000000  celldm(3)=   0.000000
     celldm(4)=   0.000000  celldm(5)=   0.000000  celldm(6)=   0.000000

     crystal axes: (cart. coord. in units of alat)
               a(1) = (   1.000000   0.000000   0.000000 )  
               a(2) = (   0.000000   0.416667   0.000000 )  
               a(3) = (   0.000000   0.000000   0.416667 )  

     reciprocal axes: (cart. coord. in units 2 pi/alat)
               b(1) = (  1.000000  0.000000  0.000000 )  
               b(2) = (  0.000000  2.399998  0.000000 )  
               b(3) = (  0.000000  0.000000  2.399998 )  


     PseudoPot. # 1 for H  read from file:
     /home/xing/espresso/pseudo/H.pbe-rrkjus_psl.1.0.0.UPF
     MD5 check sum: 3f4114867bd07edc7f1424d066fc1888
     Pseudo is Ultrasoft, Zval =  1.0
     Generated using "atomic" code by A. Dal Corso v.6.3MaX
     Using radial grid of  929 points,  2 beta functions with: 
                l(1) =   0
                l(2) =   0
     Q(r) pseudized with 0 coefficients 


     atomic species   valence    mass     pseudopotential
        H              1.00     1.00800     H ( 1.00)

     Starting magnetic structure 
     atomic species   magnetization
        H            0.500

      8 Sym. Ops. (no inversion) found


                                    s                        frac. trans.

      isym =  1     identity                                     

 cryst.   s( 1) = (     1          0          0      )
                  (     0          1          0      )
                  (     0          0          1      )

 cart.    s( 1) = (  1.0000000  0.0000000  0.0000000 )
                  (  0.0000000  1.0000000  0.0000000 )
                  (  0.0000000  0.0000000  1.0000000 )


      isym =  2     180 deg rotation - cart. axis [1,0,0]        

 cryst.   s( 2) = (     1          0          0      )
                  (     0         -1          0      )
                  (     0          0         -1      )

 cart.    s( 2) = (  1.0000000  0.0000000  0.0000000 )
                  (  0.0000000 -1.0000000  0.0000000 )
                  (  0.0000000  0.0000000 -1.0000000 )


      isym =  3      90 deg rotation - cart. axis [-1,0,0]       

 cryst.   s( 3) = (     1          0          0      )
                  (     0          0         -1      )
                  (     0          1          0      )

 cart.    s( 3) = (  1.0000000  0.0000000  0.0000000 )
                  (  0.0000000  0.0000000  1.0000000 )
                  (  0.0000000 -1.0000000  0.0000000 )


      isym =  4      90 deg rotation - cart. axis [1,0,0]        

 cryst.   s( 4) = (     1          0          0      )
                  (     0          0          1      )
                  (     0         -1          0      )

 cart.    s( 4) = (  1.0000000  0.0000000  0.0000000 )
                  (  0.0000000  0.0000000 -1.0000000 )
                  (  0.0000000  1.0000000  0.0000000 )


      isym =  5     inv. 180 deg rotation - cart. axis [0,0,1]   

 cryst.   s( 5) = (     1          0          0      )
                  (     0          1          0      )
                  (     0          0         -1      )

 cart.    s( 5) = (  1.0000000  0.0000000  0.0000000 )
                  (  0.0000000  1.0000000  0.0000000 )
                  (  0.0000000  0.0000000 -1.0000000 )


      isym =  6     inv. 180 deg rotation - cart. axis [0,1,0]   

 cryst.   s( 6) = (     1          0          0      )
                  (     0         -1          0      )
                  (     0          0          1      )

 cart.    s( 6) = (  1.0000000  0.0000000  0.0000000 )
                  (  0.0000000 -1.0000000  0.0000000 )
                  (  0.0000000  0.0000000  1.0000000 )


      isym =  7     inv. 180 deg rotation - cart. axis [0,1,1]   

 cryst.   s( 7) = (     1          0          0      )
                  (     0          0         -1      )
                  (     0         -1          0      )

 cart.    s( 7) = (  1.0000000  0.0000000  0.0000000 )
                  (  0.0000000  0.0000000 -1.0000000 )
                  (  0.0000000 -1.0000000  0.0000000 )


      isym =  8     inv. 180 deg rotation - cart. axis [0,1,-1]  

 cryst.   s( 8) = (     1          0          0      )
                  (     0          0          1      )
                  (     0          1          0      )

 cart.    s( 8) = (  1.0000000  0.0000000  0.0000000 )
                  (  0.0000000  0.0000000  1.0000000 )
                  (  0.0000000  1.0000000  0.0000000 )


   Cartesian axes

     site n.     atom                  positions (alat units)
         1           H   tau(   1) = (   0.0000000   0.0000000   0.0000000  )
         2           H   tau(   2) = (   0.1663233   0.0000000   0.0000000  )
         3           H   tau(   3) = (   0.2500000   0.0000000   0.0000000  )

   Crystallographic axes

     site n.     atom                  positions (cryst. coord.)
         1           H   tau(   1) = (  0.0000000  0.0000000  0.0000000  )
         2           H   tau(   2) = (  0.1663233  0.0000000  0.0000000  )
         3           H   tau(   3) = (  0.2500000  0.0000000  0.0000000  )

     number of k points=     1  gaussian smearing, width (Ry)=  0.0300
                       cart. coord. in units 2pi/alat
        k(    1) = (   0.0000000   0.0000000   0.0000000), wk =   1.0000000

                       cryst. coord.
        k(    1) = (   0.0000000   0.0000000   0.0000000), wk =   1.0000000

     Dense  grid:    34165 G-vectors     FFT dimensions: (  80,  32,  32)

     Smooth grid:    24401 G-vectors     FFT dimensions: (  72,  27,  27)

     Dynamical RAM for                 wfc:       0.07 MB

     Dynamical RAM for     wfc (w. buffer):       0.21 MB

     Dynamical RAM for           str. fact:       0.13 MB

     Dynamical RAM for           local pot:       0.02 MB

     Dynamical RAM for          nlocal pot:       0.07 MB

     Dynamical RAM for                qrad:       0.08 MB

     Dynamical RAM for          rho,v,vnew:       1.72 MB

     Dynamical RAM for               rhoin:       0.57 MB

     Dynamical RAM for            rho*nmix:       4.17 MB

     Dynamical RAM for           G-vectors:       0.54 MB

     Dynamical RAM for          h,s,v(r/c):       0.03 MB

     Dynamical RAM for          <psi|beta>:       0.00 MB

     Dynamical RAM for                 psi:       0.28 MB

     Dynamical RAM for                hpsi:       0.28 MB

     Dynamical RAM for                spsi:       0.28 MB

     Dynamical RAM for      wfcinit/wfcrot:       0.14 MB

     Dynamical RAM for           addusdens:       1.30 MB

     Dynamical RAM for          addusforce:       1.83 MB

     Estimated static dynamical RAM per process >       8.71 MB

     Estimated max dynamical RAM per process >      10.53 MB

     Estimated total dynamical RAM >      42.12 MB
     Generating pointlists ...

     Initial potential from superposition of free atoms

     starting charge    2.99997, renormalised to    3.00000

     negative rho (up, down):  4.363E-03 0.000E+00
     Starting wfcs are    3 randomized atomic wfcs +    3 random wfcs

     total cpu time spent up to now is        4.3 secs

     Self-consistent Calculation

     iteration #  1     ecut=    20.00 Ry     beta= 0.30
     Davidson diagonalization with overlap
     ethr =  1.00E-02,  avg # of iterations =  4.0

     negative rho (up, down):  4.895E-03 5.146E-02

     total cpu time spent up to now is        4.3 secs

     total energy              =      -3.24437591 Ry
     Harris-Foulkes estimate   =      -3.22961660 Ry
     estimated scf accuracy    <       0.05321694 Ry

     total magnetization       =     1.00 Bohr mag/cell
     absolute magnetization    =     1.03 Bohr mag/cell

     iteration #  2     ecut=    20.00 Ry     beta= 0.30
     Davidson diagonalization with overlap
     ethr =  1.77E-03,  avg # of iterations =  1.0

     negative rho (up, down):  5.627E-03 1.439E-01

     total cpu time spent up to now is        4.4 secs

     total energy              =      -3.26299363 Ry
     Harris-Foulkes estimate   =      -3.24562071 Ry
     estimated scf accuracy    <       0.02135264 Ry

     total magnetization       =     1.00 Bohr mag/cell
     absolute magnetization    =     1.02 Bohr mag/cell

     iteration #  3     ecut=    20.00 Ry     beta= 0.30
     Davidson diagonalization with overlap
     ethr =  7.12E-04,  avg # of iterations =  1.5

     negative rho (up, down):  5.759E-03 1.573E-01

     total cpu time spent up to now is        4.4 secs

     total energy              =      -3.26835968 Ry
     Harris-Foulkes estimate   =      -3.26605440 Ry
     estimated scf accuracy    <       0.00081405 Ry

     total magnetization       =     1.00 Bohr mag/cell
     absolute magnetization    =     1.03 Bohr mag/cell

     iteration #  4     ecut=    20.00 Ry     beta= 0.30
     Davidson diagonalization with overlap
     ethr =  2.71E-05,  avg # of iterations =  3.0

     negative rho (up, down):  5.892E-03 1.976E-01

     total cpu time spent up to now is        4.5 secs

     total energy              =      -3.27159755 Ry
     Harris-Foulkes estimate   =      -3.26849822 Ry
     estimated scf accuracy    <       0.00016856 Ry

     total magnetization       =     1.00 Bohr mag/cell
     absolute magnetization    =     1.03 Bohr mag/cell

     iteration #  5     ecut=    20.00 Ry     beta= 0.30
     Davidson diagonalization with overlap
     ethr =  5.62E-06,  avg # of iterations =  3.5

     negative rho (up, down):  5.970E-03 1.961E-01

     total cpu time spent up to now is        4.5 secs

     total energy              =      -3.27175444 Ry
     Harris-Foulkes estimate   =      -3.27192062 Ry
     estimated scf accuracy    <       0.00002295 Ry

     total magnetization       =     1.00 Bohr mag/cell
     absolute magnetization    =     1.04 Bohr mag/cell

     iteration #  6     ecut=    20.00 Ry     beta= 0.30
     Davidson diagonalization with overlap
     ethr =  7.65E-07,  avg # of iterations =  1.0

     negative rho (up, down):  6.000E-03 1.882E-01

     total cpu time spent up to now is        4.6 secs

     total energy              =      -3.27022562 Ry
     Harris-Foulkes estimate   =      -3.27175472 Ry
     estimated scf accuracy    <       0.00001696 Ry

     total magnetization       =     1.00 Bohr mag/cell
     absolute magnetization    =     1.04 Bohr mag/cell

     iteration #  7     ecut=    20.00 Ry     beta= 0.30
     Davidson diagonalization with overlap
     ethr =  5.65E-07,  avg # of iterations =  3.0

     negative rho (up, down):  6.037E-03 1.917E-01

     total cpu time spent up to now is        4.6 secs

     total energy              =      -3.27027541 Ry
     Harris-Foulkes estimate   =      -3.27023893 Ry
     estimated scf accuracy    <       0.00000159 Ry

     total magnetization       =     1.00 Bohr mag/cell
     absolute magnetization    =     1.04 Bohr mag/cell

     iteration #  8     ecut=    20.00 Ry     beta= 0.30
     Davidson diagonalization with overlap
     ethr =  5.29E-08,  avg # of iterations =  2.5

     negative rho (up, down):  6.069E-03 1.931E-01

     total cpu time spent up to now is        4.7 secs

     total energy              =      -3.27025411 Ry
     Harris-Foulkes estimate   =      -3.27027801 Ry
     estimated scf accuracy    <       0.00000058 Ry

     total magnetization       =     1.00 Bohr mag/cell
     absolute magnetization    =     1.04 Bohr mag/cell

     iteration #  9     ecut=    20.00 Ry     beta= 0.30
     Davidson diagonalization with overlap
     ethr =  1.92E-08,  avg # of iterations =  2.0

     negative rho (up, down):  6.091E-03 1.958E-01

     total cpu time spent up to now is        4.7 secs

     total energy              =      -3.27027909 Ry
     Harris-Foulkes estimate   =      -3.27025441 Ry
     estimated scf accuracy    <       0.00000016 Ry

     total magnetization       =     1.00 Bohr mag/cell
     absolute magnetization    =     1.04 Bohr mag/cell

     iteration # 10     ecut=    20.00 Ry     beta= 0.30
     Davidson diagonalization with overlap
     ethr =  5.23E-09,  avg # of iterations =  2.0

     negative rho (up, down):  6.105E-03 1.968E-01

     total cpu time spent up to now is        4.8 secs

     total energy              =      -3.27027958 Ry
     Harris-Foulkes estimate   =      -3.27027913 Ry
     estimated scf accuracy    <       0.00000002 Ry

     total magnetization       =     1.00 Bohr mag/cell
     absolute magnetization    =     1.04 Bohr mag/cell

     iteration # 11     ecut=    20.00 Ry     beta= 0.30
     Davidson diagonalization with overlap
     ethr =  8.07E-10,  avg # of iterations =  2.0

     negative rho (up, down):  6.114E-03 1.974E-01

     total cpu time spent up to now is        4.8 secs

     total energy              =      -3.27027999 Ry
     Harris-Foulkes estimate   =      -3.27027959 Ry
     estimated scf accuracy    <       0.00000002 Ry

     total magnetization       =     1.00 Bohr mag/cell
     absolute magnetization    =     1.04 Bohr mag/cell

     iteration # 12     ecut=    20.00 Ry     beta= 0.30
     Davidson diagonalization with overlap
     ethr =  5.91E-10,  avg # of iterations =  2.0

     negative rho (up, down):  6.139E-03 1.996E-01

     Magnetic moment per site:
     atom:    1    charge:    0.1265    magn:    0.1250    constr:    0.0000
     atom:    2    charge:    0.1556    magn:   -0.0034    constr:    0.0000
     atom:    3    charge:    0.1511    magn:    0.0095    constr:    0.0000

     total cpu time spent up to now is        4.9 secs

     End of self-consistent calculation

 ------ SPIN UP ------------


          k = 0.0000 0.0000 0.0000 (  3057 PWs)   bands (ev):

    -9.4853  -7.4148  -1.0309  -0.1727   0.3676   0.7351

     occupation numbers 
     1.0000   1.0000   0.0000   0.0000   0.0000   0.0000

 ------ SPIN DOWN ----------


          k = 0.0000 0.0000 0.0000 (  3057 PWs)   bands (ev):

    -9.1883  -2.7189  -0.7944   0.4833   1.1451   1.6609

     occupation numbers 
     1.0000   0.0000   0.0000   0.0000   0.0000   0.0000

     the Fermi energy is    -5.5096 ev

!    total energy              =      -3.27030720 Ry
     Harris-Foulkes estimate   =      -3.27028003 Ry
     estimated scf accuracy    <          2.3E-09 Ry

     The total energy is the sum of the following terms:

     one-electron contribution =      -4.20078755 Ry
     hartree contribution      =       2.31311000 Ry
     xc contribution           =      -1.82529626 Ry
     ewald contribution        =       0.44266661 Ry
     smearing contrib. (-TS)   =      -0.00000000 Ry

     total magnetization       =     1.00 Bohr mag/cell
     absolute magnetization    =     1.04 Bohr mag/cell

     convergence has been achieved in  12 iterations

     Writing output data file h3.save/

     Forces acting on atoms (cartesian axes, Ry/au):

     atom    1 type  1   force =     0.00020418    0.00000000    0.00000000
     atom    2 type  1   force =     0.14369116    0.00000000    0.00000000
     atom    3 type  1   force =    -0.14389533    0.00000000    0.00000000
     The non-local contrib.  to forces
     atom    1 type  1   force =     0.00073221    0.00000000    0.00000000
     atom    2 type  1   force =     0.03540613    0.00000000    0.00000000
     atom    3 type  1   force =    -0.03587336    0.00000000    0.00000000
     The ionic contribution  to forces
     atom    1 type  1   force =    -0.25192197    0.00000000   -0.00000000
     atom    2 type  1   force =    -0.40595548   -0.00000000   -0.00000000
     atom    3 type  1   force =     0.65787744    0.00000000   -0.00000000
     The local contribution  to forces
     atom    1 type  1   force =     0.25104635    0.00000000    0.00000000
     atom    2 type  1   force =     0.51413224   -0.00000000    0.00000000
     atom    3 type  1   force =    -0.76601351   -0.00000000    0.00000000
     The core correction contribution to forces
     atom    1 type  1   force =     0.00000000    0.00000000    0.00000000
     atom    2 type  1   force =     0.00000000    0.00000000    0.00000000
     atom    3 type  1   force =     0.00000000    0.00000000    0.00000000
     The Hubbard contrib.    to forces
     atom    1 type  1   force =     0.00000000    0.00000000    0.00000000
     atom    2 type  1   force =     0.00000000    0.00000000    0.00000000
     atom    3 type  1   force =     0.00000000    0.00000000    0.00000000
     The SCF correction term to forces
     atom    1 type  1   force =     0.00000000    0.00000000    0.00000000
     atom    2 type  1   force =    -0.00000296    0.00000000    0.00000000
     atom    3 type  1   force =     0.00000000   -0.00000000    0.00000000

     Total force =     0.143691     Total SCF correction =     0.000003

     coordinates at iteration   1


ATOMIC_POSITIONS (angstrom)
H        0.000000000   0.000000000   0.000000000    0   0   0
H        1.974368716   0.000000000   0.000000000
H        3.000000000   0.000000000   0.000000000    0   0   0



     Parallelization info
     --------------------
     sticks:   dense  smooth     PW     G-vecs:    dense   smooth      PW
     Min         425     339     84                 8541     6100     764
     Max         427     340     85                 8542     6101     765
     Sum        1703    1359    337                34165    24401    3057



     bravais-lattice index     =            0
     lattice parameter (alat)  =      22.6767  a.u.
     unit-cell volume          =    2024.5037 (a.u.)^3
     number of atoms/cell      =            3
     number of atomic types    =            1
     number of electrons       =         3.00
     number of Kohn-Sham states=            6
     kinetic-energy cutoff     =      20.0000  Ry
     charge density cutoff     =     100.0000  Ry
     convergence threshold     =      1.0E-08
     mixing beta               =       0.3000
     number of iterations used =            8  plain     mixing
     Exchange-correlation      = PBE ( 1  4  3  4 0 0)
     nstep                     =           50


     celldm(1)=  22.676714  celldm(2)=   0.000000  celldm(3)=   0.000000
     celldm(4)=   0.000000  celldm(5)=   0.000000  celldm(6)=   0.000000

     crystal axes: (cart. coord. in units of alat)
               a(1) = (   1.000000   0.000000   0.000000 )  
               a(2) = (   0.000000   0.416667   0.000000 )  
               a(3) = (   0.000000   0.000000   0.416667 )  

     reciprocal axes: (cart. coord. in units 2 pi/alat)
               b(1) = (  1.000000  0.000000  0.000000 )  
               b(2) = (  0.000000  2.399998  0.000000 )  
               b(3) = (  0.000000  0.000000  2.399998 )  


     PseudoPot. # 1 for H  read from file:
     /home/xing/espresso/pseudo/H.pbe-rrkjus_psl.1.0.0.UPF
     MD5 check sum: 3f4114867bd07edc7f1424d066fc1888
     Pseudo is Ultrasoft, Zval =  1.0
     Generated using "atomic" code by A. Dal Corso v.6.3MaX
     Using radial grid of  929 points,  2 beta functions with: 
                l(1) =   0
                l(2) =   0
     Q(r) pseudized with 0 coefficients 


     atomic species   valence    mass     pseudopotential
        H              1.00     1.00800     H ( 1.00)

     Starting magnetic structure 
     atomic species   magnetization
        H            0.500

      8 Sym. Ops. (no inversion) found


                                    s                        frac. trans.

      isym =  1     identity                                     

 cryst.   s( 1) = (     1          0          0      )
                  (     0          1          0      )
                  (     0          0          1      )

 cart.    s( 1) = (  1.0000000  0.0000000  0.0000000 )
                  (  0.0000000  1.0000000  0.0000000 )
                  (  0.0000000  0.0000000  1.0000000 )


      isym =  2     180 deg rotation - cart. axis [1,0,0]        

 cryst.   s( 2) = (     1          0          0      )
                  (     0         -1          0      )
                  (     0          0         -1      )

 cart.    s( 2) = (  1.0000000  0.0000000  0.0000000 )
                  (  0.0000000 -1.0000000  0.0000000 )
                  (  0.0000000  0.0000000 -1.0000000 )


      isym =  3      90 deg rotation - cart. axis [-1,0,0]       

 cryst.   s( 3) = (     1          0          0      )
                  (     0          0         -1      )
                  (     0          1          0      )

 cart.    s( 3) = (  1.0000000  0.0000000  0.0000000 )
                  (  0.0000000  0.0000000  1.0000000 )
                  (  0.0000000 -1.0000000  0.0000000 )


      isym =  4      90 deg rotation - cart. axis [1,0,0]        

 cryst.   s( 4) = (     1          0          0      )
                  (     0          0          1      )
                  (     0         -1          0      )

 cart.    s( 4) = (  1.0000000  0.0000000  0.0000000 )
                  (  0.0000000  0.0000000 -1.0000000 )
                  (  0.0000000  1.0000000  0.0000000 )


      isym =  5     inv. 180 deg rotation - cart. axis [0,0,1]   

 cryst.   s( 5) = (     1          0          0      )
                  (     0          1          0      )
                  (     0          0         -1      )

 cart.    s( 5) = (  1.0000000  0.0000000  0.0000000 )
                  (  0.0000000  1.0000000  0.0000000 )
                  (  0.0000000  0.0000000 -1.0000000 )


      isym =  6     inv. 180 deg rotation - cart. axis [0,1,0]   

 cryst.   s( 6) = (     1          0          0      )
                  (     0         -1          0      )
                  (     0          0          1      )

 cart.    s( 6) = (  1.0000000  0.0000000  0.0000000 )
                  (  0.0000000 -1.0000000  0.0000000 )
                  (  0.0000000  0.0000000  1.0000000 )


      isym =  7     inv. 180 deg rotation - cart. axis [0,1,1]   

 cryst.   s( 7) = (     1          0          0      )
                  (     0          0         -1      )
                  (     0         -1          0      )

 cart.    s( 7) = (  1.0000000  0.0000000  0.0000000 )
                  (  0.0000000  0.0000000 -1.0000000 )
                  (  0.0000000 -1.0000000  0.0000000 )


      isym =  8     inv. 180 deg rotation - cart. axis [0,1,-1]  

 cryst.   s( 8) = (     1          0          0      )
                  (     0          0          1      )
                  (     0          1          0      )

 cart.    s( 8) = (  1.0000000  0.0000000  0.0000000 )
                  (  0.0000000  0.0000000  1.0000000 )
                  (  0.0000000  1.0000000  0.0000000 )


   Cartesian axes

     site n.     atom                  positions (alat units)
         1           H   tau(   1) = (   0.0000000   0.0000000   0.0000000  )
         2           H   tau(   2) = (   0.1645307   0.0000000   0.0000000  )
         3           H   tau(   3) = (   0.2500000   0.0000000   0.0000000  )

   Crystallographic axes

     site n.     atom                  positions (cryst. coord.)
         1           H   tau(   1) = (  0.0000000  0.0000000  0.0000000  )
         2           H   tau(   2) = (  0.1645307  0.0000000  0.0000000  )
         3           H   tau(   3) = (  0.2500000  0.0000000  0.0000000  )

     number of k points=     1  gaussian smearing, width (Ry)=  0.0300
                       cart. coord. in units 2pi/alat
        k(    1) = (   0.0000000   0.0000000   0.0000000), wk =   1.0000000

                       cryst. coord.
        k(    1) = (   0.0000000   0.0000000   0.0000000), wk =   1.0000000

     Dense  grid:    34165 G-vectors     FFT dimensions: (  80,  32,  32)

     Smooth grid:    24401 G-vectors     FFT dimensions: (  72,  27,  27)

     Dynamical RAM for                 wfc:       0.07 MB

     Dynamical RAM for     wfc (w. buffer):       0.21 MB

     Dynamical RAM for           str. fact:       0.13 MB

     Dynamical RAM for           local pot:       0.02 MB

     Dynamical RAM for          nlocal pot:       0.07 MB

     Dynamical RAM for                qrad:       0.08 MB

     Dynamical RAM for          rho,v,vnew:       1.72 MB

     Dynamical RAM for               rhoin:       0.57 MB

     Dynamical RAM for            rho*nmix:       4.17 MB

     Dynamical RAM for           G-vectors:       0.54 MB

     Dynamical RAM for          h,s,v(r/c):       0.03 MB

     Dynamical RAM for          <psi|beta>:       0.00 MB

     Dynamical RAM for                 psi:       0.28 MB

     Dynamical RAM for                hpsi:       0.28 MB

     Dynamical RAM for                spsi:       0.28 MB

     Dynamical RAM for      wfcinit/wfcrot:       0.14 MB

     Dynamical RAM for           addusdens:       1.30 MB

     Dynamical RAM for          addusforce:       1.83 MB

     Estimated static dynamical RAM per process >       8.71 MB

     Estimated max dynamical RAM per process >      10.53 MB

     Estimated total dynamical RAM >      42.12 MB
     Generating pointlists ...

     The initial density is read from file :
     ./h3_6/h3.save/charge-density


     negative rho (up, down):  6.139E-03 1.996E-01
     Starting wfcs from file
     NEW-OLD atomic charge density approx. for the potential

     negative rho (up, down):  6.147E-03 1.320E-01

     total cpu time spent up to now is        8.8 secs

     Self-consistent Calculation

     iteration #  1     ecut=    20.00 Ry     beta= 0.30
     Davidson diagonalization with overlap
     ethr =  1.00E-05,  avg # of iterations =  3.0

     negative rho (up, down):  6.099E-03 1.948E-01

     total cpu time spent up to now is        8.8 secs

     total energy              =      -3.25863344 Ry
     Harris-Foulkes estimate   =      -3.25881180 Ry
     estimated scf accuracy    <       0.00034446 Ry

     total magnetization       =     1.00 Bohr mag/cell
     absolute magnetization    =     1.04 Bohr mag/cell

     iteration #  2     ecut=    20.00 Ry     beta= 0.30
     Davidson diagonalization with overlap
     ethr =  1.15E-05,  avg # of iterations =  2.0

     negative rho (up, down):  6.075E-03 1.944E-01

     total cpu time spent up to now is        8.9 secs

     total energy              =      -3.26429850 Ry
     Harris-Foulkes estimate   =      -3.26430933 Ry
     estimated scf accuracy    <       0.00002741 Ry

     total magnetization       =     1.00 Bohr mag/cell
     absolute magnetization    =     1.04 Bohr mag/cell

     iteration #  3     ecut=    20.00 Ry     beta= 0.30
     Davidson diagonalization with overlap
     ethr =  9.14E-07,  avg # of iterations =  1.0

     negative rho (up, down):  6.050E-03 1.931E-01

     total cpu time spent up to now is        8.9 secs

     total energy              =      -3.26427834 Ry
     Harris-Foulkes estimate   =      -3.26429949 Ry
     estimated scf accuracy    <       0.00000930 Ry

     total magnetization       =     1.00 Bohr mag/cell
     absolute magnetization    =     1.04 Bohr mag/cell

     iteration #  4     ecut=    20.00 Ry     beta= 0.30
     Davidson diagonalization with overlap
     ethr =  3.10E-07,  avg # of iterations =  1.5

     negative rho (up, down):  6.047E-03 1.941E-01

     total cpu time spent up to now is        9.0 secs

     total energy              =      -3.26428329 Ry
     Harris-Foulkes estimate   =      -3.26428055 Ry
     estimated scf accuracy    <       0.00000150 Ry

     total magnetization       =     1.00 Bohr mag/cell
     absolute magnetization    =     1.04 Bohr mag/cell

     iteration #  5     ecut=    20.00 Ry     beta= 0.30
     Davidson diagonalization with overlap
     ethr =  5.01E-08,  avg # of iterations =  1.5

     negative rho (up, down):  6.043E-03 1.944E-01

     total cpu time spent up to now is        9.0 secs

     total energy              =      -3.26428366 Ry
     Harris-Foulkes estimate   =      -3.26428362 Ry
     estimated scf accuracy    <       0.00000006 Ry

     total magnetization       =     1.00 Bohr mag/cell
     absolute magnetization    =     1.04 Bohr mag/cell

     iteration #  6     ecut=    20.00 Ry     beta= 0.30
     Davidson diagonalization with overlap
     ethr =  2.08E-09,  avg # of iterations =  1.5

     negative rho (up, down):  6.041E-03 1.948E-01

     total cpu time spent up to now is        9.1 secs

     total energy              =      -3.26428223 Ry
     Harris-Foulkes estimate   =      -3.26428368 Ry
     estimated scf accuracy    <       0.00000002 Ry

     total magnetization       =     1.00 Bohr mag/cell
     absolute magnetization    =     1.04 Bohr mag/cell

     iteration #  7     ecut=    20.00 Ry     beta= 0.30
     Davidson diagonalization with overlap
     ethr =  5.12E-10,  avg # of iterations =  2.0

     negative rho (up, down):  6.034E-03 1.988E-01

     Magnetic moment per site:
     atom:    1    charge:    0.1265    magn:    0.1247    constr:    0.0000
     atom:    2    charge:    0.1519    magn:   -0.0039    constr:    0.0000
     atom:    3    charge:    0.1486    magn:    0.0105    constr:    0.0000

     total cpu time spent up to now is        9.1 secs

     End of self-consistent calculation

 ------ SPIN UP ------------


          k = 0.0000 0.0000 0.0000 (  3057 PWs)   bands (ev):

    -9.4448  -7.3971  -1.0628  -0.1976   0.3700   0.6912

     occupation numbers 
     1.0000   1.0000   0.0000   0.0000   0.0000   0.0000

 ------ SPIN DOWN ----------


          k = 0.0000 0.0000 0.0000 (  3057 PWs)   bands (ev):

    -9.1203  -2.8043  -0.8125   0.4862   1.0869   1.6197

     occupation numbers 
     1.0000   0.0000   0.0000   0.0000   0.0000   0.0000

     the Fermi energy is    -5.4997 ev

!    total energy              =      -3.26428346 Ry
     Harris-Foulkes estimate   =      -3.26428228 Ry
     estimated scf accuracy    <          6.0E-09 Ry

     The total energy is the sum of the following terms:

     one-electron contribution =      -4.17291698 Ry
     hartree contribution      =       2.29768439 Ry
     xc contribution           =      -1.81574357 Ry
     ewald contribution        =       0.42669270 Ry
     smearing contrib. (-TS)   =      -0.00000000 Ry

     total magnetization       =     1.00 Bohr mag/cell
     absolute magnetization    =     1.04 Bohr mag/cell

     convergence has been achieved in   7 iterations

     Writing output data file h3.save/

     Forces acting on atoms (cartesian axes, Ry/au):

     atom    1 type  1   force =     0.00075309    0.00000000    0.00000000
     atom    2 type  1   force =     0.14751493    0.00000000    0.00000000
     atom    3 type  1   force =    -0.14826803    0.00000000    0.00000000
     The non-local contrib.  to forces
     atom    1 type  1   force =     0.00082102    0.00000000    0.00000000
     atom    2 type  1   force =     0.03347718    0.00000000    0.00000000
     atom    3 type  1   force =    -0.03411451    0.00000000    0.00000000
     The ionic contribution  to forces
     atom    1 type  1   force =    -0.25490472   -0.00000000   -0.00000000
     atom    2 type  1   force =    -0.38019825   -0.00000000   -0.00000000
     atom    3 type  1   force =     0.63510297   -0.00000000   -0.00000000
     The local contribution  to forces
     atom    1 type  1   force =     0.25464586   -0.00000000    0.00000000
     atom    2 type  1   force =     0.49404720   -0.00000000    0.00000000
     atom    3 type  1   force =    -0.74942223    0.00000000    0.00000000
     The core correction contribution to forces
     atom    1 type  1   force =     0.00000000    0.00000000    0.00000000
     atom    2 type  1   force =     0.00000000    0.00000000    0.00000000
     atom    3 type  1   force =     0.00000000    0.00000000    0.00000000
     The Hubbard contrib.    to forces
     atom    1 type  1   force =     0.00000000    0.00000000    0.00000000
     atom    2 type  1   force =     0.00000000    0.00000000    0.00000000
     atom    3 type  1   force =     0.00000000    0.00000000    0.00000000
     The SCF correction term to forces
     atom    1 type  1   force =     0.00000000    0.00000000    0.00000000
     atom    2 type  1   force =     0.00002685   -0.00000000    0.00000000
     atom    3 type  1   force =     0.00000000    0.00000000    0.00000000

     Total force =     0.147515     Total SCF correction =     0.000027

     coordinates at iteration   2


ATOMIC_POSITIONS (angstrom)
H        0.000000000   0.000000000   0.000000000    0   0   0
H        1.950483766   0.000000000   0.000000000
H        3.000000000   0.000000000   0.000000000    0   0   0



     Parallelization info
     --------------------
     sticks:   dense  smooth     PW     G-vecs:    dense   smooth      PW
     Min         425     339     84                 8541     6100     764
     Max         427     340     85                 8542     6101     765
     Sum        1703    1359    337                34165    24401    3057



     bravais-lattice index     =            0
     lattice parameter (alat)  =      22.6767  a.u.
     unit-cell volume          =    2024.5037 (a.u.)^3
     number of atoms/cell      =            3
     number of atomic types    =            1
     number of electrons       =         3.00
     number of Kohn-Sham states=            6
     kinetic-energy cutoff     =      20.0000  Ry
     charge density cutoff     =     100.0000  Ry
     convergence threshold     =      1.0E-08
     mixing beta               =       0.3000
     number of iterations used =            8  plain     mixing
     Exchange-correlation      = PBE ( 1  4  3  4 0 0)
     nstep                     =           50


     celldm(1)=  22.676714  celldm(2)=   0.000000  celldm(3)=   0.000000
     celldm(4)=   0.000000  celldm(5)=   0.000000  celldm(6)=   0.000000

     crystal axes: (cart. coord. in units of alat)
               a(1) = (   1.000000   0.000000   0.000000 )  
               a(2) = (   0.000000   0.416667   0.000000 )  
               a(3) = (   0.000000   0.000000   0.416667 )  

     reciprocal axes: (cart. coord. in units 2 pi/alat)
               b(1) = (  1.000000  0.000000  0.000000 )  
               b(2) = (  0.000000  2.399998  0.000000 )  
               b(3) = (  0.000000  0.000000  2.399998 )  


     PseudoPot. # 1 for H  read from file:
     /home/xing/espresso/pseudo/H.pbe-rrkjus_psl.1.0.0.UPF
     MD5 check sum: 3f4114867bd07edc7f1424d066fc1888
     Pseudo is Ultrasoft, Zval =  1.0
     Generated using "atomic" code by A. Dal Corso v.6.3MaX
     Using radial grid of  929 points,  2 beta functions with: 
                l(1) =   0
                l(2) =   0
     Q(r) pseudized with 0 coefficients 


     atomic species   valence    mass     pseudopotential
        H              1.00     1.00800     H ( 1.00)

     Starting magnetic structure 
     atomic species   magnetization
        H            0.500

      8 Sym. Ops. (no inversion) found


                                    s                        frac. trans.

      isym =  1     identity                                     

 cryst.   s( 1) = (     1          0          0      )
                  (     0          1          0      )
                  (     0          0          1      )

 cart.    s( 1) = (  1.0000000  0.0000000  0.0000000 )
                  (  0.0000000  1.0000000  0.0000000 )
                  (  0.0000000  0.0000000  1.0000000 )


      isym =  2     180 deg rotation - cart. axis [1,0,0]        

 cryst.   s( 2) = (     1          0          0      )
                  (     0         -1          0      )
                  (     0          0         -1      )

 cart.    s( 2) = (  1.0000000  0.0000000  0.0000000 )
                  (  0.0000000 -1.0000000  0.0000000 )
                  (  0.0000000  0.0000000 -1.0000000 )


      isym =  3      90 deg rotation - cart. axis [-1,0,0]       

 cryst.   s( 3) = (     1          0          0      )
                  (     0          0         -1      )
                  (     0          1          0      )

 cart.    s( 3) = (  1.0000000  0.0000000  0.0000000 )
                  (  0.0000000  0.0000000  1.0000000 )
                  (  0.0000000 -1.0000000  0.0000000 )


      isym =  4      90 deg rotation - cart. axis [1,0,0]        

 cryst.   s( 4) = (     1          0          0      )
                  (     0          0          1      )
                  (     0         -1          0      )

 cart.    s( 4) = (  1.0000000  0.0000000  0.0000000 )
                  (  0.0000000  0.0000000 -1.0000000 )
                  (  0.0000000  1.0000000  0.0000000 )


      isym =  5     inv. 180 deg rotation - cart. axis [0,0,1]   

 cryst.   s( 5) = (     1          0          0      )
                  (     0          1          0      )
                  (     0          0         -1      )

 cart.    s( 5) = (  1.0000000  0.0000000  0.0000000 )
                  (  0.0000000  1.0000000  0.0000000 )
                  (  0.0000000  0.0000000 -1.0000000 )


      isym =  6     inv. 180 deg rotation - cart. axis [0,1,0]   

 cryst.   s( 6) = (     1          0          0      )
                  (     0         -1          0      )
                  (     0          0          1      )

 cart.    s( 6) = (  1.0000000  0.0000000  0.0000000 )
                  (  0.0000000 -1.0000000  0.0000000 )
                  (  0.0000000  0.0000000  1.0000000 )


      isym =  7     inv. 180 deg rotation - cart. axis [0,1,1]   

 cryst.   s( 7) = (     1          0          0      )
                  (     0          0         -1      )
                  (     0         -1          0      )

 cart.    s( 7) = (  1.0000000  0.0000000  0.0000000 )
                  (  0.0000000  0.0000000 -1.0000000 )
                  (  0.0000000 -1.0000000  0.0000000 )


      isym =  8     inv. 180 deg rotation - cart. axis [0,1,-1]  

 cryst.   s( 8) = (     1          0          0      )
                  (     0          0          1      )
                  (     0          1          0      )

 cart.    s( 8) = (  1.0000000  0.0000000  0.0000000 )
                  (  0.0000000  0.0000000  1.0000000 )
                  (  0.0000000  1.0000000  0.0000000 )


   Cartesian axes

     site n.     atom                  positions (alat units)
         1           H   tau(   1) = (   0.0000000   0.0000000   0.0000000  )
         2           H   tau(   2) = (   0.1625403   0.0000000   0.0000000  )
         3           H   tau(   3) = (   0.2500000   0.0000000   0.0000000  )

   Crystallographic axes

     site n.     atom                  positions (cryst. coord.)
         1           H   tau(   1) = (  0.0000000  0.0000000  0.0000000  )
         2           H   tau(   2) = (  0.1625403  0.0000000  0.0000000  )
         3           H   tau(   3) = (  0.2500000  0.0000000  0.0000000  )

     number of k points=     1  gaussian smearing, width (Ry)=  0.0300
                       cart. coord. in units 2pi/alat
        k(    1) = (   0.0000000   0.0000000   0.0000000), wk =   1.0000000

                       cryst. coord.
        k(    1) = (   0.0000000   0.0000000   0.0000000), wk =   1.0000000

     Dense  grid:    34165 G-vectors     FFT dimensions: (  80,  32,  32)

     Smooth grid:    24401 G-vectors     FFT dimensions: (  72,  27,  27)

     Dynamical RAM for                 wfc:       0.07 MB

     Dynamical RAM for     wfc (w. buffer):       0.21 MB

     Dynamical RAM for           str. fact:       0.13 MB

     Dynamical RAM for           local pot:       0.02 MB

     Dynamical RAM for          nlocal pot:       0.07 MB

     Dynamical RAM for                qrad:       0.08 MB

     Dynamical RAM for          rho,v,vnew:       1.72 MB

     Dynamical RAM for               rhoin:       0.57 MB

     Dynamical RAM for            rho*nmix:       4.17 MB

     Dynamical RAM for           G-vectors:       0.54 MB

     Dynamical RAM for          h,s,v(r/c):       0.03 MB

     Dynamical RAM for          <psi|beta>:       0.00 MB

     Dynamical RAM for                 psi:       0.28 MB

     Dynamical RAM for                hpsi:       0.28 MB

     Dynamical RAM for                spsi:       0.28 MB

     Dynamical RAM for      wfcinit/wfcrot:       0.14 MB

     Dynamical RAM for           addusdens:       1.30 MB

     Dynamical RAM for          addusforce:       1.83 MB

     Estimated static dynamical RAM per process >       8.71 MB

     Estimated max dynamical RAM per process >      10.53 MB

     Estimated total dynamical RAM >      42.12 MB
     Generating pointlists ...

     The initial density is read from file :
     ./h3_6/h3.save/charge-density


     negative rho (up, down):  6.034E-03 1.988E-01
     Starting wfcs from file
     NEW-OLD atomic charge density approx. for the potential

     negative rho (up, down):  6.033E-03 1.322E-01

     total cpu time spent up to now is       12.1 secs

     Self-consistent Calculation

     iteration #  1     ecut=    20.00 Ry     beta= 0.30
     Davidson diagonalization with overlap
     ethr =  1.00E-05,  avg # of iterations =  3.0

     negative rho (up, down):  5.980E-03 2.027E-01

     total cpu time spent up to now is       12.2 secs

     total energy              =      -3.25143379 Ry
     Harris-Foulkes estimate   =      -3.25156572 Ry
     estimated scf accuracy    <       0.00042588 Ry

     total magnetization       =     1.00 Bohr mag/cell
     absolute magnetization    =     1.05 Bohr mag/cell

     iteration #  2     ecut=    20.00 Ry     beta= 0.30
     Davidson diagonalization with overlap
     ethr =  1.42E-05,  avg # of iterations =  2.0

     negative rho (up, down):  5.953E-03 1.974E-01

     total cpu time spent up to now is       12.2 secs

     total energy              =      -3.25753245 Ry
     Harris-Foulkes estimate   =      -3.25754942 Ry
     estimated scf accuracy    <       0.00003765 Ry

     total magnetization       =     1.00 Bohr mag/cell
     absolute magnetization    =     1.05 Bohr mag/cell

     iteration #  3     ecut=    20.00 Ry     beta= 0.30
     Davidson diagonalization with overlap
     ethr =  1.25E-06,  avg # of iterations =  1.0

     negative rho (up, down):  5.926E-03 1.925E-01

     total cpu time spent up to now is       12.3 secs

     total energy              =      -3.25751483 Ry
     Harris-Foulkes estimate   =      -3.25753397 Ry
     estimated scf accuracy    <       0.00001216 Ry

     total magnetization       =     1.00 Bohr mag/cell
     absolute magnetization    =     1.05 Bohr mag/cell

     iteration #  4     ecut=    20.00 Ry     beta= 0.30
     Davidson diagonalization with overlap
     ethr =  4.05E-07,  avg # of iterations =  1.5

     negative rho (up, down):  5.923E-03 1.929E-01

     total cpu time spent up to now is       12.3 secs

     total energy              =      -3.25751186 Ry
     Harris-Foulkes estimate   =      -3.25751817 Ry
     estimated scf accuracy    <       0.00000236 Ry

     total magnetization       =     1.00 Bohr mag/cell
     absolute magnetization    =     1.05 Bohr mag/cell

     iteration #  5     ecut=    20.00 Ry     beta= 0.30
     Davidson diagonalization with overlap
     ethr =  7.87E-08,  avg # of iterations =  1.0

     negative rho (up, down):  5.918E-03 1.928E-01

     total cpu time spent up to now is       12.4 secs

     total energy              =      -3.25750861 Ry
     Harris-Foulkes estimate   =      -3.25751234 Ry
     estimated scf accuracy    <       0.00000007 Ry

     total magnetization       =     1.00 Bohr mag/cell
     absolute magnetization    =     1.05 Bohr mag/cell

     iteration #  6     ecut=    20.00 Ry     beta= 0.30
     Davidson diagonalization with overlap
     ethr =  2.22E-09,  avg # of iterations =  2.0

     negative rho (up, down):  5.918E-03 1.929E-01

     total cpu time spent up to now is       12.5 secs

     total energy              =      -3.25750179 Ry
     Harris-Foulkes estimate   =      -3.25750865 Ry
     estimated scf accuracy    <       0.00000003 Ry

     total magnetization       =     1.00 Bohr mag/cell
     absolute magnetization    =     1.05 Bohr mag/cell

     iteration #  7     ecut=    20.00 Ry     beta= 0.30
     Davidson diagonalization with overlap
     ethr =  9.45E-10,  avg # of iterations =  2.0

     negative rho (up, down):  5.915E-03 1.930E-01

     total cpu time spent up to now is       12.5 secs

     total energy              =      -3.25750187 Ry
     Harris-Foulkes estimate   =      -3.25750191 Ry
     estimated scf accuracy    <       0.00000001 Ry

     total magnetization       =     1.00 Bohr mag/cell
     absolute magnetization    =     1.05 Bohr mag/cell

     iteration #  8     ecut=    20.00 Ry     beta= 0.30
     Davidson diagonalization with overlap
     ethr =  3.43E-10,  avg # of iterations =  1.5

     negative rho (up, down):  5.909E-03 1.955E-01

     Magnetic moment per site:
     atom:    1    charge:    0.1263    magn:    0.1243    constr:    0.0000
     atom:    2    charge:    0.1455    magn:   -0.0046    constr:    0.0000
     atom:    3    charge:    0.1460    magn:    0.0118    constr:    0.0000

     total cpu time spent up to now is       12.5 secs

     End of self-consistent calculation

 ------ SPIN UP ------------


          k = 0.0000 0.0000 0.0000 (  3057 PWs)   bands (ev):

    -9.4055  -7.3763  -1.1027  -0.2250   0.3724   0.6474

     occupation numbers 
     1.0000   1.0000   0.0000   0.0000   0.0000   0.0000

 ------ SPIN DOWN ----------


          k = 0.0000 0.0000 0.0000 (  3057 PWs)   bands (ev):

    -9.0487  -2.9053  -0.8319   0.4883   1.0269   1.5740

     occupation numbers 
     1.0000   0.0000   0.0000   0.0000   0.0000   0.0000

     the Fermi energy is    -5.4923 ev

!    total energy              =      -3.25750789 Ry
     Harris-Foulkes estimate   =      -3.25750188 Ry
     estimated scf accuracy    <          3.7E-09 Ry

     The total energy is the sum of the following terms:

     one-electron contribution =      -4.14334378 Ry
     hartree contribution      =       2.28116566 Ry
     xc contribution           =      -1.80547863 Ry
     ewald contribution        =       0.41014886 Ry
     smearing contrib. (-TS)   =      -0.00000000 Ry

     total magnetization       =     1.00 Bohr mag/cell
     absolute magnetization    =     1.05 Bohr mag/cell

     convergence has been achieved in   8 iterations

     Writing output data file h3.save/

     Forces acting on atoms (cartesian axes, Ry/au):

     atom    1 type  1   force =     0.00159113    0.00000000    0.00000000
     atom    2 type  1   force =     0.15063324    0.00000000    0.00000000
     atom    3 type  1   force =    -0.15222437    0.00000000    0.00000000
     The non-local contrib.  to forces
     atom    1 type  1   force =     0.00094864    0.00000000    0.00000000
     atom    2 type  1   force =     0.03135786    0.00000000    0.00000000
     atom    3 type  1   force =    -0.03228467    0.00000000    0.00000000
     The ionic contribution  to forces
     atom    1 type  1   force =    -0.25833155    0.00000000   -0.00000000
     atom    2 type  1   force =    -0.35312228   -0.00000000   -0.00000000
     atom    3 type  1   force =     0.61145383   -0.00000000   -0.00000000
     The local contribution  to forces
     atom    1 type  1   force =     0.25877602   -0.00000000    0.00000000
     atom    2 type  1   force =     0.47218822    0.00000000    0.00000000
     atom    3 type  1   force =    -0.73159528   -0.00000000    0.00000000
     The core correction contribution to forces
     atom    1 type  1   force =     0.00000000    0.00000000    0.00000000
     atom    2 type  1   force =     0.00000000    0.00000000    0.00000000
     atom    3 type  1   force =     0.00000000    0.00000000    0.00000000
     The Hubbard contrib.    to forces
     atom    1 type  1   force =     0.00000000    0.00000000    0.00000000
     atom    2 type  1   force =     0.00000000    0.00000000    0.00000000
     atom    3 type  1   force =     0.00000000    0.00000000    0.00000000
     The SCF correction term to forces
     atom    1 type  1   force =    -0.00000000    0.00000000    0.00000000
     atom    2 type  1   force =    -0.00000634   -0.00000000    0.00000000
     atom    3 type  1   force =    -0.00000000    0.00000000    0.00000000

     Total force =     0.150633     Total SCF correction =     0.000006
