
     coordinates at iteration   0


ATOMIC_POSITIONS (angstrom)
H        0.000000000   0.000000000   0.000000000    0   0   0
H        2.243687389   0.000000000   0.000000000
H        3.000000000   0.000000000   0.000000000    0   0   0



     G-vector sticks info
     --------------------
     sticks:   dense  smooth     PW     G-vecs:    dense   smooth      PW
     Sum        1703    1359    337                34165    24401    3057



     bravais-lattice index     =            0
     lattice parameter (alat)  =      22.6767  a.u.
     unit-cell volume          =    2024.5037 (a.u.)^3
     number of atoms/cell      =            3
     number of atomic types    =            1
     number of electrons       =         3.00
     number of Kohn-Sham states=            6
     kinetic-energy cutoff     =      20.0000  Ry
     charge density cutoff     =     100.0000  Ry
     convergence threshold     =      1.0E-08
     mixing beta               =       0.3000
     number of iterations used =            8  plain     mixing
     Exchange-correlation      = PBE ( 1  4  3  4 0 0)
     nstep                     =           50


     celldm(1)=  22.676714  celldm(2)=   0.000000  celldm(3)=   0.000000
     celldm(4)=   0.000000  celldm(5)=   0.000000  celldm(6)=   0.000000

     crystal axes: (cart. coord. in units of alat)
               a(1) = (   1.000000   0.000000   0.000000 )  
               a(2) = (   0.000000   0.416667   0.000000 )  
               a(3) = (   0.000000   0.000000   0.416667 )  

     reciprocal axes: (cart. coord. in units 2 pi/alat)
               b(1) = (  1.000000  0.000000  0.000000 )  
               b(2) = (  0.000000  2.399998  0.000000 )  
               b(3) = (  0.000000  0.000000  2.399998 )  


     PseudoPot. # 1 for H  read from file:
     /home/xing/datas/pseudo/H.pbe-rrkjus_psl.1.0.0.UPF
     MD5 check sum: 3f4114867bd07edc7f1424d066fc1888
     Pseudo is Ultrasoft, Zval =  1.0
     Generated using "atomic" code by A. Dal Corso v.6.3MaX
     Using radial grid of  929 points,  2 beta functions with: 
                l(1) =   0
                l(2) =   0
     Q(r) pseudized with 0 coefficients 


     atomic species   valence    mass     pseudopotential
        H              1.00     1.00800     H ( 1.00)

     Starting magnetic structure 
     atomic species   magnetization
        H            0.500

      8 Sym. Ops. (no inversion) found


                                    s                        frac. trans.

      isym =  1     identity                                     

 cryst.   s( 1) = (     1          0          0      )
                  (     0          1          0      )
                  (     0          0          1      )

 cart.    s( 1) = (  1.0000000  0.0000000  0.0000000 )
                  (  0.0000000  1.0000000  0.0000000 )
                  (  0.0000000  0.0000000  1.0000000 )


      isym =  2     180 deg rotation - cart. axis [1,0,0]        

 cryst.   s( 2) = (     1          0          0      )
                  (     0         -1          0      )
                  (     0          0         -1      )

 cart.    s( 2) = (  1.0000000  0.0000000  0.0000000 )
                  (  0.0000000 -1.0000000  0.0000000 )
                  (  0.0000000  0.0000000 -1.0000000 )


      isym =  3      90 deg rotation - cart. axis [-1,0,0]       

 cryst.   s( 3) = (     1          0          0      )
                  (     0          0         -1      )
                  (     0          1          0      )

 cart.    s( 3) = (  1.0000000  0.0000000  0.0000000 )
                  (  0.0000000  0.0000000  1.0000000 )
                  (  0.0000000 -1.0000000  0.0000000 )


      isym =  4      90 deg rotation - cart. axis [1,0,0]        

 cryst.   s( 4) = (     1          0          0      )
                  (     0          0          1      )
                  (     0         -1          0      )

 cart.    s( 4) = (  1.0000000  0.0000000  0.0000000 )
                  (  0.0000000  0.0000000 -1.0000000 )
                  (  0.0000000  1.0000000  0.0000000 )


      isym =  5     inv. 180 deg rotation - cart. axis [0,0,1]   

 cryst.   s( 5) = (     1          0          0      )
                  (     0          1          0      )
                  (     0          0         -1      )

 cart.    s( 5) = (  1.0000000  0.0000000  0.0000000 )
                  (  0.0000000  1.0000000  0.0000000 )
                  (  0.0000000  0.0000000 -1.0000000 )


      isym =  6     inv. 180 deg rotation - cart. axis [0,1,0]   

 cryst.   s( 6) = (     1          0          0      )
                  (     0         -1          0      )
                  (     0          0          1      )

 cart.    s( 6) = (  1.0000000  0.0000000  0.0000000 )
                  (  0.0000000 -1.0000000  0.0000000 )
                  (  0.0000000  0.0000000  1.0000000 )


      isym =  7     inv. 180 deg rotation - cart. axis [0,1,1]   

 cryst.   s( 7) = (     1          0          0      )
                  (     0          0         -1      )
                  (     0         -1          0      )

 cart.    s( 7) = (  1.0000000  0.0000000  0.0000000 )
                  (  0.0000000  0.0000000 -1.0000000 )
                  (  0.0000000 -1.0000000  0.0000000 )


      isym =  8     inv. 180 deg rotation - cart. axis [0,1,-1]  

 cryst.   s( 8) = (     1          0          0      )
                  (     0          0          1      )
                  (     0          1          0      )

 cart.    s( 8) = (  1.0000000  0.0000000  0.0000000 )
                  (  0.0000000  0.0000000  1.0000000 )
                  (  0.0000000  1.0000000  0.0000000 )


   Cartesian axes

     site n.     atom                  positions (alat units)
         1           H   tau(   1) = (   0.0000000   0.0000000   0.0000000  )
         2           H   tau(   2) = (   0.1869739   0.0000000   0.0000000  )
         3           H   tau(   3) = (   0.2500000   0.0000000   0.0000000  )

   Crystallographic axes

     site n.     atom                  positions (cryst. coord.)
         1           H   tau(   1) = (  0.0000000  0.0000000  0.0000000  )
         2           H   tau(   2) = (  0.1869739  0.0000000  0.0000000  )
         3           H   tau(   3) = (  0.2500000  0.0000000  0.0000000  )

     number of k points=     1  gaussian smearing, width (Ry)=  0.0300
                       cart. coord. in units 2pi/alat
        k(    1) = (   0.0000000   0.0000000   0.0000000), wk =   1.0000000

                       cryst. coord.
        k(    1) = (   0.0000000   0.0000000   0.0000000), wk =   1.0000000

     Dense  grid:    34165 G-vectors     FFT dimensions: (  80,  32,  32)

     Smooth grid:    24401 G-vectors     FFT dimensions: (  72,  27,  27)

     Dynamical RAM for                 wfc:       0.28 MB

     Dynamical RAM for     wfc (w. buffer):       0.84 MB

     Dynamical RAM for           str. fact:       0.52 MB

     Dynamical RAM for           local pot:       0.02 MB

     Dynamical RAM for          nlocal pot:       0.28 MB

     Dynamical RAM for                qrad:       0.08 MB

     Dynamical RAM for          rho,v,vnew:       6.88 MB

     Dynamical RAM for               rhoin:       2.29 MB

     Dynamical RAM for            rho*nmix:      16.68 MB

     Dynamical RAM for           G-vectors:       2.14 MB

     Dynamical RAM for          h,s,v(r/c):       0.03 MB

     Dynamical RAM for          <psi|beta>:       0.00 MB

     Dynamical RAM for                 psi:       1.12 MB

     Dynamical RAM for                hpsi:       1.12 MB

     Dynamical RAM for                spsi:       1.12 MB

     Dynamical RAM for      wfcinit/wfcrot:       0.56 MB

     Dynamical RAM for           addusdens:       5.21 MB

     Dynamical RAM for          addusforce:       7.30 MB

     Estimated static dynamical RAM per process >      34.53 MB

     Estimated max dynamical RAM per process >      41.83 MB
     Generating pointlists ...

     Initial potential from superposition of free atoms

     starting charge    2.99997, renormalised to    3.00000

     negative rho (up, down):  4.363E-03 0.000E+00
     Starting wfcs are    3 randomized atomic wfcs +    3 random wfcs

     total cpu time spent up to now is       27.1 secs

     Self-consistent Calculation

     iteration #  1     ecut=    20.00 Ry     beta= 0.30
     Davidson diagonalization with overlap
     ethr =  1.00E-02,  avg # of iterations =  4.5

     negative rho (up, down):  5.561E-03 6.565E-02

     total cpu time spent up to now is       27.5 secs

     total energy              =      -3.29343865 Ry
     Harris-Foulkes estimate   =      -3.28951723 Ry
     estimated scf accuracy    <       0.11168232 Ry

     total magnetization       =     1.00 Bohr mag/cell
     absolute magnetization    =     1.03 Bohr mag/cell

     iteration #  2     ecut=    20.00 Ry     beta= 0.30
     Davidson diagonalization with overlap
     ethr =  3.72E-03,  avg # of iterations =  1.0

     negative rho (up, down):  7.672E-03 1.706E-01

     total cpu time spent up to now is       27.8 secs

     total energy              =      -3.30379136 Ry
     Harris-Foulkes estimate   =      -3.29515986 Ry
     estimated scf accuracy    <       0.04419437 Ry

     total magnetization       =     1.00 Bohr mag/cell
     absolute magnetization    =     1.02 Bohr mag/cell

     iteration #  3     ecut=    20.00 Ry     beta= 0.30
     Davidson diagonalization with overlap
     ethr =  1.47E-03,  avg # of iterations =  1.5

     negative rho (up, down):  7.738E-03 1.724E-01

     total cpu time spent up to now is       28.1 secs

     total energy              =      -3.31104358 Ry
     Harris-Foulkes estimate   =      -3.30953507 Ry
     estimated scf accuracy    <       0.00083817 Ry

     total magnetization       =     1.00 Bohr mag/cell
     absolute magnetization    =     1.02 Bohr mag/cell

     iteration #  4     ecut=    20.00 Ry     beta= 0.30
     Davidson diagonalization with overlap
     ethr =  2.79E-05,  avg # of iterations =  2.5

     negative rho (up, down):  8.247E-03 2.232E-01

     total cpu time spent up to now is       28.5 secs

     total energy              =      -3.32307135 Ry
     Harris-Foulkes estimate   =      -3.31122958 Ry
     estimated scf accuracy    <       0.00044639 Ry

     total magnetization       =     1.00 Bohr mag/cell
     absolute magnetization    =     1.01 Bohr mag/cell

     iteration #  5     ecut=    20.00 Ry     beta= 0.30
     Davidson diagonalization with overlap
     ethr =  1.49E-05,  avg # of iterations =  3.5

     negative rho (up, down):  8.436E-03 2.210E-01

     total cpu time spent up to now is       28.8 secs

     total energy              =      -3.32263107 Ry
     Harris-Foulkes estimate   =      -3.32330989 Ry
     estimated scf accuracy    <       0.00002680 Ry

     total magnetization       =     1.00 Bohr mag/cell
     absolute magnetization    =     1.01 Bohr mag/cell

     iteration #  6     ecut=    20.00 Ry     beta= 0.30
     Davidson diagonalization with overlap
     ethr =  8.93E-07,  avg # of iterations =  2.5

     negative rho (up, down):  8.570E-03 2.216E-01

     total cpu time spent up to now is       29.1 secs

     total energy              =      -3.32262031 Ry
     Harris-Foulkes estimate   =      -3.32263273 Ry
     estimated scf accuracy    <       0.00002783 Ry

     total magnetization       =     1.00 Bohr mag/cell
     absolute magnetization    =     1.01 Bohr mag/cell

     iteration #  7     ecut=    20.00 Ry     beta= 0.30
     Davidson diagonalization with overlap
     ethr =  8.93E-07,  avg # of iterations =  2.0

     negative rho (up, down):  8.631E-03 2.110E-01

     total cpu time spent up to now is       29.4 secs

     total energy              =      -3.31439106 Ry
     Harris-Foulkes estimate   =      -3.32262057 Ry
     estimated scf accuracy    <       0.00002773 Ry

     total magnetization       =     1.00 Bohr mag/cell
     absolute magnetization    =     1.01 Bohr mag/cell

     iteration #  8     ecut=    20.00 Ry     beta= 0.30
     Davidson diagonalization with overlap
     ethr =  8.93E-07,  avg # of iterations =  3.0

     negative rho (up, down):  8.701E-03 2.125E-01

     total cpu time spent up to now is       29.8 secs

     total energy              =      -3.31446477 Ry
     Harris-Foulkes estimate   =      -3.31445321 Ry
     estimated scf accuracy    <       0.00002061 Ry

     total magnetization       =     1.00 Bohr mag/cell
     absolute magnetization    =     1.01 Bohr mag/cell

     iteration #  9     ecut=    20.00 Ry     beta= 0.30
     Davidson diagonalization with overlap
     ethr =  6.87E-07,  avg # of iterations =  1.0

     negative rho (up, down):  8.760E-03 2.124E-01

     total cpu time spent up to now is       30.1 secs

     total energy              =      -3.31423471 Ry
     Harris-Foulkes estimate   =      -3.31446484 Ry
     estimated scf accuracy    <       0.00001835 Ry

     total magnetization       =     1.00 Bohr mag/cell
     absolute magnetization    =     1.01 Bohr mag/cell

     iteration # 10     ecut=    20.00 Ry     beta= 0.30
     Davidson diagonalization with overlap
     ethr =  6.12E-07,  avg # of iterations =  1.5

     negative rho (up, down):  8.792E-03 2.139E-01

     total cpu time spent up to now is       30.4 secs

     total energy              =      -3.31441259 Ry
     Harris-Foulkes estimate   =      -3.31423569 Ry
     estimated scf accuracy    <       0.00001455 Ry

     total magnetization       =     1.00 Bohr mag/cell
     absolute magnetization    =     1.01 Bohr mag/cell

     iteration # 11     ecut=    20.00 Ry     beta= 0.30
     Davidson diagonalization with overlap
     ethr =  4.85E-07,  avg # of iterations =  1.0

     negative rho (up, down):  8.817E-03 2.162E-01

     total cpu time spent up to now is       30.7 secs

     total energy              =      -3.31457414 Ry
     Harris-Foulkes estimate   =      -3.31441269 Ry
     estimated scf accuracy    <       0.00001405 Ry

     total magnetization       =     1.00 Bohr mag/cell
     absolute magnetization    =     1.01 Bohr mag/cell

     iteration # 12     ecut=    20.00 Ry     beta= 0.30
     Davidson diagonalization with overlap
     ethr =  4.68E-07,  avg # of iterations =  2.0

     negative rho (up, down):  8.837E-03 2.192E-01

     total cpu time spent up to now is       31.0 secs

     total energy              =      -3.31534377 Ry
     Harris-Foulkes estimate   =      -3.31457494 Ry
     estimated scf accuracy    <       0.00001226 Ry

     total magnetization       =     1.00 Bohr mag/cell
     absolute magnetization    =     1.01 Bohr mag/cell

     iteration # 13     ecut=    20.00 Ry     beta= 0.30
     Davidson diagonalization with overlap
     ethr =  4.09E-07,  avg # of iterations =  3.0

     negative rho (up, down):  8.840E-03 2.152E-01

     total cpu time spent up to now is       31.4 secs

     total energy              =      -3.31436214 Ry
     Harris-Foulkes estimate   =      -3.31534772 Ry
     estimated scf accuracy    <       0.00000953 Ry

     total magnetization       =     1.00 Bohr mag/cell
     absolute magnetization    =     1.01 Bohr mag/cell

     iteration # 14     ecut=    20.00 Ry     beta= 0.30
     Davidson diagonalization with overlap
     ethr =  3.18E-07,  avg # of iterations =  3.0

     negative rho (up, down):  8.848E-03 2.153E-01

     total cpu time spent up to now is       31.7 secs

     total energy              =      -3.31428095 Ry
     Harris-Foulkes estimate   =      -3.31437120 Ry
     estimated scf accuracy    <       0.00001953 Ry

     total magnetization       =     1.00 Bohr mag/cell
     absolute magnetization    =     1.01 Bohr mag/cell

     iteration # 15     ecut=    20.00 Ry     beta= 0.30
     Davidson diagonalization with overlap
     ethr =  3.18E-07,  avg # of iterations =  1.0

     negative rho (up, down):  8.859E-03 2.201E-01

     total cpu time spent up to now is       32.0 secs

     total energy              =      -3.31564411 Ry
     Harris-Foulkes estimate   =      -3.31428098 Ry
     estimated scf accuracy    <       0.00002020 Ry

     total magnetization       =     1.00 Bohr mag/cell
     absolute magnetization    =     1.01 Bohr mag/cell

     iteration # 16     ecut=    20.00 Ry     beta= 0.30
     Davidson diagonalization with overlap
     ethr =  3.18E-07,  avg # of iterations =  3.5

     negative rho (up, down):  8.832E-03 2.189E-01

     total cpu time spent up to now is       32.4 secs

     total energy              =      -3.31513080 Ry
     Harris-Foulkes estimate   =      -3.31565685 Ry
     estimated scf accuracy    <       0.00000905 Ry

     total magnetization       =     1.00 Bohr mag/cell
     absolute magnetization    =     1.01 Bohr mag/cell

     iteration # 17     ecut=    20.00 Ry     beta= 0.30
     Davidson diagonalization with overlap
     ethr =  3.02E-07,  avg # of iterations =  2.5

     negative rho (up, down):  8.832E-03 2.190E-01

     total cpu time spent up to now is       32.7 secs

     total energy              =      -3.31511668 Ry
     Harris-Foulkes estimate   =      -3.31513244 Ry
     estimated scf accuracy    <       0.00000338 Ry

     total magnetization       =     1.00 Bohr mag/cell
     absolute magnetization    =     1.01 Bohr mag/cell

     iteration # 18     ecut=    20.00 Ry     beta= 0.30
     Davidson diagonalization with overlap
     ethr =  1.13E-07,  avg # of iterations =  1.5

     negative rho (up, down):  8.830E-03 2.176E-01

     total cpu time spent up to now is       33.0 secs

     total energy              =      -3.31461208 Ry
     Harris-Foulkes estimate   =      -3.31511674 Ry
     estimated scf accuracy    <       0.00000280 Ry

     total magnetization       =     1.00 Bohr mag/cell
     absolute magnetization    =     1.01 Bohr mag/cell

     iteration # 19     ecut=    20.00 Ry     beta= 0.30
     Davidson diagonalization with overlap
     ethr =  9.32E-08,  avg # of iterations =  2.5

     negative rho (up, down):  8.830E-03 2.186E-01

     total cpu time spent up to now is       33.3 secs

     total energy              =      -3.31491405 Ry
     Harris-Foulkes estimate   =      -3.31461299 Ry
     estimated scf accuracy    <       0.00000088 Ry

     total magnetization       =     1.00 Bohr mag/cell
     absolute magnetization    =     1.01 Bohr mag/cell

     iteration # 20     ecut=    20.00 Ry     beta= 0.30
     Davidson diagonalization with overlap
     ethr =  2.92E-08,  avg # of iterations =  2.5

     negative rho (up, down):  8.832E-03 2.194E-01

     total cpu time spent up to now is       33.7 secs

     total energy              =      -3.31521270 Ry
     Harris-Foulkes estimate   =      -3.31491463 Ry
     estimated scf accuracy    <       0.00000038 Ry

     total magnetization       =     1.00 Bohr mag/cell
     absolute magnetization    =     1.01 Bohr mag/cell

     iteration # 21     ecut=    20.00 Ry     beta= 0.30
     Davidson diagonalization with overlap
     ethr =  1.26E-08,  avg # of iterations =  2.0

     negative rho (up, down):  8.839E-03 2.198E-01

     total cpu time spent up to now is       34.0 secs

     total energy              =      -3.31534312 Ry
     Harris-Foulkes estimate   =      -3.31521291 Ry
     estimated scf accuracy    <       0.00000032 Ry

     total magnetization       =     1.00 Bohr mag/cell
     absolute magnetization    =     1.01 Bohr mag/cell

     iteration # 22     ecut=    20.00 Ry     beta= 0.30
     Davidson diagonalization with overlap
     ethr =  1.08E-08,  avg # of iterations =  2.0

     negative rho (up, down):  8.839E-03 2.202E-01

     total cpu time spent up to now is       34.3 secs

     total energy              =      -3.31534406 Ry
     Harris-Foulkes estimate   =      -3.31534324 Ry
     estimated scf accuracy    <       0.00000004 Ry

     total magnetization       =     1.00 Bohr mag/cell
     absolute magnetization    =     1.01 Bohr mag/cell

     iteration # 23     ecut=    20.00 Ry     beta= 0.30
     Davidson diagonalization with overlap
     ethr =  1.20E-09,  avg # of iterations =  2.0

     negative rho (up, down):  8.841E-03 2.204E-01

     Magnetic moment per site:
     atom:    1    charge:    0.1268    magn:    0.1265    constr:    0.0000
     atom:    2    charge:    0.1952    magn:   -0.0001    constr:    0.0000
     atom:    3    charge:    0.1951    magn:    0.0032    constr:    0.0000

     total cpu time spent up to now is       34.6 secs

     End of self-consistent calculation

 ------ SPIN UP ------------


          k = 0.0000 0.0000 0.0000 (  3057 PWs)   bands (ev):

   -10.2598  -7.5549  -0.8710  -0.0106   0.2772   1.3809

     occupation numbers 
     1.0000   1.0000   0.0000   0.0000   0.0000   0.0000

 ------ SPIN DOWN ----------


          k = 0.0000 0.0000 0.0000 (  3057 PWs)   bands (ev):

   -10.1589  -2.0331  -0.6778   0.3801   1.7640   2.0755

     occupation numbers 
     1.0000   0.0000   0.0000   0.0000   0.0000   0.0000

     the Fermi energy is    -4.0922 ev

!    total energy              =      -3.31542436 Ry
     Harris-Foulkes estimate   =      -3.31534408 Ry
     estimated scf accuracy    <          9.4E-09 Ry

     The total energy is the sum of the following terms:

     one-electron contribution =      -4.61990197 Ry
     hartree contribution      =       2.53799918 Ry
     xc contribution           =      -1.95778599 Ry
     ewald contribution        =       0.72426443 Ry
     smearing contrib. (-TS)   =      -0.00000000 Ry

     total magnetization       =     1.00 Bohr mag/cell
     absolute magnetization    =     1.01 Bohr mag/cell

     convergence has been achieved in  23 iterations

     Writing output data file h3.save/

     Forces acting on atoms (cartesian axes, Ry/au):

     atom    1 type  1   force =    -0.00237539    0.00000000    0.00000000
     atom    2 type  1   force =    -0.00022476    0.00000000    0.00000000
     atom    3 type  1   force =     0.00260015    0.00000000    0.00000000
     The non-local contrib.  to forces
     atom    1 type  1   force =     0.00017169    0.00000000    0.00000000
     atom    2 type  1   force =     0.06856454    0.00000000    0.00000000
     atom    3 type  1   force =    -0.06894283    0.00000000    0.00000000
     The ionic contribution  to forces
     atom    1 type  1   force =    -0.22338400   -0.00000000   -0.00000000
     atom    2 type  1   force =    -0.85466225    0.00000000   -0.00000000
     atom    3 type  1   force =     1.07804625   -0.00000000   -0.00000000
     The local contribution  to forces
     atom    1 type  1   force =     0.21851255   -0.00000000    0.00000000
     atom    2 type  1   force =     0.78542732    0.00000000    0.00000000
     atom    3 type  1   force =    -1.00693754   -0.00000000    0.00000000
     The core correction contribution to forces
     atom    1 type  1   force =     0.00000000    0.00000000    0.00000000
     atom    2 type  1   force =     0.00000000    0.00000000    0.00000000
     atom    3 type  1   force =     0.00000000    0.00000000    0.00000000
     The Hubbard contrib.    to forces
     atom    1 type  1   force =     0.00000000    0.00000000    0.00000000
     atom    2 type  1   force =     0.00000000    0.00000000    0.00000000
     atom    3 type  1   force =     0.00000000    0.00000000    0.00000000
     The SCF correction term to forces
     atom    1 type  1   force =     0.00000000    0.00000000    0.00000000
     atom    2 type  1   force =     0.00002254   -0.00000000    0.00000000
     atom    3 type  1   force =     0.00000000    0.00000000    0.00000000

     Total force =     0.000225     Total SCF correction =     0.000023
     SCF correction compared to forces is large: reduce conv_thr to get better values
