
     coordinates at iteration   0


ATOMIC_POSITIONS (angstrom)
H        0.000000000   0.000000000   0.000000000    0   0   0
H        1.500000000   0.000000000   0.000000000
H        3.000000000   0.000000000   0.000000000    0   0   0



     G-vector sticks info
     --------------------
     sticks:   dense  smooth     PW     G-vecs:    dense   smooth      PW
     Sum        1703    1359    337                34165    24401    3057



     bravais-lattice index     =            0
     lattice parameter (alat)  =      22.6767  a.u.
     unit-cell volume          =    2024.5037 (a.u.)^3
     number of atoms/cell      =            3
     number of atomic types    =            1
     number of electrons       =         3.00
     number of Kohn-Sham states=            6
     kinetic-energy cutoff     =      20.0000  Ry
     charge density cutoff     =     100.0000  Ry
     convergence threshold     =      1.0E-08
     mixing beta               =       0.3000
     number of iterations used =            8  plain     mixing
     Exchange-correlation      = PBE ( 1  4  3  4 0 0)
     nstep                     =           50


     celldm(1)=  22.676714  celldm(2)=   0.000000  celldm(3)=   0.000000
     celldm(4)=   0.000000  celldm(5)=   0.000000  celldm(6)=   0.000000

     crystal axes: (cart. coord. in units of alat)
               a(1) = (   1.000000   0.000000   0.000000 )  
               a(2) = (   0.000000   0.416667   0.000000 )  
               a(3) = (   0.000000   0.000000   0.416667 )  

     reciprocal axes: (cart. coord. in units 2 pi/alat)
               b(1) = (  1.000000  0.000000  0.000000 )  
               b(2) = (  0.000000  2.399998  0.000000 )  
               b(3) = (  0.000000  0.000000  2.399998 )  


     PseudoPot. # 1 for H  read from file:
     /home/xing/datas/pseudo/H.pbe-rrkjus_psl.1.0.0.UPF
     MD5 check sum: 3f4114867bd07edc7f1424d066fc1888
     Pseudo is Ultrasoft, Zval =  1.0
     Generated using "atomic" code by A. Dal Corso v.6.3MaX
     Using radial grid of  929 points,  2 beta functions with: 
                l(1) =   0
                l(2) =   0
     Q(r) pseudized with 0 coefficients 


     atomic species   valence    mass     pseudopotential
        H              1.00     1.00800     H ( 1.00)

     Starting magnetic structure 
     atomic species   magnetization
        H            0.500

     16 Sym. Ops., with inversion, found ( 8 have fractional translation)


                                    s                        frac. trans.

      isym =  1     identity                                     

 cryst.   s( 1) = (     1          0          0      )
                  (     0          1          0      )
                  (     0          0          1      )

 cart.    s( 1) = (  1.0000000  0.0000000  0.0000000 )
                  (  0.0000000  1.0000000  0.0000000 )
                  (  0.0000000  0.0000000  1.0000000 )


      isym =  2     180 deg rotation - cart. axis [0,0,1]        

 cryst.   s( 2) = (    -1          0          0      )    f =( -0.2500000 )
                  (     0         -1          0      )       (  0.0000000 )
                  (     0          0          1      )       (  0.0000000 )

 cart.    s( 2) = ( -1.0000000  0.0000000  0.0000000 )    f =( -0.2500000 )
                  (  0.0000000 -1.0000000  0.0000000 )       (  0.0000000 )
                  (  0.0000000  0.0000000  1.0000000 )       (  0.0000000 )


      isym =  3     180 deg rotation - cart. axis [0,1,0]        

 cryst.   s( 3) = (    -1          0          0      )    f =( -0.2500000 )
                  (     0          1          0      )       (  0.0000000 )
                  (     0          0         -1      )       (  0.0000000 )

 cart.    s( 3) = ( -1.0000000  0.0000000  0.0000000 )    f =( -0.2500000 )
                  (  0.0000000  1.0000000  0.0000000 )       (  0.0000000 )
                  (  0.0000000  0.0000000 -1.0000000 )       (  0.0000000 )


      isym =  4     180 deg rotation - cart. axis [1,0,0]        

 cryst.   s( 4) = (     1          0          0      )
                  (     0         -1          0      )
                  (     0          0         -1      )

 cart.    s( 4) = (  1.0000000  0.0000000  0.0000000 )
                  (  0.0000000 -1.0000000  0.0000000 )
                  (  0.0000000  0.0000000 -1.0000000 )


      isym =  5     180 deg rotation - cart. axis [0,1,1]        

 cryst.   s( 5) = (    -1          0          0      )    f =( -0.2500000 )
                  (     0          0          1      )       (  0.0000000 )
                  (     0          1          0      )       (  0.0000000 )

 cart.    s( 5) = ( -1.0000000  0.0000000  0.0000000 )    f =( -0.2500000 )
                  (  0.0000000  0.0000000  1.0000000 )       (  0.0000000 )
                  (  0.0000000  1.0000000  0.0000000 )       (  0.0000000 )


      isym =  6     180 deg rotation - cart. axis [0,1,-1]       

 cryst.   s( 6) = (    -1          0          0      )    f =( -0.2500000 )
                  (     0          0         -1      )       (  0.0000000 )
                  (     0         -1          0      )       (  0.0000000 )

 cart.    s( 6) = ( -1.0000000  0.0000000  0.0000000 )    f =( -0.2500000 )
                  (  0.0000000  0.0000000 -1.0000000 )       (  0.0000000 )
                  (  0.0000000 -1.0000000  0.0000000 )       (  0.0000000 )


      isym =  7      90 deg rotation - cart. axis [-1,0,0]       

 cryst.   s( 7) = (     1          0          0      )
                  (     0          0         -1      )
                  (     0          1          0      )

 cart.    s( 7) = (  1.0000000  0.0000000  0.0000000 )
                  (  0.0000000  0.0000000  1.0000000 )
                  (  0.0000000 -1.0000000  0.0000000 )


      isym =  8      90 deg rotation - cart. axis [1,0,0]        

 cryst.   s( 8) = (     1          0          0      )
                  (     0          0          1      )
                  (     0         -1          0      )

 cart.    s( 8) = (  1.0000000  0.0000000  0.0000000 )
                  (  0.0000000  0.0000000 -1.0000000 )
                  (  0.0000000  1.0000000  0.0000000 )


      isym =  9     inversion                                    

 cryst.   s( 9) = (    -1          0          0      )    f =( -0.2500000 )
                  (     0         -1          0      )       (  0.0000000 )
                  (     0          0         -1      )       (  0.0000000 )

 cart.    s( 9) = ( -1.0000000  0.0000000  0.0000000 )    f =( -0.2500000 )
                  (  0.0000000 -1.0000000  0.0000000 )       (  0.0000000 )
                  (  0.0000000  0.0000000 -1.0000000 )       (  0.0000000 )


      isym = 10     inv. 180 deg rotation - cart. axis [0,0,1]   

 cryst.   s(10) = (     1          0          0      )
                  (     0          1          0      )
                  (     0          0         -1      )

 cart.    s(10) = (  1.0000000  0.0000000  0.0000000 )
                  (  0.0000000  1.0000000  0.0000000 )
                  (  0.0000000  0.0000000 -1.0000000 )


      isym = 11     inv. 180 deg rotation - cart. axis [0,1,0]   

 cryst.   s(11) = (     1          0          0      )
                  (     0         -1          0      )
                  (     0          0          1      )

 cart.    s(11) = (  1.0000000  0.0000000  0.0000000 )
                  (  0.0000000 -1.0000000  0.0000000 )
                  (  0.0000000  0.0000000  1.0000000 )


      isym = 12     inv. 180 deg rotation - cart. axis [1,0,0]   

 cryst.   s(12) = (    -1          0          0      )    f =( -0.2500000 )
                  (     0          1          0      )       (  0.0000000 )
                  (     0          0          1      )       (  0.0000000 )

 cart.    s(12) = ( -1.0000000  0.0000000  0.0000000 )    f =( -0.2500000 )
                  (  0.0000000  1.0000000  0.0000000 )       (  0.0000000 )
                  (  0.0000000  0.0000000  1.0000000 )       (  0.0000000 )


      isym = 13     inv. 180 deg rotation - cart. axis [0,1,1]   

 cryst.   s(13) = (     1          0          0      )
                  (     0          0         -1      )
                  (     0         -1          0      )

 cart.    s(13) = (  1.0000000  0.0000000  0.0000000 )
                  (  0.0000000  0.0000000 -1.0000000 )
                  (  0.0000000 -1.0000000  0.0000000 )


      isym = 14     inv. 180 deg rotation - cart. axis [0,1,-1]  

 cryst.   s(14) = (     1          0          0      )
                  (     0          0          1      )
                  (     0          1          0      )

 cart.    s(14) = (  1.0000000  0.0000000  0.0000000 )
                  (  0.0000000  0.0000000  1.0000000 )
                  (  0.0000000  1.0000000  0.0000000 )


      isym = 15     inv.  90 deg rotation - cart. axis [-1,0,0]  

 cryst.   s(15) = (    -1          0          0      )    f =( -0.2500000 )
                  (     0          0          1      )       (  0.0000000 )
                  (     0         -1          0      )       (  0.0000000 )

 cart.    s(15) = ( -1.0000000  0.0000000  0.0000000 )    f =( -0.2500000 )
                  (  0.0000000  0.0000000 -1.0000000 )       (  0.0000000 )
                  (  0.0000000  1.0000000  0.0000000 )       (  0.0000000 )


      isym = 16     inv.  90 deg rotation - cart. axis [1,0,0]   

 cryst.   s(16) = (    -1          0          0      )    f =( -0.2500000 )
                  (     0          0         -1      )       (  0.0000000 )
                  (     0          1          0      )       (  0.0000000 )

 cart.    s(16) = ( -1.0000000  0.0000000  0.0000000 )    f =( -0.2500000 )
                  (  0.0000000  0.0000000  1.0000000 )       (  0.0000000 )
                  (  0.0000000 -1.0000000  0.0000000 )       (  0.0000000 )


   Cartesian axes

     site n.     atom                  positions (alat units)
         1           H   tau(   1) = (   0.0000000   0.0000000   0.0000000  )
         2           H   tau(   2) = (   0.1250000   0.0000000   0.0000000  )
         3           H   tau(   3) = (   0.2500000   0.0000000   0.0000000  )

   Crystallographic axes

     site n.     atom                  positions (cryst. coord.)
         1           H   tau(   1) = (  0.0000000  0.0000000  0.0000000  )
         2           H   tau(   2) = (  0.1250000  0.0000000  0.0000000  )
         3           H   tau(   3) = (  0.2500000  0.0000000  0.0000000  )

     number of k points=     1  gaussian smearing, width (Ry)=  0.0300
                       cart. coord. in units 2pi/alat
        k(    1) = (   0.0000000   0.0000000   0.0000000), wk =   1.0000000

                       cryst. coord.
        k(    1) = (   0.0000000   0.0000000   0.0000000), wk =   1.0000000

     Dense  grid:    34165 G-vectors     FFT dimensions: (  80,  32,  32)

     Smooth grid:    24401 G-vectors     FFT dimensions: (  72,  27,  27)

     Dynamical RAM for                 wfc:       0.28 MB

     Dynamical RAM for     wfc (w. buffer):       0.84 MB

     Dynamical RAM for           str. fact:       0.52 MB

     Dynamical RAM for           local pot:       0.02 MB

     Dynamical RAM for          nlocal pot:       0.28 MB

     Dynamical RAM for                qrad:       0.08 MB

     Dynamical RAM for          rho,v,vnew:       6.88 MB

     Dynamical RAM for               rhoin:       2.29 MB

     Dynamical RAM for            rho*nmix:      16.68 MB

     Dynamical RAM for           G-vectors:       2.14 MB

     Dynamical RAM for          h,s,v(r/c):       0.03 MB

     Dynamical RAM for          <psi|beta>:       0.00 MB

     Dynamical RAM for                 psi:       1.12 MB

     Dynamical RAM for                hpsi:       1.12 MB

     Dynamical RAM for                spsi:       1.12 MB

     Dynamical RAM for      wfcinit/wfcrot:       0.56 MB

     Dynamical RAM for           addusdens:       5.21 MB

     Dynamical RAM for          addusforce:       7.30 MB

     Estimated static dynamical RAM per process >      34.53 MB

     Estimated max dynamical RAM per process >      41.83 MB
     Generating pointlists ...

     Initial potential from superposition of free atoms

     starting charge    2.99997, renormalised to    3.00000

     negative rho (up, down):  4.066E-03 0.000E+00
     Starting wfcs are    3 randomized atomic wfcs +    3 random wfcs

     total cpu time spent up to now is       14.5 secs

     Self-consistent Calculation

     iteration #  1     ecut=    20.00 Ry     beta= 0.30
     Davidson diagonalization with overlap
     ethr =  1.00E-02,  avg # of iterations =  5.0

     Threshold (ethr) on eigenvalues was too large:
     Diagonalizing with lowered threshold

     Davidson diagonalization with overlap
     ethr =  4.28E-04,  avg # of iterations =  1.5

     negative rho (up, down):  4.170E-03 2.961E-02

     total cpu time spent up to now is       15.0 secs

     total energy              =      -3.14479784 Ry
     Harris-Foulkes estimate   =      -3.13642097 Ry
     estimated scf accuracy    <       0.01311904 Ry

     total magnetization       =     1.00 Bohr mag/cell
     absolute magnetization    =     1.02 Bohr mag/cell

     iteration #  2     ecut=    20.00 Ry     beta= 0.30
     Davidson diagonalization with overlap
     ethr =  4.37E-04,  avg # of iterations =  1.0

     negative rho (up, down):  4.265E-03 7.222E-02

     total cpu time spent up to now is       15.3 secs

     total energy              =      -3.15527536 Ry
     Harris-Foulkes estimate   =      -3.14557832 Ry
     estimated scf accuracy    <       0.00549154 Ry

     total magnetization       =     1.00 Bohr mag/cell
     absolute magnetization    =     1.03 Bohr mag/cell

     iteration #  3     ecut=    20.00 Ry     beta= 0.30
     Davidson diagonalization with overlap
     ethr =  1.83E-04,  avg # of iterations =  1.0

     negative rho (up, down):  4.227E-03 1.105E-01

     total cpu time spent up to now is       15.6 secs

     total energy              =      -3.16095422 Ry
     Harris-Foulkes estimate   =      -3.15759133 Ry
     estimated scf accuracy    <       0.00081654 Ry

     total magnetization       =     1.00 Bohr mag/cell
     absolute magnetization    =     1.15 Bohr mag/cell

     iteration #  4     ecut=    20.00 Ry     beta= 0.30
     Davidson diagonalization with overlap
     ethr =  2.72E-05,  avg # of iterations =  2.0

     negative rho (up, down):  4.245E-03 1.524E-01

     total cpu time spent up to now is       15.9 secs

     total energy              =      -3.16269087 Ry
     Harris-Foulkes estimate   =      -3.16217012 Ry
     estimated scf accuracy    <       0.00020840 Ry

     total magnetization       =     1.00 Bohr mag/cell
     absolute magnetization    =     1.25 Bohr mag/cell

     iteration #  5     ecut=    20.00 Ry     beta= 0.30
     Davidson diagonalization with overlap
     ethr =  6.95E-06,  avg # of iterations =  3.0

     negative rho (up, down):  4.206E-03 1.454E-01

     total cpu time spent up to now is       16.3 secs

     total energy              =      -3.16369977 Ry
     Harris-Foulkes estimate   =      -3.16392832 Ry
     estimated scf accuracy    <       0.00055165 Ry

     total magnetization       =     1.00 Bohr mag/cell
     absolute magnetization    =     1.34 Bohr mag/cell

     iteration #  6     ecut=    20.00 Ry     beta= 0.30
     Davidson diagonalization with overlap
     ethr =  6.95E-06,  avg # of iterations =  2.0

     negative rho (up, down):  4.263E-03 1.527E-01

     total cpu time spent up to now is       16.6 secs

     total energy              =      -3.16385601 Ry
     Harris-Foulkes estimate   =      -3.16389201 Ry
     estimated scf accuracy    <       0.00011545 Ry

     total magnetization       =     1.00 Bohr mag/cell
     absolute magnetization    =     1.34 Bohr mag/cell

     iteration #  7     ecut=    20.00 Ry     beta= 0.30
     Davidson diagonalization with overlap
     ethr =  3.85E-06,  avg # of iterations =  1.5

     negative rho (up, down):  4.286E-03 1.563E-01

     total cpu time spent up to now is       16.9 secs

     total energy              =      -3.16390037 Ry
     Harris-Foulkes estimate   =      -3.16390129 Ry
     estimated scf accuracy    <       0.00000116 Ry

     total magnetization       =     1.00 Bohr mag/cell
     absolute magnetization    =     1.36 Bohr mag/cell

     iteration #  8     ecut=    20.00 Ry     beta= 0.30
     Davidson diagonalization with overlap
     ethr =  3.86E-08,  avg # of iterations =  1.5

     negative rho (up, down):  4.297E-03 1.600E-01

     total cpu time spent up to now is       17.2 secs

     total energy              =      -3.16389917 Ry
     Harris-Foulkes estimate   =      -3.16390087 Ry
     estimated scf accuracy    <       0.00000054 Ry

     total magnetization       =     1.00 Bohr mag/cell
     absolute magnetization    =     1.36 Bohr mag/cell

     iteration #  9     ecut=    20.00 Ry     beta= 0.30
     Davidson diagonalization with overlap
     ethr =  1.80E-08,  avg # of iterations =  2.0

     negative rho (up, down):  4.303E-03 1.638E-01

     total cpu time spent up to now is       17.6 secs

     total energy              =      -3.16389888 Ry
     Harris-Foulkes estimate   =      -3.16389936 Ry
     estimated scf accuracy    <       0.00000009 Ry

     total magnetization       =     1.00 Bohr mag/cell
     absolute magnetization    =     1.36 Bohr mag/cell

     iteration # 10     ecut=    20.00 Ry     beta= 0.30
     Davidson diagonalization with overlap
     ethr =  3.12E-09,  avg # of iterations =  2.0

     negative rho (up, down):  4.315E-03 1.706E-01

     Magnetic moment per site:
     atom:    1    charge:    0.1225    magn:    0.0836    constr:    0.0000
     atom:    2    charge:    0.1199    magn:   -0.0341    constr:    0.0000
     atom:    3    charge:    0.1225    magn:    0.0836    constr:    0.0000

     total cpu time spent up to now is       17.8 secs

     End of self-consistent calculation

 ------ SPIN UP ------------


          k = 0.0000 0.0000 0.0000 (  3057 PWs)   bands (ev):

    -9.2193  -7.0618  -1.9919  -0.4450   0.1777   0.5663

     occupation numbers 
     1.0000   1.0000   0.0000   0.0000   0.0000   0.0000

 ------ SPIN DOWN ----------


          k = 0.0000 0.0000 0.0000 (  3057 PWs)   bands (ev):

    -8.4044  -4.4215  -1.2503   0.2175   0.8474   0.9954

     occupation numbers 
     1.0000   0.0000   0.0000   0.0000   0.0000   0.0000

     the Fermi energy is    -5.7417 ev

!    total energy              =      -3.16389912 Ry
     Harris-Foulkes estimate   =      -3.16389890 Ry
     estimated scf accuracy    <          3.0E-09 Ry

     The total energy is the sum of the following terms:

     one-electron contribution =      -3.85441896 Ry
     hartree contribution      =       2.10239004 Ry
     xc contribution           =      -1.68559785 Ry
     ewald contribution        =       0.27372813 Ry
     smearing contrib. (-TS)   =      -0.00000048 Ry

     total magnetization       =     1.00 Bohr mag/cell
     absolute magnetization    =     1.36 Bohr mag/cell

     convergence has been achieved in  10 iterations

     Writing output data file h3.save/

     Forces acting on atoms (cartesian axes, Ry/au):

     atom    1 type  1   force =     0.08310217   -0.00000000    0.00000000
     atom    2 type  1   force =     0.00000000    0.00000000    0.00000000
     atom    3 type  1   force =    -0.08310217    0.00000000    0.00000000
     The non-local contrib.  to forces
     atom    1 type  1   force =     0.00910867    0.00000000    0.00000000
     atom    2 type  1   force =     0.00000000    0.00000000    0.00000000
     atom    3 type  1   force =    -0.00910867    0.00000000    0.00000000
     The ionic contribution  to forces
     atom    1 type  1   force =    -0.35687792    0.00000000   -0.00000000
     atom    2 type  1   force =     0.00000000   -0.00000000   -0.00000000
     atom    3 type  1   force =     0.35687792   -0.00000000   -0.00000000
     The local contribution  to forces
     atom    1 type  1   force =     0.43085732    0.00000000    0.00000000
     atom    2 type  1   force =    -0.00000000   -0.00000000    0.00000000
     atom    3 type  1   force =    -0.43085732    0.00000000    0.00000000
     The core correction contribution to forces
     atom    1 type  1   force =     0.00000000    0.00000000    0.00000000
     atom    2 type  1   force =     0.00000000    0.00000000    0.00000000
     atom    3 type  1   force =     0.00000000    0.00000000    0.00000000
     The Hubbard contrib.    to forces
     atom    1 type  1   force =     0.00000000    0.00000000    0.00000000
     atom    2 type  1   force =     0.00000000    0.00000000    0.00000000
     atom    3 type  1   force =     0.00000000    0.00000000    0.00000000
     The SCF correction term to forces
     atom    1 type  1   force =     0.00000000   -0.00000000    0.00000000
     atom    2 type  1   force =     0.00000000    0.00000000    0.00000000
     atom    3 type  1   force =    -0.00000000    0.00000000    0.00000000

     Total force =     0.000000     Total SCF correction =     0.000000

     coordinates at iteration   1


ATOMIC_POSITIONS (angstrom)
H        0.000000000   0.000000000   0.000000000    0   0   0
H        1.500000000   0.000000000   0.000000000
H        3.000000000   0.000000000   0.000000000    0   0   0



     G-vector sticks info
     --------------------
     sticks:   dense  smooth     PW     G-vecs:    dense   smooth      PW
     Sum        1703    1359    337                34165    24401    3057



     bravais-lattice index     =            0
     lattice parameter (alat)  =      22.6767  a.u.
     unit-cell volume          =    2024.5037 (a.u.)^3
     number of atoms/cell      =            3
     number of atomic types    =            1
     number of electrons       =         3.00
     number of Kohn-Sham states=            6
     kinetic-energy cutoff     =      20.0000  Ry
     charge density cutoff     =     100.0000  Ry
     convergence threshold     =      1.0E-08
     mixing beta               =       0.3000
     number of iterations used =            8  plain     mixing
     Exchange-correlation      = PBE ( 1  4  3  4 0 0)
     nstep                     =           50


     celldm(1)=  22.676714  celldm(2)=   0.000000  celldm(3)=   0.000000
     celldm(4)=   0.000000  celldm(5)=   0.000000  celldm(6)=   0.000000

     crystal axes: (cart. coord. in units of alat)
               a(1) = (   1.000000   0.000000   0.000000 )  
               a(2) = (   0.000000   0.416667   0.000000 )  
               a(3) = (   0.000000   0.000000   0.416667 )  

     reciprocal axes: (cart. coord. in units 2 pi/alat)
               b(1) = (  1.000000  0.000000  0.000000 )  
               b(2) = (  0.000000  2.399998  0.000000 )  
               b(3) = (  0.000000  0.000000  2.399998 )  


     PseudoPot. # 1 for H  read from file:
     /home/xing/datas/pseudo/H.pbe-rrkjus_psl.1.0.0.UPF
     MD5 check sum: 3f4114867bd07edc7f1424d066fc1888
     Pseudo is Ultrasoft, Zval =  1.0
     Generated using "atomic" code by A. Dal Corso v.6.3MaX
     Using radial grid of  929 points,  2 beta functions with: 
                l(1) =   0
                l(2) =   0
     Q(r) pseudized with 0 coefficients 


     atomic species   valence    mass     pseudopotential
        H              1.00     1.00800     H ( 1.00)

     Starting magnetic structure 
     atomic species   magnetization
        H            0.500

     16 Sym. Ops., with inversion, found ( 8 have fractional translation)


                                    s                        frac. trans.

      isym =  1     identity                                     

 cryst.   s( 1) = (     1          0          0      )
                  (     0          1          0      )
                  (     0          0          1      )

 cart.    s( 1) = (  1.0000000  0.0000000  0.0000000 )
                  (  0.0000000  1.0000000  0.0000000 )
                  (  0.0000000  0.0000000  1.0000000 )


      isym =  2     180 deg rotation - cart. axis [0,0,1]        

 cryst.   s( 2) = (    -1          0          0      )    f =( -0.2500000 )
                  (     0         -1          0      )       (  0.0000000 )
                  (     0          0          1      )       (  0.0000000 )

 cart.    s( 2) = ( -1.0000000  0.0000000  0.0000000 )    f =( -0.2500000 )
                  (  0.0000000 -1.0000000  0.0000000 )       (  0.0000000 )
                  (  0.0000000  0.0000000  1.0000000 )       (  0.0000000 )


      isym =  3     180 deg rotation - cart. axis [0,1,0]        

 cryst.   s( 3) = (    -1          0          0      )    f =( -0.2500000 )
                  (     0          1          0      )       (  0.0000000 )
                  (     0          0         -1      )       (  0.0000000 )

 cart.    s( 3) = ( -1.0000000  0.0000000  0.0000000 )    f =( -0.2500000 )
                  (  0.0000000  1.0000000  0.0000000 )       (  0.0000000 )
                  (  0.0000000  0.0000000 -1.0000000 )       (  0.0000000 )


      isym =  4     180 deg rotation - cart. axis [1,0,0]        

 cryst.   s( 4) = (     1          0          0      )
                  (     0         -1          0      )
                  (     0          0         -1      )

 cart.    s( 4) = (  1.0000000  0.0000000  0.0000000 )
                  (  0.0000000 -1.0000000  0.0000000 )
                  (  0.0000000  0.0000000 -1.0000000 )


      isym =  5     180 deg rotation - cart. axis [0,1,1]        

 cryst.   s( 5) = (    -1          0          0      )    f =( -0.2500000 )
                  (     0          0          1      )       (  0.0000000 )
                  (     0          1          0      )       (  0.0000000 )

 cart.    s( 5) = ( -1.0000000  0.0000000  0.0000000 )    f =( -0.2500000 )
                  (  0.0000000  0.0000000  1.0000000 )       (  0.0000000 )
                  (  0.0000000  1.0000000  0.0000000 )       (  0.0000000 )


      isym =  6     180 deg rotation - cart. axis [0,1,-1]       

 cryst.   s( 6) = (    -1          0          0      )    f =( -0.2500000 )
                  (     0          0         -1      )       (  0.0000000 )
                  (     0         -1          0      )       (  0.0000000 )

 cart.    s( 6) = ( -1.0000000  0.0000000  0.0000000 )    f =( -0.2500000 )
                  (  0.0000000  0.0000000 -1.0000000 )       (  0.0000000 )
                  (  0.0000000 -1.0000000  0.0000000 )       (  0.0000000 )


      isym =  7      90 deg rotation - cart. axis [-1,0,0]       

 cryst.   s( 7) = (     1          0          0      )
                  (     0          0         -1      )
                  (     0          1          0      )

 cart.    s( 7) = (  1.0000000  0.0000000  0.0000000 )
                  (  0.0000000  0.0000000  1.0000000 )
                  (  0.0000000 -1.0000000  0.0000000 )


      isym =  8      90 deg rotation - cart. axis [1,0,0]        

 cryst.   s( 8) = (     1          0          0      )
                  (     0          0          1      )
                  (     0         -1          0      )

 cart.    s( 8) = (  1.0000000  0.0000000  0.0000000 )
                  (  0.0000000  0.0000000 -1.0000000 )
                  (  0.0000000  1.0000000  0.0000000 )


      isym =  9     inversion                                    

 cryst.   s( 9) = (    -1          0          0      )    f =( -0.2500000 )
                  (     0         -1          0      )       (  0.0000000 )
                  (     0          0         -1      )       (  0.0000000 )

 cart.    s( 9) = ( -1.0000000  0.0000000  0.0000000 )    f =( -0.2500000 )
                  (  0.0000000 -1.0000000  0.0000000 )       (  0.0000000 )
                  (  0.0000000  0.0000000 -1.0000000 )       (  0.0000000 )


      isym = 10     inv. 180 deg rotation - cart. axis [0,0,1]   

 cryst.   s(10) = (     1          0          0      )
                  (     0          1          0      )
                  (     0          0         -1      )

 cart.    s(10) = (  1.0000000  0.0000000  0.0000000 )
                  (  0.0000000  1.0000000  0.0000000 )
                  (  0.0000000  0.0000000 -1.0000000 )


      isym = 11     inv. 180 deg rotation - cart. axis [0,1,0]   

 cryst.   s(11) = (     1          0          0      )
                  (     0         -1          0      )
                  (     0          0          1      )

 cart.    s(11) = (  1.0000000  0.0000000  0.0000000 )
                  (  0.0000000 -1.0000000  0.0000000 )
                  (  0.0000000  0.0000000  1.0000000 )


      isym = 12     inv. 180 deg rotation - cart. axis [1,0,0]   

 cryst.   s(12) = (    -1          0          0      )    f =( -0.2500000 )
                  (     0          1          0      )       (  0.0000000 )
                  (     0          0          1      )       (  0.0000000 )

 cart.    s(12) = ( -1.0000000  0.0000000  0.0000000 )    f =( -0.2500000 )
                  (  0.0000000  1.0000000  0.0000000 )       (  0.0000000 )
                  (  0.0000000  0.0000000  1.0000000 )       (  0.0000000 )


      isym = 13     inv. 180 deg rotation - cart. axis [0,1,1]   

 cryst.   s(13) = (     1          0          0      )
                  (     0          0         -1      )
                  (     0         -1          0      )

 cart.    s(13) = (  1.0000000  0.0000000  0.0000000 )
                  (  0.0000000  0.0000000 -1.0000000 )
                  (  0.0000000 -1.0000000  0.0000000 )


      isym = 14     inv. 180 deg rotation - cart. axis [0,1,-1]  

 cryst.   s(14) = (     1          0          0      )
                  (     0          0          1      )
                  (     0          1          0      )

 cart.    s(14) = (  1.0000000  0.0000000  0.0000000 )
                  (  0.0000000  0.0000000  1.0000000 )
                  (  0.0000000  1.0000000  0.0000000 )


      isym = 15     inv.  90 deg rotation - cart. axis [-1,0,0]  

 cryst.   s(15) = (    -1          0          0      )    f =( -0.2500000 )
                  (     0          0          1      )       (  0.0000000 )
                  (     0         -1          0      )       (  0.0000000 )

 cart.    s(15) = ( -1.0000000  0.0000000  0.0000000 )    f =( -0.2500000 )
                  (  0.0000000  0.0000000 -1.0000000 )       (  0.0000000 )
                  (  0.0000000  1.0000000  0.0000000 )       (  0.0000000 )


      isym = 16     inv.  90 deg rotation - cart. axis [1,0,0]   

 cryst.   s(16) = (    -1          0          0      )    f =( -0.2500000 )
                  (     0          0         -1      )       (  0.0000000 )
                  (     0          1          0      )       (  0.0000000 )

 cart.    s(16) = ( -1.0000000  0.0000000  0.0000000 )    f =( -0.2500000 )
                  (  0.0000000  0.0000000  1.0000000 )       (  0.0000000 )
                  (  0.0000000 -1.0000000  0.0000000 )       (  0.0000000 )


   Cartesian axes

     site n.     atom                  positions (alat units)
         1           H   tau(   1) = (   0.0000000   0.0000000   0.0000000  )
         2           H   tau(   2) = (   0.1250000   0.0000000   0.0000000  )
         3           H   tau(   3) = (   0.2500000   0.0000000   0.0000000  )

   Crystallographic axes

     site n.     atom                  positions (cryst. coord.)
         1           H   tau(   1) = (  0.0000000  0.0000000  0.0000000  )
         2           H   tau(   2) = (  0.1250000  0.0000000  0.0000000  )
         3           H   tau(   3) = (  0.2500000  0.0000000  0.0000000  )

     number of k points=     1  gaussian smearing, width (Ry)=  0.0300
                       cart. coord. in units 2pi/alat
        k(    1) = (   0.0000000   0.0000000   0.0000000), wk =   1.0000000

                       cryst. coord.
        k(    1) = (   0.0000000   0.0000000   0.0000000), wk =   1.0000000

     Dense  grid:    34165 G-vectors     FFT dimensions: (  80,  32,  32)

     Smooth grid:    24401 G-vectors     FFT dimensions: (  72,  27,  27)

     Dynamical RAM for                 wfc:       0.28 MB

     Dynamical RAM for     wfc (w. buffer):       0.84 MB

     Dynamical RAM for           str. fact:       0.52 MB

     Dynamical RAM for           local pot:       0.02 MB

     Dynamical RAM for          nlocal pot:       0.28 MB

     Dynamical RAM for                qrad:       0.08 MB

     Dynamical RAM for          rho,v,vnew:       6.88 MB

     Dynamical RAM for               rhoin:       2.29 MB

     Dynamical RAM for            rho*nmix:      16.68 MB

     Dynamical RAM for           G-vectors:       2.14 MB

     Dynamical RAM for          h,s,v(r/c):       0.03 MB

     Dynamical RAM for          <psi|beta>:       0.00 MB

     Dynamical RAM for                 psi:       1.12 MB

     Dynamical RAM for                hpsi:       1.12 MB

     Dynamical RAM for                spsi:       1.12 MB

     Dynamical RAM for      wfcinit/wfcrot:       0.56 MB

     Dynamical RAM for           addusdens:       5.21 MB

     Dynamical RAM for          addusforce:       7.30 MB

     Estimated static dynamical RAM per process >      34.53 MB

     Estimated max dynamical RAM per process >      41.83 MB
     Generating pointlists ...

     The initial density is read from file :
     ./h3_4/h3.save/charge-density


     negative rho (up, down):  4.315E-03 1.706E-01
     Starting wfcs from file
     NEW-OLD atomic charge density approx. for the potential

     negative rho (up, down):  4.315E-03 1.091E-01

     total cpu time spent up to now is       43.1 secs

     Self-consistent Calculation

     iteration #  1     ecut=    20.00 Ry     beta= 0.30
     Davidson diagonalization with overlap
     ethr =  1.00E-05,  avg # of iterations =  1.0

     Threshold (ethr) on eigenvalues was too large:
     Diagonalizing with lowered threshold

     Davidson diagonalization with overlap
     ethr =  3.91E-10,  avg # of iterations =  1.5

     negative rho (up, down):  4.315E-03 1.602E-01

     total cpu time spent up to now is       43.5 secs

     total energy              =      -3.16391004 Ry
     Harris-Foulkes estimate   =      -3.16390873 Ry
     estimated scf accuracy    <       0.00000001 Ry

     total magnetization       =     1.00 Bohr mag/cell
     absolute magnetization    =     1.36 Bohr mag/cell

     iteration #  2     ecut=    20.00 Ry     beta= 0.30
     Davidson diagonalization with overlap
     ethr =  4.82E-10,  avg # of iterations =  2.0

     negative rho (up, down):  4.314E-03 1.706E-01

     Magnetic moment per site:
     atom:    1    charge:    0.1225    magn:    0.0836    constr:    0.0000
     atom:    2    charge:    0.1199    magn:   -0.0341    constr:    0.0000
     atom:    3    charge:    0.1225    magn:    0.0836    constr:    0.0000

     total cpu time spent up to now is       43.8 secs

     End of self-consistent calculation

 ------ SPIN UP ------------


          k = 0.0000 0.0000 0.0000 (  3057 PWs)   bands (ev):

    -9.2193  -7.0617  -1.9927  -0.4528   0.1741   0.5610

     occupation numbers 
     1.0000   1.0000   0.0000   0.0000   0.0000   0.0000

 ------ SPIN DOWN ----------


          k = 0.0000 0.0000 0.0000 (  3057 PWs)   bands (ev):

    -8.4041  -4.4225  -1.2519   0.2213   0.8439   0.9953

     occupation numbers 
     1.0000   0.0000   0.0000   0.0000   0.0000   0.0000

     the Fermi energy is    -5.7421 ev

!    total energy              =      -3.16389918 Ry
     Harris-Foulkes estimate   =      -3.16390232 Ry
     estimated scf accuracy    <          4.1E-09 Ry

     The total energy is the sum of the following terms:

     one-electron contribution =      -3.85438096 Ry
     hartree contribution      =       2.10232603 Ry
     xc contribution           =      -1.68557189 Ry
     ewald contribution        =       0.27372813 Ry
     smearing contrib. (-TS)   =      -0.00000049 Ry

     total magnetization       =     1.00 Bohr mag/cell
     absolute magnetization    =     1.36 Bohr mag/cell

     convergence has been achieved in   2 iterations

     Writing output data file h3.save/

     Forces acting on atoms (cartesian axes, Ry/au):

     atom    1 type  1   force =     0.08307219    0.00000000    0.00000000
     atom    2 type  1   force =     0.00000000    0.00000000    0.00000000
     atom    3 type  1   force =    -0.08307219    0.00000000    0.00000000
     The non-local contrib.  to forces
     atom    1 type  1   force =     0.00910927    0.00000000    0.00000000
     atom    2 type  1   force =     0.00000000    0.00000000    0.00000000
     atom    3 type  1   force =    -0.00910927    0.00000000    0.00000000
     The ionic contribution  to forces
     atom    1 type  1   force =    -0.35687792    0.00000000   -0.00000000
     atom    2 type  1   force =     0.00000000   -0.00000000   -0.00000000
     atom    3 type  1   force =     0.35687792   -0.00000000   -0.00000000
     The local contribution  to forces
     atom    1 type  1   force =     0.43083554    0.00000000    0.00000000
     atom    2 type  1   force =     0.00000000    0.00000000    0.00000000
     atom    3 type  1   force =    -0.43083554   -0.00000000    0.00000000
     The core correction contribution to forces
     atom    1 type  1   force =     0.00000000    0.00000000    0.00000000
     atom    2 type  1   force =     0.00000000    0.00000000    0.00000000
     atom    3 type  1   force =     0.00000000    0.00000000    0.00000000
     The Hubbard contrib.    to forces
     atom    1 type  1   force =     0.00000000    0.00000000    0.00000000
     atom    2 type  1   force =     0.00000000    0.00000000    0.00000000
     atom    3 type  1   force =     0.00000000    0.00000000    0.00000000
     The SCF correction term to forces
     atom    1 type  1   force =     0.00000000   -0.00000000    0.00000000
     atom    2 type  1   force =    -0.00000000    0.00000000    0.00000000
     atom    3 type  1   force =    -0.00000000   -0.00000000    0.00000000

     Total force =     0.000000     Total SCF correction =     0.000000

     coordinates at iteration   2


ATOMIC_POSITIONS (angstrom)
H        0.000000000   0.000000000   0.000000000    0   0   0
H        1.500000000   0.000000000   0.000000000
H        3.000000000   0.000000000   0.000000000    0   0   0



     G-vector sticks info
     --------------------
     sticks:   dense  smooth     PW     G-vecs:    dense   smooth      PW
     Sum        1703    1359    337                34165    24401    3057



     bravais-lattice index     =            0
     lattice parameter (alat)  =      22.6767  a.u.
     unit-cell volume          =    2024.5037 (a.u.)^3
     number of atoms/cell      =            3
     number of atomic types    =            1
     number of electrons       =         3.00
     number of Kohn-Sham states=            6
     kinetic-energy cutoff     =      20.0000  Ry
     charge density cutoff     =     100.0000  Ry
     convergence threshold     =      1.0E-08
     mixing beta               =       0.3000
     number of iterations used =            8  plain     mixing
     Exchange-correlation      = PBE ( 1  4  3  4 0 0)
     nstep                     =           50


     celldm(1)=  22.676714  celldm(2)=   0.000000  celldm(3)=   0.000000
     celldm(4)=   0.000000  celldm(5)=   0.000000  celldm(6)=   0.000000

     crystal axes: (cart. coord. in units of alat)
               a(1) = (   1.000000   0.000000   0.000000 )  
               a(2) = (   0.000000   0.416667   0.000000 )  
               a(3) = (   0.000000   0.000000   0.416667 )  

     reciprocal axes: (cart. coord. in units 2 pi/alat)
               b(1) = (  1.000000  0.000000  0.000000 )  
               b(2) = (  0.000000  2.399998  0.000000 )  
               b(3) = (  0.000000  0.000000  2.399998 )  


     PseudoPot. # 1 for H  read from file:
     /home/xing/datas/pseudo/H.pbe-rrkjus_psl.1.0.0.UPF
     MD5 check sum: 3f4114867bd07edc7f1424d066fc1888
     Pseudo is Ultrasoft, Zval =  1.0
     Generated using "atomic" code by A. Dal Corso v.6.3MaX
     Using radial grid of  929 points,  2 beta functions with: 
                l(1) =   0
                l(2) =   0
     Q(r) pseudized with 0 coefficients 


     atomic species   valence    mass     pseudopotential
        H              1.00     1.00800     H ( 1.00)

     Starting magnetic structure 
     atomic species   magnetization
        H            0.500

     16 Sym. Ops., with inversion, found ( 8 have fractional translation)


                                    s                        frac. trans.

      isym =  1     identity                                     

 cryst.   s( 1) = (     1          0          0      )
                  (     0          1          0      )
                  (     0          0          1      )

 cart.    s( 1) = (  1.0000000  0.0000000  0.0000000 )
                  (  0.0000000  1.0000000  0.0000000 )
                  (  0.0000000  0.0000000  1.0000000 )


      isym =  2     180 deg rotation - cart. axis [0,0,1]        

 cryst.   s( 2) = (    -1          0          0      )    f =( -0.2500000 )
                  (     0         -1          0      )       (  0.0000000 )
                  (     0          0          1      )       (  0.0000000 )

 cart.    s( 2) = ( -1.0000000  0.0000000  0.0000000 )    f =( -0.2500000 )
                  (  0.0000000 -1.0000000  0.0000000 )       (  0.0000000 )
                  (  0.0000000  0.0000000  1.0000000 )       (  0.0000000 )


      isym =  3     180 deg rotation - cart. axis [0,1,0]        

 cryst.   s( 3) = (    -1          0          0      )    f =( -0.2500000 )
                  (     0          1          0      )       (  0.0000000 )
                  (     0          0         -1      )       (  0.0000000 )

 cart.    s( 3) = ( -1.0000000  0.0000000  0.0000000 )    f =( -0.2500000 )
                  (  0.0000000  1.0000000  0.0000000 )       (  0.0000000 )
                  (  0.0000000  0.0000000 -1.0000000 )       (  0.0000000 )


      isym =  4     180 deg rotation - cart. axis [1,0,0]        

 cryst.   s( 4) = (     1          0          0      )
                  (     0         -1          0      )
                  (     0          0         -1      )

 cart.    s( 4) = (  1.0000000  0.0000000  0.0000000 )
                  (  0.0000000 -1.0000000  0.0000000 )
                  (  0.0000000  0.0000000 -1.0000000 )


      isym =  5     180 deg rotation - cart. axis [0,1,1]        

 cryst.   s( 5) = (    -1          0          0      )    f =( -0.2500000 )
                  (     0          0          1      )       (  0.0000000 )
                  (     0          1          0      )       (  0.0000000 )

 cart.    s( 5) = ( -1.0000000  0.0000000  0.0000000 )    f =( -0.2500000 )
                  (  0.0000000  0.0000000  1.0000000 )       (  0.0000000 )
                  (  0.0000000  1.0000000  0.0000000 )       (  0.0000000 )


      isym =  6     180 deg rotation - cart. axis [0,1,-1]       

 cryst.   s( 6) = (    -1          0          0      )    f =( -0.2500000 )
                  (     0          0         -1      )       (  0.0000000 )
                  (     0         -1          0      )       (  0.0000000 )

 cart.    s( 6) = ( -1.0000000  0.0000000  0.0000000 )    f =( -0.2500000 )
                  (  0.0000000  0.0000000 -1.0000000 )       (  0.0000000 )
                  (  0.0000000 -1.0000000  0.0000000 )       (  0.0000000 )


      isym =  7      90 deg rotation - cart. axis [-1,0,0]       

 cryst.   s( 7) = (     1          0          0      )
                  (     0          0         -1      )
                  (     0          1          0      )

 cart.    s( 7) = (  1.0000000  0.0000000  0.0000000 )
                  (  0.0000000  0.0000000  1.0000000 )
                  (  0.0000000 -1.0000000  0.0000000 )


      isym =  8      90 deg rotation - cart. axis [1,0,0]        

 cryst.   s( 8) = (     1          0          0      )
                  (     0          0          1      )
                  (     0         -1          0      )

 cart.    s( 8) = (  1.0000000  0.0000000  0.0000000 )
                  (  0.0000000  0.0000000 -1.0000000 )
                  (  0.0000000  1.0000000  0.0000000 )


      isym =  9     inversion                                    

 cryst.   s( 9) = (    -1          0          0      )    f =( -0.2500000 )
                  (     0         -1          0      )       (  0.0000000 )
                  (     0          0         -1      )       (  0.0000000 )

 cart.    s( 9) = ( -1.0000000  0.0000000  0.0000000 )    f =( -0.2500000 )
                  (  0.0000000 -1.0000000  0.0000000 )       (  0.0000000 )
                  (  0.0000000  0.0000000 -1.0000000 )       (  0.0000000 )


      isym = 10     inv. 180 deg rotation - cart. axis [0,0,1]   

 cryst.   s(10) = (     1          0          0      )
                  (     0          1          0      )
                  (     0          0         -1      )

 cart.    s(10) = (  1.0000000  0.0000000  0.0000000 )
                  (  0.0000000  1.0000000  0.0000000 )
                  (  0.0000000  0.0000000 -1.0000000 )


      isym = 11     inv. 180 deg rotation - cart. axis [0,1,0]   

 cryst.   s(11) = (     1          0          0      )
                  (     0         -1          0      )
                  (     0          0          1      )

 cart.    s(11) = (  1.0000000  0.0000000  0.0000000 )
                  (  0.0000000 -1.0000000  0.0000000 )
                  (  0.0000000  0.0000000  1.0000000 )


      isym = 12     inv. 180 deg rotation - cart. axis [1,0,0]   

 cryst.   s(12) = (    -1          0          0      )    f =( -0.2500000 )
                  (     0          1          0      )       (  0.0000000 )
                  (     0          0          1      )       (  0.0000000 )

 cart.    s(12) = ( -1.0000000  0.0000000  0.0000000 )    f =( -0.2500000 )
                  (  0.0000000  1.0000000  0.0000000 )       (  0.0000000 )
                  (  0.0000000  0.0000000  1.0000000 )       (  0.0000000 )


      isym = 13     inv. 180 deg rotation - cart. axis [0,1,1]   

 cryst.   s(13) = (     1          0          0      )
                  (     0          0         -1      )
                  (     0         -1          0      )

 cart.    s(13) = (  1.0000000  0.0000000  0.0000000 )
                  (  0.0000000  0.0000000 -1.0000000 )
                  (  0.0000000 -1.0000000  0.0000000 )


      isym = 14     inv. 180 deg rotation - cart. axis [0,1,-1]  

 cryst.   s(14) = (     1          0          0      )
                  (     0          0          1      )
                  (     0          1          0      )

 cart.    s(14) = (  1.0000000  0.0000000  0.0000000 )
                  (  0.0000000  0.0000000  1.0000000 )
                  (  0.0000000  1.0000000  0.0000000 )


      isym = 15     inv.  90 deg rotation - cart. axis [-1,0,0]  

 cryst.   s(15) = (    -1          0          0      )    f =( -0.2500000 )
                  (     0          0          1      )       (  0.0000000 )
                  (     0         -1          0      )       (  0.0000000 )

 cart.    s(15) = ( -1.0000000  0.0000000  0.0000000 )    f =( -0.2500000 )
                  (  0.0000000  0.0000000 -1.0000000 )       (  0.0000000 )
                  (  0.0000000  1.0000000  0.0000000 )       (  0.0000000 )


      isym = 16     inv.  90 deg rotation - cart. axis [1,0,0]   

 cryst.   s(16) = (    -1          0          0      )    f =( -0.2500000 )
                  (     0          0         -1      )       (  0.0000000 )
                  (     0          1          0      )       (  0.0000000 )

 cart.    s(16) = ( -1.0000000  0.0000000  0.0000000 )    f =( -0.2500000 )
                  (  0.0000000  0.0000000  1.0000000 )       (  0.0000000 )
                  (  0.0000000 -1.0000000  0.0000000 )       (  0.0000000 )


   Cartesian axes

     site n.     atom                  positions (alat units)
         1           H   tau(   1) = (   0.0000000   0.0000000   0.0000000  )
         2           H   tau(   2) = (   0.1250000   0.0000000   0.0000000  )
         3           H   tau(   3) = (   0.2500000   0.0000000   0.0000000  )

   Crystallographic axes

     site n.     atom                  positions (cryst. coord.)
         1           H   tau(   1) = (  0.0000000  0.0000000  0.0000000  )
         2           H   tau(   2) = (  0.1250000  0.0000000  0.0000000  )
         3           H   tau(   3) = (  0.2500000  0.0000000  0.0000000  )

     number of k points=     1  gaussian smearing, width (Ry)=  0.0300
                       cart. coord. in units 2pi/alat
        k(    1) = (   0.0000000   0.0000000   0.0000000), wk =   1.0000000

                       cryst. coord.
        k(    1) = (   0.0000000   0.0000000   0.0000000), wk =   1.0000000

     Dense  grid:    34165 G-vectors     FFT dimensions: (  80,  32,  32)

     Smooth grid:    24401 G-vectors     FFT dimensions: (  72,  27,  27)

     Dynamical RAM for                 wfc:       0.28 MB

     Dynamical RAM for     wfc (w. buffer):       0.84 MB

     Dynamical RAM for           str. fact:       0.52 MB

     Dynamical RAM for           local pot:       0.02 MB

     Dynamical RAM for          nlocal pot:       0.28 MB

     Dynamical RAM for                qrad:       0.08 MB

     Dynamical RAM for          rho,v,vnew:       6.88 MB

     Dynamical RAM for               rhoin:       2.29 MB

     Dynamical RAM for            rho*nmix:      16.68 MB

     Dynamical RAM for           G-vectors:       2.14 MB

     Dynamical RAM for          h,s,v(r/c):       0.03 MB

     Dynamical RAM for          <psi|beta>:       0.00 MB

     Dynamical RAM for                 psi:       1.12 MB

     Dynamical RAM for                hpsi:       1.12 MB

     Dynamical RAM for                spsi:       1.12 MB

     Dynamical RAM for      wfcinit/wfcrot:       0.56 MB

     Dynamical RAM for           addusdens:       5.21 MB

     Dynamical RAM for          addusforce:       7.30 MB

     Estimated static dynamical RAM per process >      34.53 MB

     Estimated max dynamical RAM per process >      41.83 MB
     Generating pointlists ...

     The initial density is read from file :
     ./h3_4/h3.save/charge-density


     negative rho (up, down):  4.314E-03 1.706E-01
     Starting wfcs from file
     NEW-OLD atomic charge density approx. for the potential

     negative rho (up, down):  4.314E-03 1.091E-01

     total cpu time spent up to now is       59.4 secs

     Self-consistent Calculation

     iteration #  1     ecut=    20.00 Ry     beta= 0.30
     Davidson diagonalization with overlap
     ethr =  1.00E-05,  avg # of iterations =  1.0

     Threshold (ethr) on eigenvalues was too large:
     Diagonalizing with lowered threshold

     Davidson diagonalization with overlap
     ethr =  1.79E-10,  avg # of iterations =  1.0

     negative rho (up, down):  4.315E-03 1.706E-01

     Magnetic moment per site:
     atom:    1    charge:    0.1225    magn:    0.0836    constr:    0.0000
     atom:    2    charge:    0.1199    magn:   -0.0341    constr:    0.0000
     atom:    3    charge:    0.1225    magn:    0.0836    constr:    0.0000

     total cpu time spent up to now is       59.8 secs

     End of self-consistent calculation

 ------ SPIN UP ------------


          k = 0.0000 0.0000 0.0000 (  3057 PWs)   bands (ev):

    -9.2195  -7.0617  -1.9919  -0.4448   0.1783   0.5658

     occupation numbers 
     1.0000   1.0000   0.0000   0.0000   0.0000   0.0000

 ------ SPIN DOWN ----------


          k = 0.0000 0.0000 0.0000 (  3057 PWs)   bands (ev):

    -8.4045  -4.4225  -1.2524   0.2149   0.8436   0.9936

     occupation numbers 
     1.0000   0.0000   0.0000   0.0000   0.0000   0.0000

     the Fermi energy is    -5.7421 ev

!    total energy              =      -3.16390692 Ry
     Harris-Foulkes estimate   =      -3.16390874 Ry
     estimated scf accuracy    <          5.8E-09 Ry

     The total energy is the sum of the following terms:

     one-electron contribution =      -3.85444389 Ry
     hartree contribution      =       2.10239340 Ry
     xc contribution           =      -1.68558407 Ry
     ewald contribution        =       0.27372813 Ry
     smearing contrib. (-TS)   =      -0.00000049 Ry

     total magnetization       =     1.00 Bohr mag/cell
     absolute magnetization    =     1.36 Bohr mag/cell

     convergence has been achieved in   1 iterations

     Writing output data file h3.save/

     Forces acting on atoms (cartesian axes, Ry/au):

     atom    1 type  1   force =     0.08308263    0.00000000    0.00000000
     atom    2 type  1   force =     0.00000000    0.00000000    0.00000000
     atom    3 type  1   force =    -0.08308263    0.00000000    0.00000000
     The non-local contrib.  to forces
     atom    1 type  1   force =     0.00910971    0.00000000    0.00000000
     atom    2 type  1   force =     0.00000000    0.00000000    0.00000000
     atom    3 type  1   force =    -0.00910971    0.00000000    0.00000000
     The ionic contribution  to forces
     atom    1 type  1   force =    -0.35687792    0.00000000   -0.00000000
     atom    2 type  1   force =     0.00000000   -0.00000000   -0.00000000
     atom    3 type  1   force =     0.35687792   -0.00000000   -0.00000000
     The local contribution  to forces
     atom    1 type  1   force =     0.43086369   -0.00000000    0.00000000
     atom    2 type  1   force =    -0.00000000    0.00000000    0.00000000
     atom    3 type  1   force =    -0.43086369   -0.00000000    0.00000000
     The core correction contribution to forces
     atom    1 type  1   force =     0.00000000    0.00000000    0.00000000
     atom    2 type  1   force =     0.00000000    0.00000000    0.00000000
     atom    3 type  1   force =     0.00000000    0.00000000    0.00000000
     The Hubbard contrib.    to forces
     atom    1 type  1   force =     0.00000000    0.00000000    0.00000000
     atom    2 type  1   force =     0.00000000    0.00000000    0.00000000
     atom    3 type  1   force =     0.00000000    0.00000000    0.00000000
     The SCF correction term to forces
     atom    1 type  1   force =    -0.00000000   -0.00000000    0.00000000
     atom    2 type  1   force =     0.00000000   -0.00000000    0.00000000
     atom    3 type  1   force =     0.00000000   -0.00000000    0.00000000

     Total force =     0.000000     Total SCF correction =     0.000000

     coordinates at iteration   3


ATOMIC_POSITIONS (angstrom)
H        0.000000000   0.000000000   0.000000000    0   0   0
H        1.500000000   0.000000000   0.000000000
H        3.000000000   0.000000000   0.000000000    0   0   0



     G-vector sticks info
     --------------------
     sticks:   dense  smooth     PW     G-vecs:    dense   smooth      PW
     Sum        1703    1359    337                34165    24401    3057



     bravais-lattice index     =            0
     lattice parameter (alat)  =      22.6767  a.u.
     unit-cell volume          =    2024.5037 (a.u.)^3
     number of atoms/cell      =            3
     number of atomic types    =            1
     number of electrons       =         3.00
     number of Kohn-Sham states=            6
     kinetic-energy cutoff     =      20.0000  Ry
     charge density cutoff     =     100.0000  Ry
     convergence threshold     =      1.0E-08
     mixing beta               =       0.3000
     number of iterations used =            8  plain     mixing
     Exchange-correlation      = PBE ( 1  4  3  4 0 0)
     nstep                     =           50


     celldm(1)=  22.676714  celldm(2)=   0.000000  celldm(3)=   0.000000
     celldm(4)=   0.000000  celldm(5)=   0.000000  celldm(6)=   0.000000

     crystal axes: (cart. coord. in units of alat)
               a(1) = (   1.000000   0.000000   0.000000 )  
               a(2) = (   0.000000   0.416667   0.000000 )  
               a(3) = (   0.000000   0.000000   0.416667 )  

     reciprocal axes: (cart. coord. in units 2 pi/alat)
               b(1) = (  1.000000  0.000000  0.000000 )  
               b(2) = (  0.000000  2.399998  0.000000 )  
               b(3) = (  0.000000  0.000000  2.399998 )  


     PseudoPot. # 1 for H  read from file:
     /home/xing/datas/pseudo/H.pbe-rrkjus_psl.1.0.0.UPF
     MD5 check sum: 3f4114867bd07edc7f1424d066fc1888
     Pseudo is Ultrasoft, Zval =  1.0
     Generated using "atomic" code by A. Dal Corso v.6.3MaX
     Using radial grid of  929 points,  2 beta functions with: 
                l(1) =   0
                l(2) =   0
     Q(r) pseudized with 0 coefficients 


     atomic species   valence    mass     pseudopotential
        H              1.00     1.00800     H ( 1.00)

     Starting magnetic structure 
     atomic species   magnetization
        H            0.500

     16 Sym. Ops., with inversion, found ( 8 have fractional translation)


                                    s                        frac. trans.

      isym =  1     identity                                     

 cryst.   s( 1) = (     1          0          0      )
                  (     0          1          0      )
                  (     0          0          1      )

 cart.    s( 1) = (  1.0000000  0.0000000  0.0000000 )
                  (  0.0000000  1.0000000  0.0000000 )
                  (  0.0000000  0.0000000  1.0000000 )


      isym =  2     180 deg rotation - cart. axis [0,0,1]        

 cryst.   s( 2) = (    -1          0          0      )    f =( -0.2500000 )
                  (     0         -1          0      )       (  0.0000000 )
                  (     0          0          1      )       (  0.0000000 )

 cart.    s( 2) = ( -1.0000000  0.0000000  0.0000000 )    f =( -0.2500000 )
                  (  0.0000000 -1.0000000  0.0000000 )       (  0.0000000 )
                  (  0.0000000  0.0000000  1.0000000 )       (  0.0000000 )


      isym =  3     180 deg rotation - cart. axis [0,1,0]        

 cryst.   s( 3) = (    -1          0          0      )    f =( -0.2500000 )
                  (     0          1          0      )       (  0.0000000 )
                  (     0          0         -1      )       (  0.0000000 )

 cart.    s( 3) = ( -1.0000000  0.0000000  0.0000000 )    f =( -0.2500000 )
                  (  0.0000000  1.0000000  0.0000000 )       (  0.0000000 )
                  (  0.0000000  0.0000000 -1.0000000 )       (  0.0000000 )


      isym =  4     180 deg rotation - cart. axis [1,0,0]        

 cryst.   s( 4) = (     1          0          0      )
                  (     0         -1          0      )
                  (     0          0         -1      )

 cart.    s( 4) = (  1.0000000  0.0000000  0.0000000 )
                  (  0.0000000 -1.0000000  0.0000000 )
                  (  0.0000000  0.0000000 -1.0000000 )


      isym =  5     180 deg rotation - cart. axis [0,1,1]        

 cryst.   s( 5) = (    -1          0          0      )    f =( -0.2500000 )
                  (     0          0          1      )       (  0.0000000 )
                  (     0          1          0      )       (  0.0000000 )

 cart.    s( 5) = ( -1.0000000  0.0000000  0.0000000 )    f =( -0.2500000 )
                  (  0.0000000  0.0000000  1.0000000 )       (  0.0000000 )
                  (  0.0000000  1.0000000  0.0000000 )       (  0.0000000 )


      isym =  6     180 deg rotation - cart. axis [0,1,-1]       

 cryst.   s( 6) = (    -1          0          0      )    f =( -0.2500000 )
                  (     0          0         -1      )       (  0.0000000 )
                  (     0         -1          0      )       (  0.0000000 )

 cart.    s( 6) = ( -1.0000000  0.0000000  0.0000000 )    f =( -0.2500000 )
                  (  0.0000000  0.0000000 -1.0000000 )       (  0.0000000 )
                  (  0.0000000 -1.0000000  0.0000000 )       (  0.0000000 )


      isym =  7      90 deg rotation - cart. axis [-1,0,0]       

 cryst.   s( 7) = (     1          0          0      )
                  (     0          0         -1      )
                  (     0          1          0      )

 cart.    s( 7) = (  1.0000000  0.0000000  0.0000000 )
                  (  0.0000000  0.0000000  1.0000000 )
                  (  0.0000000 -1.0000000  0.0000000 )


      isym =  8      90 deg rotation - cart. axis [1,0,0]        

 cryst.   s( 8) = (     1          0          0      )
                  (     0          0          1      )
                  (     0         -1          0      )

 cart.    s( 8) = (  1.0000000  0.0000000  0.0000000 )
                  (  0.0000000  0.0000000 -1.0000000 )
                  (  0.0000000  1.0000000  0.0000000 )


      isym =  9     inversion                                    

 cryst.   s( 9) = (    -1          0          0      )    f =( -0.2500000 )
                  (     0         -1          0      )       (  0.0000000 )
                  (     0          0         -1      )       (  0.0000000 )

 cart.    s( 9) = ( -1.0000000  0.0000000  0.0000000 )    f =( -0.2500000 )
                  (  0.0000000 -1.0000000  0.0000000 )       (  0.0000000 )
                  (  0.0000000  0.0000000 -1.0000000 )       (  0.0000000 )


      isym = 10     inv. 180 deg rotation - cart. axis [0,0,1]   

 cryst.   s(10) = (     1          0          0      )
                  (     0          1          0      )
                  (     0          0         -1      )

 cart.    s(10) = (  1.0000000  0.0000000  0.0000000 )
                  (  0.0000000  1.0000000  0.0000000 )
                  (  0.0000000  0.0000000 -1.0000000 )


      isym = 11     inv. 180 deg rotation - cart. axis [0,1,0]   

 cryst.   s(11) = (     1          0          0      )
                  (     0         -1          0      )
                  (     0          0          1      )

 cart.    s(11) = (  1.0000000  0.0000000  0.0000000 )
                  (  0.0000000 -1.0000000  0.0000000 )
                  (  0.0000000  0.0000000  1.0000000 )


      isym = 12     inv. 180 deg rotation - cart. axis [1,0,0]   

 cryst.   s(12) = (    -1          0          0      )    f =( -0.2500000 )
                  (     0          1          0      )       (  0.0000000 )
                  (     0          0          1      )       (  0.0000000 )

 cart.    s(12) = ( -1.0000000  0.0000000  0.0000000 )    f =( -0.2500000 )
                  (  0.0000000  1.0000000  0.0000000 )       (  0.0000000 )
                  (  0.0000000  0.0000000  1.0000000 )       (  0.0000000 )


      isym = 13     inv. 180 deg rotation - cart. axis [0,1,1]   

 cryst.   s(13) = (     1          0          0      )
                  (     0          0         -1      )
                  (     0         -1          0      )

 cart.    s(13) = (  1.0000000  0.0000000  0.0000000 )
                  (  0.0000000  0.0000000 -1.0000000 )
                  (  0.0000000 -1.0000000  0.0000000 )


      isym = 14     inv. 180 deg rotation - cart. axis [0,1,-1]  

 cryst.   s(14) = (     1          0          0      )
                  (     0          0          1      )
                  (     0          1          0      )

 cart.    s(14) = (  1.0000000  0.0000000  0.0000000 )
                  (  0.0000000  0.0000000  1.0000000 )
                  (  0.0000000  1.0000000  0.0000000 )


      isym = 15     inv.  90 deg rotation - cart. axis [-1,0,0]  

 cryst.   s(15) = (    -1          0          0      )    f =( -0.2500000 )
                  (     0          0          1      )       (  0.0000000 )
                  (     0         -1          0      )       (  0.0000000 )

 cart.    s(15) = ( -1.0000000  0.0000000  0.0000000 )    f =( -0.2500000 )
                  (  0.0000000  0.0000000 -1.0000000 )       (  0.0000000 )
                  (  0.0000000  1.0000000  0.0000000 )       (  0.0000000 )


      isym = 16     inv.  90 deg rotation - cart. axis [1,0,0]   

 cryst.   s(16) = (    -1          0          0      )    f =( -0.2500000 )
                  (     0          0         -1      )       (  0.0000000 )
                  (     0          1          0      )       (  0.0000000 )

 cart.    s(16) = ( -1.0000000  0.0000000  0.0000000 )    f =( -0.2500000 )
                  (  0.0000000  0.0000000  1.0000000 )       (  0.0000000 )
                  (  0.0000000 -1.0000000  0.0000000 )       (  0.0000000 )


   Cartesian axes

     site n.     atom                  positions (alat units)
         1           H   tau(   1) = (   0.0000000   0.0000000   0.0000000  )
         2           H   tau(   2) = (   0.1250000   0.0000000   0.0000000  )
         3           H   tau(   3) = (   0.2500000   0.0000000   0.0000000  )

   Crystallographic axes

     site n.     atom                  positions (cryst. coord.)
         1           H   tau(   1) = (  0.0000000  0.0000000  0.0000000  )
         2           H   tau(   2) = (  0.1250000  0.0000000  0.0000000  )
         3           H   tau(   3) = (  0.2500000  0.0000000  0.0000000  )

     number of k points=     1  gaussian smearing, width (Ry)=  0.0300
                       cart. coord. in units 2pi/alat
        k(    1) = (   0.0000000   0.0000000   0.0000000), wk =   1.0000000

                       cryst. coord.
        k(    1) = (   0.0000000   0.0000000   0.0000000), wk =   1.0000000

     Dense  grid:    34165 G-vectors     FFT dimensions: (  80,  32,  32)

     Smooth grid:    24401 G-vectors     FFT dimensions: (  72,  27,  27)

     Dynamical RAM for                 wfc:       0.28 MB

     Dynamical RAM for     wfc (w. buffer):       0.84 MB

     Dynamical RAM for           str. fact:       0.52 MB

     Dynamical RAM for           local pot:       0.02 MB

     Dynamical RAM for          nlocal pot:       0.28 MB

     Dynamical RAM for                qrad:       0.08 MB

     Dynamical RAM for          rho,v,vnew:       6.88 MB

     Dynamical RAM for               rhoin:       2.29 MB

     Dynamical RAM for            rho*nmix:      16.68 MB

     Dynamical RAM for           G-vectors:       2.14 MB

     Dynamical RAM for          h,s,v(r/c):       0.03 MB

     Dynamical RAM for          <psi|beta>:       0.00 MB

     Dynamical RAM for                 psi:       1.12 MB

     Dynamical RAM for                hpsi:       1.12 MB

     Dynamical RAM for                spsi:       1.12 MB

     Dynamical RAM for      wfcinit/wfcrot:       0.56 MB

     Dynamical RAM for           addusdens:       5.21 MB

     Dynamical RAM for          addusforce:       7.30 MB

     Estimated static dynamical RAM per process >      34.53 MB

     Estimated max dynamical RAM per process >      41.83 MB
     Generating pointlists ...

     The initial density is read from file :
     ./h3_4/h3.save/charge-density


     negative rho (up, down):  4.315E-03 1.706E-01
     Starting wfcs from file
     NEW-OLD atomic charge density approx. for the potential

     negative rho (up, down):  4.315E-03 1.091E-01

     total cpu time spent up to now is       74.1 secs

     Self-consistent Calculation

     iteration #  1     ecut=    20.00 Ry     beta= 0.30
     Davidson diagonalization with overlap
     ethr =  1.00E-05,  avg # of iterations =  1.0

     Threshold (ethr) on eigenvalues was too large:
     Diagonalizing with lowered threshold

     Davidson diagonalization with overlap
     ethr =  1.81E-10,  avg # of iterations =  1.0

     negative rho (up, down):  4.315E-03 1.706E-01

     Magnetic moment per site:
     atom:    1    charge:    0.1225    magn:    0.0836    constr:    0.0000
     atom:    2    charge:    0.1199    magn:   -0.0341    constr:    0.0000
     atom:    3    charge:    0.1225    magn:    0.0836    constr:    0.0000

     total cpu time spent up to now is       74.5 secs

     End of self-consistent calculation

 ------ SPIN UP ------------


          k = 0.0000 0.0000 0.0000 (  3057 PWs)   bands (ev):

    -9.2193  -7.0616  -1.9917  -0.4447   0.1784   0.5659

     occupation numbers 
     1.0000   1.0000   0.0000   0.0000   0.0000   0.0000

 ------ SPIN DOWN ----------


          k = 0.0000 0.0000 0.0000 (  3057 PWs)   bands (ev):

    -8.4039  -4.4224  -1.2522   0.2149   0.8437   0.9937

     occupation numbers 
     1.0000   0.0000   0.0000   0.0000   0.0000   0.0000

     the Fermi energy is    -5.7420 ev

!    total energy              =      -3.16390691 Ry
     Harris-Foulkes estimate   =      -3.16390874 Ry
     estimated scf accuracy    <          5.7E-09 Ry

     The total energy is the sum of the following terms:

     one-electron contribution =      -3.85440246 Ry
     hartree contribution      =       2.10233858 Ry
     xc contribution           =      -1.68557067 Ry
     ewald contribution        =       0.27372813 Ry
     smearing contrib. (-TS)   =      -0.00000049 Ry

     total magnetization       =     1.00 Bohr mag/cell
     absolute magnetization    =     1.36 Bohr mag/cell

     convergence has been achieved in   1 iterations

     Writing output data file h3.save/

     Forces acting on atoms (cartesian axes, Ry/au):

     atom    1 type  1   force =     0.08307838    0.00000000    0.00000000
     atom    2 type  1   force =     0.00000000    0.00000000    0.00000000
     atom    3 type  1   force =    -0.08307838   -0.00000000    0.00000000
     The non-local contrib.  to forces
     atom    1 type  1   force =     0.00910899    0.00000000    0.00000000
     atom    2 type  1   force =     0.00000000    0.00000000    0.00000000
     atom    3 type  1   force =    -0.00910899    0.00000000    0.00000000
     The ionic contribution  to forces
     atom    1 type  1   force =    -0.35687792    0.00000000   -0.00000000
     atom    2 type  1   force =     0.00000000   -0.00000000   -0.00000000
     atom    3 type  1   force =     0.35687792   -0.00000000   -0.00000000
     The local contribution  to forces
     atom    1 type  1   force =     0.43083625    0.00000000    0.00000000
     atom    2 type  1   force =    -0.00000000    0.00000000    0.00000000
     atom    3 type  1   force =    -0.43083625   -0.00000000    0.00000000
     The core correction contribution to forces
     atom    1 type  1   force =     0.00000000    0.00000000    0.00000000
     atom    2 type  1   force =     0.00000000    0.00000000    0.00000000
     atom    3 type  1   force =     0.00000000    0.00000000    0.00000000
     The Hubbard contrib.    to forces
     atom    1 type  1   force =     0.00000000    0.00000000    0.00000000
     atom    2 type  1   force =     0.00000000    0.00000000    0.00000000
     atom    3 type  1   force =     0.00000000    0.00000000    0.00000000
     The SCF correction term to forces
     atom    1 type  1   force =     0.00000000    0.00000000    0.00000000
     atom    2 type  1   force =     0.00000000    0.00000000    0.00000000
     atom    3 type  1   force =    -0.00000000   -0.00000000    0.00000000

     Total force =     0.000000     Total SCF correction =     0.000000

     coordinates at iteration   4


ATOMIC_POSITIONS (angstrom)
H        0.000000000   0.000000000   0.000000000    0   0   0
H        1.500000000   0.000000000   0.000000000
H        3.000000000   0.000000000   0.000000000    0   0   0



     G-vector sticks info
     --------------------
     sticks:   dense  smooth     PW     G-vecs:    dense   smooth      PW
     Sum        1703    1359    337                34165    24401    3057



     bravais-lattice index     =            0
     lattice parameter (alat)  =      22.6767  a.u.
     unit-cell volume          =    2024.5037 (a.u.)^3
     number of atoms/cell      =            3
     number of atomic types    =            1
     number of electrons       =         3.00
     number of Kohn-Sham states=            6
     kinetic-energy cutoff     =      20.0000  Ry
     charge density cutoff     =     100.0000  Ry
     convergence threshold     =      1.0E-08
     mixing beta               =       0.3000
     number of iterations used =            8  plain     mixing
     Exchange-correlation      = PBE ( 1  4  3  4 0 0)
     nstep                     =           50


     celldm(1)=  22.676714  celldm(2)=   0.000000  celldm(3)=   0.000000
     celldm(4)=   0.000000  celldm(5)=   0.000000  celldm(6)=   0.000000

     crystal axes: (cart. coord. in units of alat)
               a(1) = (   1.000000   0.000000   0.000000 )  
               a(2) = (   0.000000   0.416667   0.000000 )  
               a(3) = (   0.000000   0.000000   0.416667 )  

     reciprocal axes: (cart. coord. in units 2 pi/alat)
               b(1) = (  1.000000  0.000000  0.000000 )  
               b(2) = (  0.000000  2.399998  0.000000 )  
               b(3) = (  0.000000  0.000000  2.399998 )  


     PseudoPot. # 1 for H  read from file:
     /home/xing/datas/pseudo/H.pbe-rrkjus_psl.1.0.0.UPF
     MD5 check sum: 3f4114867bd07edc7f1424d066fc1888
     Pseudo is Ultrasoft, Zval =  1.0
     Generated using "atomic" code by A. Dal Corso v.6.3MaX
     Using radial grid of  929 points,  2 beta functions with: 
                l(1) =   0
                l(2) =   0
     Q(r) pseudized with 0 coefficients 


     atomic species   valence    mass     pseudopotential
        H              1.00     1.00800     H ( 1.00)

     Starting magnetic structure 
     atomic species   magnetization
        H            0.500

     16 Sym. Ops., with inversion, found ( 8 have fractional translation)


                                    s                        frac. trans.

      isym =  1     identity                                     

 cryst.   s( 1) = (     1          0          0      )
                  (     0          1          0      )
                  (     0          0          1      )

 cart.    s( 1) = (  1.0000000  0.0000000  0.0000000 )
                  (  0.0000000  1.0000000  0.0000000 )
                  (  0.0000000  0.0000000  1.0000000 )


      isym =  2     180 deg rotation - cart. axis [0,0,1]        

 cryst.   s( 2) = (    -1          0          0      )    f =( -0.2500000 )
                  (     0         -1          0      )       (  0.0000000 )
                  (     0          0          1      )       (  0.0000000 )

 cart.    s( 2) = ( -1.0000000  0.0000000  0.0000000 )    f =( -0.2500000 )
                  (  0.0000000 -1.0000000  0.0000000 )       (  0.0000000 )
                  (  0.0000000  0.0000000  1.0000000 )       (  0.0000000 )


      isym =  3     180 deg rotation - cart. axis [0,1,0]        

 cryst.   s( 3) = (    -1          0          0      )    f =( -0.2500000 )
                  (     0          1          0      )       (  0.0000000 )
                  (     0          0         -1      )       (  0.0000000 )

 cart.    s( 3) = ( -1.0000000  0.0000000  0.0000000 )    f =( -0.2500000 )
                  (  0.0000000  1.0000000  0.0000000 )       (  0.0000000 )
                  (  0.0000000  0.0000000 -1.0000000 )       (  0.0000000 )


      isym =  4     180 deg rotation - cart. axis [1,0,0]        

 cryst.   s( 4) = (     1          0          0      )
                  (     0         -1          0      )
                  (     0          0         -1      )

 cart.    s( 4) = (  1.0000000  0.0000000  0.0000000 )
                  (  0.0000000 -1.0000000  0.0000000 )
                  (  0.0000000  0.0000000 -1.0000000 )


      isym =  5     180 deg rotation - cart. axis [0,1,1]        

 cryst.   s( 5) = (    -1          0          0      )    f =( -0.2500000 )
                  (     0          0          1      )       (  0.0000000 )
                  (     0          1          0      )       (  0.0000000 )

 cart.    s( 5) = ( -1.0000000  0.0000000  0.0000000 )    f =( -0.2500000 )
                  (  0.0000000  0.0000000  1.0000000 )       (  0.0000000 )
                  (  0.0000000  1.0000000  0.0000000 )       (  0.0000000 )


      isym =  6     180 deg rotation - cart. axis [0,1,-1]       

 cryst.   s( 6) = (    -1          0          0      )    f =( -0.2500000 )
                  (     0          0         -1      )       (  0.0000000 )
                  (     0         -1          0      )       (  0.0000000 )

 cart.    s( 6) = ( -1.0000000  0.0000000  0.0000000 )    f =( -0.2500000 )
                  (  0.0000000  0.0000000 -1.0000000 )       (  0.0000000 )
                  (  0.0000000 -1.0000000  0.0000000 )       (  0.0000000 )


      isym =  7      90 deg rotation - cart. axis [-1,0,0]       

 cryst.   s( 7) = (     1          0          0      )
                  (     0          0         -1      )
                  (     0          1          0      )

 cart.    s( 7) = (  1.0000000  0.0000000  0.0000000 )
                  (  0.0000000  0.0000000  1.0000000 )
                  (  0.0000000 -1.0000000  0.0000000 )


      isym =  8      90 deg rotation - cart. axis [1,0,0]        

 cryst.   s( 8) = (     1          0          0      )
                  (     0          0          1      )
                  (     0         -1          0      )

 cart.    s( 8) = (  1.0000000  0.0000000  0.0000000 )
                  (  0.0000000  0.0000000 -1.0000000 )
                  (  0.0000000  1.0000000  0.0000000 )


      isym =  9     inversion                                    

 cryst.   s( 9) = (    -1          0          0      )    f =( -0.2500000 )
                  (     0         -1          0      )       (  0.0000000 )
                  (     0          0         -1      )       (  0.0000000 )

 cart.    s( 9) = ( -1.0000000  0.0000000  0.0000000 )    f =( -0.2500000 )
                  (  0.0000000 -1.0000000  0.0000000 )       (  0.0000000 )
                  (  0.0000000  0.0000000 -1.0000000 )       (  0.0000000 )


      isym = 10     inv. 180 deg rotation - cart. axis [0,0,1]   

 cryst.   s(10) = (     1          0          0      )
                  (     0          1          0      )
                  (     0          0         -1      )

 cart.    s(10) = (  1.0000000  0.0000000  0.0000000 )
                  (  0.0000000  1.0000000  0.0000000 )
                  (  0.0000000  0.0000000 -1.0000000 )


      isym = 11     inv. 180 deg rotation - cart. axis [0,1,0]   

 cryst.   s(11) = (     1          0          0      )
                  (     0         -1          0      )
                  (     0          0          1      )

 cart.    s(11) = (  1.0000000  0.0000000  0.0000000 )
                  (  0.0000000 -1.0000000  0.0000000 )
                  (  0.0000000  0.0000000  1.0000000 )


      isym = 12     inv. 180 deg rotation - cart. axis [1,0,0]   

 cryst.   s(12) = (    -1          0          0      )    f =( -0.2500000 )
                  (     0          1          0      )       (  0.0000000 )
                  (     0          0          1      )       (  0.0000000 )

 cart.    s(12) = ( -1.0000000  0.0000000  0.0000000 )    f =( -0.2500000 )
                  (  0.0000000  1.0000000  0.0000000 )       (  0.0000000 )
                  (  0.0000000  0.0000000  1.0000000 )       (  0.0000000 )


      isym = 13     inv. 180 deg rotation - cart. axis [0,1,1]   

 cryst.   s(13) = (     1          0          0      )
                  (     0          0         -1      )
                  (     0         -1          0      )

 cart.    s(13) = (  1.0000000  0.0000000  0.0000000 )
                  (  0.0000000  0.0000000 -1.0000000 )
                  (  0.0000000 -1.0000000  0.0000000 )


      isym = 14     inv. 180 deg rotation - cart. axis [0,1,-1]  

 cryst.   s(14) = (     1          0          0      )
                  (     0          0          1      )
                  (     0          1          0      )

 cart.    s(14) = (  1.0000000  0.0000000  0.0000000 )
                  (  0.0000000  0.0000000  1.0000000 )
                  (  0.0000000  1.0000000  0.0000000 )


      isym = 15     inv.  90 deg rotation - cart. axis [-1,0,0]  

 cryst.   s(15) = (    -1          0          0      )    f =( -0.2500000 )
                  (     0          0          1      )       (  0.0000000 )
                  (     0         -1          0      )       (  0.0000000 )

 cart.    s(15) = ( -1.0000000  0.0000000  0.0000000 )    f =( -0.2500000 )
                  (  0.0000000  0.0000000 -1.0000000 )       (  0.0000000 )
                  (  0.0000000  1.0000000  0.0000000 )       (  0.0000000 )


      isym = 16     inv.  90 deg rotation - cart. axis [1,0,0]   

 cryst.   s(16) = (    -1          0          0      )    f =( -0.2500000 )
                  (     0          0         -1      )       (  0.0000000 )
                  (     0          1          0      )       (  0.0000000 )

 cart.    s(16) = ( -1.0000000  0.0000000  0.0000000 )    f =( -0.2500000 )
                  (  0.0000000  0.0000000  1.0000000 )       (  0.0000000 )
                  (  0.0000000 -1.0000000  0.0000000 )       (  0.0000000 )


   Cartesian axes

     site n.     atom                  positions (alat units)
         1           H   tau(   1) = (   0.0000000   0.0000000   0.0000000  )
         2           H   tau(   2) = (   0.1250000   0.0000000   0.0000000  )
         3           H   tau(   3) = (   0.2500000   0.0000000   0.0000000  )

   Crystallographic axes

     site n.     atom                  positions (cryst. coord.)
         1           H   tau(   1) = (  0.0000000  0.0000000  0.0000000  )
         2           H   tau(   2) = (  0.1250000  0.0000000  0.0000000  )
         3           H   tau(   3) = (  0.2500000  0.0000000  0.0000000  )

     number of k points=     1  gaussian smearing, width (Ry)=  0.0300
                       cart. coord. in units 2pi/alat
        k(    1) = (   0.0000000   0.0000000   0.0000000), wk =   1.0000000

                       cryst. coord.
        k(    1) = (   0.0000000   0.0000000   0.0000000), wk =   1.0000000

     Dense  grid:    34165 G-vectors     FFT dimensions: (  80,  32,  32)

     Smooth grid:    24401 G-vectors     FFT dimensions: (  72,  27,  27)

     Dynamical RAM for                 wfc:       0.28 MB

     Dynamical RAM for     wfc (w. buffer):       0.84 MB

     Dynamical RAM for           str. fact:       0.52 MB

     Dynamical RAM for           local pot:       0.02 MB

     Dynamical RAM for          nlocal pot:       0.28 MB

     Dynamical RAM for                qrad:       0.08 MB

     Dynamical RAM for          rho,v,vnew:       6.88 MB

     Dynamical RAM for               rhoin:       2.29 MB

     Dynamical RAM for            rho*nmix:      16.68 MB

     Dynamical RAM for           G-vectors:       2.14 MB

     Dynamical RAM for          h,s,v(r/c):       0.03 MB

     Dynamical RAM for          <psi|beta>:       0.00 MB

     Dynamical RAM for                 psi:       1.12 MB

     Dynamical RAM for                hpsi:       1.12 MB

     Dynamical RAM for                spsi:       1.12 MB

     Dynamical RAM for      wfcinit/wfcrot:       0.56 MB

     Dynamical RAM for           addusdens:       5.21 MB

     Dynamical RAM for          addusforce:       7.30 MB

     Estimated static dynamical RAM per process >      34.53 MB

     Estimated max dynamical RAM per process >      41.83 MB
     Generating pointlists ...

     The initial density is read from file :
     ./h3_4/h3.save/charge-density


     negative rho (up, down):  4.315E-03 1.706E-01
     Starting wfcs from file
     NEW-OLD atomic charge density approx. for the potential

     negative rho (up, down):  4.315E-03 1.091E-01

     total cpu time spent up to now is       88.4 secs

     Self-consistent Calculation

     iteration #  1     ecut=    20.00 Ry     beta= 0.30
     Davidson diagonalization with overlap
     ethr =  1.00E-05,  avg # of iterations =  1.0

     Threshold (ethr) on eigenvalues was too large:
     Diagonalizing with lowered threshold

     Davidson diagonalization with overlap
     ethr =  1.79E-10,  avg # of iterations =  1.0

     negative rho (up, down):  4.315E-03 1.706E-01

     Magnetic moment per site:
     atom:    1    charge:    0.1225    magn:    0.0836    constr:    0.0000
     atom:    2    charge:    0.1199    magn:   -0.0341    constr:    0.0000
     atom:    3    charge:    0.1225    magn:    0.0836    constr:    0.0000

     total cpu time spent up to now is       88.8 secs

     End of self-consistent calculation

 ------ SPIN UP ------------


          k = 0.0000 0.0000 0.0000 (  3057 PWs)   bands (ev):

    -9.2195  -7.0616  -1.9919  -0.4447   0.1784   0.5659

     occupation numbers 
     1.0000   1.0000   0.0000   0.0000   0.0000   0.0000

 ------ SPIN DOWN ----------


          k = 0.0000 0.0000 0.0000 (  3057 PWs)   bands (ev):

    -8.4044  -4.4225  -1.2523   0.2149   0.8436   0.9936

     occupation numbers 
     1.0000   0.0000   0.0000   0.0000   0.0000   0.0000

     the Fermi energy is    -5.7421 ev

!    total energy              =      -3.16390691 Ry
     Harris-Foulkes estimate   =      -3.16390874 Ry
     estimated scf accuracy    <          5.5E-09 Ry

     The total energy is the sum of the following terms:

     one-electron contribution =      -3.85444459 Ry
     hartree contribution      =       2.10238955 Ry
     xc contribution           =      -1.68557951 Ry
     ewald contribution        =       0.27372813 Ry
     smearing contrib. (-TS)   =      -0.00000049 Ry

     total magnetization       =     1.00 Bohr mag/cell
     absolute magnetization    =     1.36 Bohr mag/cell

     convergence has been achieved in   1 iterations

     Writing output data file h3.save/

     Forces acting on atoms (cartesian axes, Ry/au):

     atom    1 type  1   force =     0.08308323    0.00000000    0.00000000
     atom    2 type  1   force =     0.00000000    0.00000000    0.00000000
     atom    3 type  1   force =    -0.08308323   -0.00000000    0.00000000
     The non-local contrib.  to forces
     atom    1 type  1   force =     0.00910968    0.00000000    0.00000000
     atom    2 type  1   force =     0.00000000    0.00000000    0.00000000
     atom    3 type  1   force =    -0.00910968    0.00000000    0.00000000
     The ionic contribution  to forces
     atom    1 type  1   force =    -0.35687792    0.00000000   -0.00000000
     atom    2 type  1   force =     0.00000000   -0.00000000   -0.00000000
     atom    3 type  1   force =     0.35687792   -0.00000000   -0.00000000
     The local contribution  to forces
     atom    1 type  1   force =     0.43086286   -0.00000000    0.00000000
     atom    2 type  1   force =     0.00000000   -0.00000000    0.00000000
     atom    3 type  1   force =    -0.43086286   -0.00000000    0.00000000
     The core correction contribution to forces
     atom    1 type  1   force =     0.00000000    0.00000000    0.00000000
     atom    2 type  1   force =     0.00000000    0.00000000    0.00000000
     atom    3 type  1   force =     0.00000000    0.00000000    0.00000000
     The Hubbard contrib.    to forces
     atom    1 type  1   force =     0.00000000    0.00000000    0.00000000
     atom    2 type  1   force =     0.00000000    0.00000000    0.00000000
     atom    3 type  1   force =     0.00000000    0.00000000    0.00000000
     The SCF correction term to forces
     atom    1 type  1   force =    -0.00000000    0.00000000    0.00000000
     atom    2 type  1   force =     0.00000000   -0.00000000    0.00000000
     atom    3 type  1   force =     0.00000000    0.00000000    0.00000000

     Total force =     0.000000     Total SCF correction =     0.000000
